==1060627== Memcheck, a memory error detector
==1060627== Copyright (C) 2002-2017, and GNU GPL'd, by Julian Seward et al.
==1060627== Using Valgrind-3.18.1-42b08ed5bd-20211015 and LibVEX; rerun with -h for copyright info
==1060627== Command: ./minishell
==1060627== Parent PID: 1060592
==1060627== 
--1060627-- 
--1060627-- Valgrind options:
--1060627--    --leak-check=full
--1060627--    --show-leak-kinds=all
--1060627--    --track-origins=yes
--1060627--    --verbose
--1060627--    --track-fds=yes
--1060627--    --log-file=logs/diff_pipes.log
--1060627--    --suppressions=ignore_readline_leaks.supp
--1060627-- Contents of /proc/version:
--1060627--   Linux version 6.6.72-x64v3-t2-jammy-xanmod1 (root@fv-az1245-313) (gcc (Ubuntu 11.4.0-1ubuntu1~22.04) 11.4.0, GNU ld (GNU Binutils for Ubuntu) 2.38) #xanmod1 SMP PREEMPT_DYNAMIC Sat Jan 18 01:41:53 UTC 2025
--1060627-- 
--1060627-- Arch and hwcaps: AMD64, LittleEndian, amd64-cx16-lzcnt-rdtscp-sse3-ssse3-avx-avx2-bmi-f16c-rdrand-rdseed
--1060627-- Page sizes: currently 4096, max supported 4096
--1060627-- Valgrind library directory: /usr/libexec/valgrind
--1060627-- Reading syms from /home/imeulema/cursus/clean_minishell/minishell
--1060627-- Reading syms from /usr/lib/x86_64-linux-gnu/ld-linux-x86-64.so.2
--1060627--   Considering /usr/lib/debug/.build-id/ac/af96d7b1a6bad57b559d646233d5dc1a23257c.debug ..
--1060627--   .. build-id is valid
--1060627-- Reading syms from /usr/libexec/valgrind/memcheck-amd64-linux
--1060627--    object doesn't have a symbol table
--1060627--    object doesn't have a dynamic symbol table
--1060627-- Scheduler: using generic scheduler lock implementation.
--1060627-- Reading suppressions file: ignore_readline_leaks.supp
--1060627-- Reading suppressions file: /usr/libexec/valgrind/default.supp
==1060627== embedded gdbserver: reading from /tmp/vgdb-pipe-from-vgdb-to-1060627-by-imeulema-on-???
==1060627== embedded gdbserver: writing to   /tmp/vgdb-pipe-to-vgdb-from-1060627-by-imeulema-on-???
==1060627== embedded gdbserver: shared mem   /tmp/vgdb-pipe-shared-mem-vgdb-1060627-by-imeulema-on-???
==1060627== 
==1060627== TO CONTROL THIS PROCESS USING vgdb (which you probably
==1060627== don't want to do, unless you know exactly what you're doing,
==1060627== or are doing some strange experiment):
==1060627==   /usr/bin/vgdb --pid=1060627 ...command...
==1060627== 
==1060627== TO DEBUG THIS PROCESS USING GDB: start GDB like this
==1060627==   /path/to/gdb ./minishell
==1060627== and then give GDB the following command
==1060627==   target remote | /usr/bin/vgdb --pid=1060627
==1060627== --pid is optional if only one valgrind process is running
==1060627== 
--1060627-- REDIR: 0x402aa40 (ld-linux-x86-64.so.2:strlen) redirected to 0x580bcec2 (???)
--1060627-- REDIR: 0x402a810 (ld-linux-x86-64.so.2:index) redirected to 0x580bcedc (???)
--1060627-- Reading syms from /usr/libexec/valgrind/vgpreload_core-amd64-linux.so
--1060627--    object doesn't have a symbol table
--1060627-- Reading syms from /usr/libexec/valgrind/vgpreload_memcheck-amd64-linux.so
--1060627--    object doesn't have a symbol table
==1060627== WARNING: new redirection conflicts with existing -- ignoring it
--1060627--     old: 0x0402aa40 (strlen              ) R-> (0000.0) 0x580bcec2 ???
--1060627--     new: 0x0402aa40 (strlen              ) R-> (2007.0) 0x0484ee30 strlen
--1060627-- REDIR: 0x4027220 (ld-linux-x86-64.so.2:strcmp) redirected to 0x484fcd0 (strcmp)
--1060627-- REDIR: 0x402afa0 (ld-linux-x86-64.so.2:mempcpy) redirected to 0x4853840 (mempcpy)
--1060627-- Reading syms from /usr/lib/x86_64-linux-gnu/libreadline.so.8.1
--1060627--    object doesn't have a symbol table
--1060627-- Reading syms from /usr/lib/x86_64-linux-gnu/libc.so.6
--1060627--   Considering /usr/lib/debug/.build-id/4f/7b0c955c3d81d7cac1501a2498b69d1d82bfe7.debug ..
--1060627--   .. build-id is valid
==1060627== WARNING: new redirection conflicts with existing -- ignoring it
--1060627--     old: 0x0496dc60 (memalign            ) R-> (1011.0) 0x0484e080 memalign
--1060627--     new: 0x0496dc60 (memalign            ) R-> (1017.0) 0x0484e050 aligned_alloc
==1060627== WARNING: new redirection conflicts with existing -- ignoring it
--1060627--     old: 0x0496dc60 (memalign            ) R-> (1011.0) 0x0484e080 memalign
--1060627--     new: 0x0496dc60 (memalign            ) R-> (1017.0) 0x0484e020 aligned_alloc
==1060627== WARNING: new redirection conflicts with existing -- ignoring it
--1060627--     old: 0x0496dc60 (memalign            ) R-> (1011.0) 0x0484e080 memalign
--1060627--     new: 0x0496dc60 (memalign            ) R-> (1017.0) 0x0484e050 aligned_alloc
==1060627== WARNING: new redirection conflicts with existing -- ignoring it
--1060627--     old: 0x0496dc60 (memalign            ) R-> (1011.0) 0x0484e080 memalign
--1060627--     new: 0x0496dc60 (memalign            ) R-> (1017.0) 0x0484e020 aligned_alloc
--1060627-- Reading syms from /usr/lib/x86_64-linux-gnu/libtinfo.so.6.3
--1060627--    object doesn't have a symbol table
--1060627-- REDIR: 0x4970720 (libc.so.6:strnlen) redirected to 0x483f220 (_vgnU_ifunc_wrapper)
--1060627-- REDIR: 0x49709e0 (libc.so.6:strpbrk) redirected to 0x483f220 (_vgnU_ifunc_wrapper)
--1060627-- REDIR: 0x49702e0 (libc.so.6:strcmp) redirected to 0x483f220 (_vgnU_ifunc_wrapper)
--1060627-- REDIR: 0x498ecd0 (libc.so.6:wcsnlen) redirected to 0x483f220 (_vgnU_ifunc_wrapper)
--1060627-- REDIR: 0x49716d0 (libc.so.6:memset) redirected to 0x483f220 (_vgnU_ifunc_wrapper)
--1060627-- REDIR: 0x498d540 (libc.so.6:wcslen) redirected to 0x483f220 (_vgnU_ifunc_wrapper)
--1060627-- REDIR: 0x4971c10 (libc.so.6:memcpy@@GLIBC_2.14) redirected to 0x483f220 (_vgnU_ifunc_wrapper)
--1060627-- REDIR: 0x498d370 (libc.so.6:wcschr) redirected to 0x483f220 (_vgnU_ifunc_wrapper)
--1060627-- REDIR: 0x4970260 (libc.so.6:index) redirected to 0x483f220 (_vgnU_ifunc_wrapper)
--1060627-- REDIR: 0x4970960 (libc.so.6:rindex) redirected to 0x483f220 (_vgnU_ifunc_wrapper)
--1060627-- REDIR: 0x49715a0 (libc.so.6:memmove) redirected to 0x483f220 (_vgnU_ifunc_wrapper)
==1060627== Preferring higher priority redirection:
--1060627--     old: 0x04a68840 (__memcpy_avx_unalign) R-> (2018.0) 0x04850f90 __memcpy_avx_unaligned_erms
--1060627--     new: 0x04a68840 (__memcpy_avx_unalign) R-> (2018.1) 0x04852880 memmove
--1060627-- REDIR: 0x498d3f0 (libc.so.6:wcscmp) redirected to 0x483f220 (_vgnU_ifunc_wrapper)
--1060627-- REDIR: 0x49719e0 (libc.so.6:stpncpy) redirected to 0x483f220 (_vgnU_ifunc_wrapper)
--1060627-- REDIR: 0x498d9b0 (libc.so.6:wmemchr) redirected to 0x483f220 (_vgnU_ifunc_wrapper)
--1060627-- REDIR: 0x4970830 (libc.so.6:strncmp) redirected to 0x483f220 (_vgnU_ifunc_wrapper)
--1060627-- REDIR: 0x4971a70 (libc.so.6:strcasecmp) redirected to 0x483f220 (_vgnU_ifunc_wrapper)
--1060627-- REDIR: 0x4970420 (libc.so.6:strcspn) redirected to 0x483f220 (_vgnU_ifunc_wrapper)
--1060627-- REDIR: 0x498d470 (libc.so.6:wcscpy) redirected to 0x483f220 (_vgnU_ifunc_wrapper)
--1060627-- REDIR: 0x49701d0 (libc.so.6:strcat) redirected to 0x483f220 (_vgnU_ifunc_wrapper)
--1060627-- REDIR: 0x4971b60 (libc.so.6:strncasecmp_l) redirected to 0x483f220 (_vgnU_ifunc_wrapper)
--1060627-- REDIR: 0x4971480 (libc.so.6:bcmp) redirected to 0x483f220 (_vgnU_ifunc_wrapper)
--1060627-- REDIR: 0x4979570 (libc.so.6:memrchr) redirected to 0x483f220 (_vgnU_ifunc_wrapper)
--1060627-- REDIR: 0x4973010 (libc.so.6:strchrnul) redirected to 0x483f220 (_vgnU_ifunc_wrapper)
--1060627-- REDIR: 0x4970390 (libc.so.6:strcpy) redirected to 0x483f220 (_vgnU_ifunc_wrapper)
--1060627-- REDIR: 0x4971b10 (libc.so.6:strcasecmp_l) redirected to 0x483f220 (_vgnU_ifunc_wrapper)
--1060627-- REDIR: 0x49706a0 (libc.so.6:strlen) redirected to 0x483f220 (_vgnU_ifunc_wrapper)
--1060627-- REDIR: 0x49708d0 (libc.so.6:strncpy) redirected to 0x483f220 (_vgnU_ifunc_wrapper)
--1060627-- REDIR: 0x4971950 (libc.so.6:stpcpy) redirected to 0x483f220 (_vgnU_ifunc_wrapper)
--1060627-- REDIR: 0x49713f0 (libc.so.6:memchr) redirected to 0x483f220 (_vgnU_ifunc_wrapper)
--1060627-- REDIR: 0x4970b00 (libc.so.6:strspn) redirected to 0x483f220 (_vgnU_ifunc_wrapper)
--1060627-- REDIR: 0x49717d0 (libc.so.6:mempcpy) redirected to 0x483f220 (_vgnU_ifunc_wrapper)
--1060627-- REDIR: 0x4971ac0 (libc.so.6:strncasecmp) redirected to 0x483f220 (_vgnU_ifunc_wrapper)
--1060627-- REDIR: 0x4972f80 (libc.so.6:rawmemchr) redirected to 0x483f220 (_vgnU_ifunc_wrapper)
--1060627-- REDIR: 0x49707a0 (libc.so.6:strncat) redirected to 0x483f220 (_vgnU_ifunc_wrapper)
--1060627-- REDIR: 0x49fc2f0 (libc.so.6:__memcpy_chk) redirected to 0x483f220 (_vgnU_ifunc_wrapper)
--1060627-- REDIR: 0x4971310 (libc.so.6:strstr) redirected to 0x483f220 (_vgnU_ifunc_wrapper)
--1060627-- REDIR: 0x4a65690 (libc.so.6:__strrchr_avx2) redirected to 0x484e810 (rindex)
--1060627-- REDIR: 0x496d0a0 (libc.so.6:malloc) redirected to 0x4848820 (malloc)
--1060627-- REDIR: 0x496d3e0 (libc.so.6:free) redirected to 0x484b210 (free)
--1060627-- REDIR: 0x4a65860 (libc.so.6:__strlen_avx2) redirected to 0x484ed10 (strlen)
--1060627-- REDIR: 0x4a60e00 (libc.so.6:__strncmp_avx2) redirected to 0x484f3e0 (strncmp)
--1060627-- REDIR: 0x4a68840 (libc.so.6:__memcpy_avx_unaligned_erms) redirected to 0x4852880 (memmove)
--1060627-- REDIR: 0x4a65480 (libc.so.6:__strchrnul_avx2) redirected to 0x4853330 (strchrnul)
--1060627-- REDIR: 0x490d150 (libc.so.6:setenv) redirected to 0x48542d0 (setenv)
--1060627-- REDIR: 0x4a65200 (libc.so.6:__strchr_avx2) redirected to 0x484e9f0 (index)
--1060627-- REDIR: 0x496d740 (libc.so.6:realloc) redirected to 0x484dc50 (realloc)
--1060627-- REDIR: 0x4a68800 (libc.so.6:__mempcpy_avx_unaligned_erms) redirected to 0x4853440 (mempcpy)
--1060627-- REDIR: 0x4a609c0 (libc.so.6:__strcmp_avx2) redirected to 0x484fbd0 (strcmp)
--1060627-- REDIR: 0x496e520 (libc.so.6:calloc) redirected to 0x484d9d0 (calloc)
--1060627-- REDIR: 0x4a659e0 (libc.so.6:__strnlen_avx2) redirected to 0x484ecb0 (strnlen)
--1060627-- REDIR: 0x4a66d30 (libc.so.6:__strcpy_avx2) redirected to 0x484ee60 (strcpy)
--1060627-- REDIR: 0x4970fc0 (libc.so.6:__GI_strstr) redirected to 0x4853ae0 (__strstr_sse2)
--1060627-- REDIR: 0x4a68810 (libc.so.6:__memcpy_chk_avx_unaligned_erms) redirected to 0x4853940 (__memcpy_chk)
--1060627-- REDIR: 0x4a69000 (libc.so.6:__memset_avx2_unaligned_erms) redirected to 0x4852770 (memset)
--1060627-- REDIR: 0x4a670c0 (libc.so.6:__strncpy_avx2) redirected to 0x484efe0 (strncpy)
--1060627-- REDIR: 0x4a61340 (libc.so.6:__memchr_avx2) redirected to 0x484fd50 (memchr)
--1060627-- REDIR: 0x4a67a20 (libc.so.6:__stpcpy_avx2) redirected to 0x4852130 (stpcpy)
--1060627-- REDIR: 0x4a621b0 (libc.so.6:__strcasecmp_avx) redirected to 0x484f560 (strcasecmp)
--1060627-- REDIR: 0x4a63830 (libc.so.6:__strncasecmp_avx) redirected to 0x484f640 (strncasecmp)
--1060627-- REDIR: 0x4a61b00 (libc.so.6:__memcmp_avx2_movbe) redirected to 0x4852010 (bcmp)
==1060627== Conditional jump or move depends on uninitialised value(s)
==1060627==    at 0x40BCB4: check_paren_syntax (in /home/imeulema/cursus/clean_minishell/minishell)
==1060627==    by 0x40BAA1: check_parentheses (in /home/imeulema/cursus/clean_minishell/minishell)
==1060627==    by 0x40C1A1: valid_syntax (in /home/imeulema/cursus/clean_minishell/minishell)
==1060627==    by 0x4081BD: parse (in /home/imeulema/cursus/clean_minishell/minishell)
==1060627==    by 0x40149D: process_command (in /home/imeulema/cursus/clean_minishell/minishell)
==1060627==    by 0x4013CD: main (in /home/imeulema/cursus/clean_minishell/minishell)
==1060627==  Uninitialised value was created by a stack allocation
==1060627==    at 0x40BAD0: get_last_close (in /home/imeulema/cursus/clean_minishell/minishell)
==1060627== 
==1060635== 
==1060635== FILE DESCRIPTORS: 6 open (3 std) at exit.
==1060635== Open file descriptor 103: /usr/share/code/v8_context_snapshot.bin
==1060635==    <inherited from parent>
==1060635== 
==1060635== Open file descriptor 41: /home/imeulema/.config/Code/logs/20251010T135525/ptyhost.log
==1060635==    <inherited from parent>
==1060635== 
==1060635== Open file descriptor 3: /home/imeulema/cursus/clean_minishell/logs/diff_pipes.log
==1060635==    <inherited from parent>
==1060635== 
==1060635== 
==1060635== HEAP SUMMARY:
==1060635==     in use at exit: 208,224 bytes in 226 blocks
==1060635==   total heap usage: 547 allocs, 321 frees, 237,602 bytes allocated
==1060635== 
==1060635== Searching for pointers to 226 not-freed blocks
==1060635== Checked 249,224 bytes
==1060635== 
==1060635== 8 bytes in 1 blocks are still reachable in loss record 5 of 67
==1060635==    at 0x4848899: malloc (in /usr/libexec/valgrind/vgpreload_memcheck-amd64-linux.so)
==1060635==    by 0x405F0B: init_pids (in /home/imeulema/cursus/clean_minishell/minishell)
==1060635==    by 0x40599A: exec_pipe (in /home/imeulema/cursus/clean_minishell/minishell)
==1060635==    by 0x401612: exec_ast (in /home/imeulema/cursus/clean_minishell/minishell)
==1060635==    by 0x4014B5: process_command (in /home/imeulema/cursus/clean_minishell/minishell)
==1060635==    by 0x4013CD: main (in /home/imeulema/cursus/clean_minishell/minishell)
==1060635== 
==1060635== LEAK SUMMARY:
==1060635==    definitely lost: 0 bytes in 0 blocks
==1060635==    indirectly lost: 0 bytes in 0 blocks
==1060635==      possibly lost: 0 bytes in 0 blocks
==1060635==    still reachable: 8 bytes in 1 blocks
==1060635==         suppressed: 208,216 bytes in 225 blocks
==1060635== 
==1060635== ERROR SUMMARY: 4 errors from 1 contexts (suppressed: 0 from 0)
==1060635== 
==1060635== 4 errors in context 1 of 1:
==1060635== Conditional jump or move depends on uninitialised value(s)
==1060635==    at 0x40BCB4: check_paren_syntax (in /home/imeulema/cursus/clean_minishell/minishell)
==1060635==    by 0x40BAA1: check_parentheses (in /home/imeulema/cursus/clean_minishell/minishell)
==1060635==    by 0x40C1A1: valid_syntax (in /home/imeulema/cursus/clean_minishell/minishell)
==1060635==    by 0x4081BD: parse (in /home/imeulema/cursus/clean_minishell/minishell)
==1060635==    by 0x40149D: process_command (in /home/imeulema/cursus/clean_minishell/minishell)
==1060635==    by 0x4013CD: main (in /home/imeulema/cursus/clean_minishell/minishell)
==1060635==  Uninitialised value was created by a stack allocation
==1060635==    at 0x40BAD0: get_last_close (in /home/imeulema/cursus/clean_minishell/minishell)
==1060635== 
--1060635-- 
--1060635-- used_suppression:     62 ignore_readline_leaks ignore_readline_leaks.supp:3 suppressed: 204,147 bytes in 221 blocks
--1060635-- used_suppression:      4 ignore_rl_history_leaks ignore_readline_leaks.supp:10 suppressed: 4,069 bytes in 4 blocks
==1060635== 
==1060635== ERROR SUMMARY: 4 errors from 1 contexts (suppressed: 0 from 0)
==1060637== 
==1060637== FILE DESCRIPTORS: 6 open (3 std) at exit.
==1060637== Open file descriptor 103: /usr/share/code/v8_context_snapshot.bin
==1060637==    <inherited from parent>
==1060637== 
==1060637== Open file descriptor 41: /home/imeulema/.config/Code/logs/20251010T135525/ptyhost.log
==1060637==    <inherited from parent>
==1060637== 
==1060637== Open file descriptor 3: /home/imeulema/cursus/clean_minishell/logs/diff_pipes.log
==1060637==    <inherited from parent>
==1060637== 
==1060637== 
==1060637== HEAP SUMMARY:
==1060637==     in use at exit: 208,284 bytes in 229 blocks
==1060637==   total heap usage: 594 allocs, 365 frees, 238,710 bytes allocated
==1060637== 
==1060637== Searching for pointers to 229 not-freed blocks
==1060637== Checked 249,256 bytes
==1060637== 
==1060637== 8 bytes in 1 blocks are still reachable in loss record 4 of 67
==1060637==    at 0x4848899: malloc (in /usr/libexec/valgrind/vgpreload_memcheck-amd64-linux.so)
==1060637==    by 0x405F0B: init_pids (in /home/imeulema/cursus/clean_minishell/minishell)
==1060637==    by 0x40599A: exec_pipe (in /home/imeulema/cursus/clean_minishell/minishell)
==1060637==    by 0x401612: exec_ast (in /home/imeulema/cursus/clean_minishell/minishell)
==1060637==    by 0x4014B5: process_command (in /home/imeulema/cursus/clean_minishell/minishell)
==1060637==    by 0x4013CD: main (in /home/imeulema/cursus/clean_minishell/minishell)
==1060637== 
==1060637== LEAK SUMMARY:
==1060637==    definitely lost: 0 bytes in 0 blocks
==1060637==    indirectly lost: 0 bytes in 0 blocks
==1060637==      possibly lost: 0 bytes in 0 blocks
==1060637==    still reachable: 8 bytes in 1 blocks
==1060637==         suppressed: 208,276 bytes in 228 blocks
==1060637== 
==1060637== ERROR SUMMARY: 8 errors from 1 contexts (suppressed: 0 from 0)
==1060637== 
==1060637== 8 errors in context 1 of 1:
==1060637== Conditional jump or move depends on uninitialised value(s)
==1060637==    at 0x40BCB4: check_paren_syntax (in /home/imeulema/cursus/clean_minishell/minishell)
==1060637==    by 0x40BAA1: check_parentheses (in /home/imeulema/cursus/clean_minishell/minishell)
==1060637==    by 0x40C1A1: valid_syntax (in /home/imeulema/cursus/clean_minishell/minishell)
==1060637==    by 0x4081BD: parse (in /home/imeulema/cursus/clean_minishell/minishell)
==1060637==    by 0x40149D: process_command (in /home/imeulema/cursus/clean_minishell/minishell)
==1060637==    by 0x4013CD: main (in /home/imeulema/cursus/clean_minishell/minishell)
==1060637==  Uninitialised value was created by a stack allocation
==1060637==    at 0x40BAD0: get_last_close (in /home/imeulema/cursus/clean_minishell/minishell)
==1060637== 
--1060637-- 
--1060637-- used_suppression:     62 ignore_readline_leaks ignore_readline_leaks.supp:3 suppressed: 204,147 bytes in 221 blocks
--1060637-- used_suppression:      4 ignore_rl_history_leaks ignore_readline_leaks.supp:10 suppressed: 4,129 bytes in 7 blocks
==1060637== 
==1060637== ERROR SUMMARY: 8 errors from 1 contexts (suppressed: 0 from 0)
==1060641== 
==1060641== FILE DESCRIPTORS: 6 open (3 std) at exit.
==1060641== Open file descriptor 103: /usr/share/code/v8_context_snapshot.bin
==1060641==    <inherited from parent>
==1060641== 
==1060641== Open file descriptor 41: /home/imeulema/.config/Code/logs/20251010T135525/ptyhost.log
==1060641==    <inherited from parent>
==1060641== 
==1060641== Open file descriptor 3: /home/imeulema/cursus/clean_minishell/logs/diff_pipes.log
==1060641==    <inherited from parent>
==1060641== 
==1060641== 
==1060641== HEAP SUMMARY:
==1060641==     in use at exit: 208,409 bytes in 235 blocks
==1060641==   total heap usage: 706 allocs, 471 frees, 241,320 bytes allocated
==1060641== 
==1060641== Searching for pointers to 235 not-freed blocks
==1060641== Checked 249,384 bytes
==1060641== 
==1060641== 12 bytes in 1 blocks are still reachable in loss record 5 of 67
==1060641==    at 0x4848899: malloc (in /usr/libexec/valgrind/vgpreload_memcheck-amd64-linux.so)
==1060641==    by 0x405F0B: init_pids (in /home/imeulema/cursus/clean_minishell/minishell)
==1060641==    by 0x40599A: exec_pipe (in /home/imeulema/cursus/clean_minishell/minishell)
==1060641==    by 0x401612: exec_ast (in /home/imeulema/cursus/clean_minishell/minishell)
==1060641==    by 0x4014B5: process_command (in /home/imeulema/cursus/clean_minishell/minishell)
==1060641==    by 0x4013CD: main (in /home/imeulema/cursus/clean_minishell/minishell)
==1060641== 
==1060641== LEAK SUMMARY:
==1060641==    definitely lost: 0 bytes in 0 blocks
==1060641==    indirectly lost: 0 bytes in 0 blocks
==1060641==      possibly lost: 0 bytes in 0 blocks
==1060641==    still reachable: 12 bytes in 1 blocks
==1060641==         suppressed: 208,397 bytes in 234 blocks
==1060641== 
==1060641== ERROR SUMMARY: 18 errors from 1 contexts (suppressed: 0 from 0)
==1060641== 
==1060641== 18 errors in context 1 of 1:
==1060641== Conditional jump or move depends on uninitialised value(s)
==1060641==    at 0x40BCB4: check_paren_syntax (in /home/imeulema/cursus/clean_minishell/minishell)
==1060641==    by 0x40BAA1: check_parentheses (in /home/imeulema/cursus/clean_minishell/minishell)
==1060641==    by 0x40C1A1: valid_syntax (in /home/imeulema/cursus/clean_minishell/minishell)
==1060641==    by 0x4081BD: parse (in /home/imeulema/cursus/clean_minishell/minishell)
==1060641==    by 0x40149D: process_command (in /home/imeulema/cursus/clean_minishell/minishell)
==1060641==    by 0x4013CD: main (in /home/imeulema/cursus/clean_minishell/minishell)
==1060641==  Uninitialised value was created by a stack allocation
==1060641==    at 0x40BAD0: get_last_close (in /home/imeulema/cursus/clean_minishell/minishell)
==1060641== 
--1060641-- 
--1060641-- used_suppression:     62 ignore_readline_leaks ignore_readline_leaks.supp:3 suppressed: 204,147 bytes in 221 blocks
--1060641-- used_suppression:      4 ignore_rl_history_leaks ignore_readline_leaks.supp:10 suppressed: 4,250 bytes in 13 blocks
==1060641== 
==1060641== ERROR SUMMARY: 18 errors from 1 contexts (suppressed: 0 from 0)
==1060642== 
==1060642== FILE DESCRIPTORS: 6 open (3 std) at exit.
==1060642== Open file descriptor 103: /usr/share/code/v8_context_snapshot.bin
==1060642==    <inherited from parent>
==1060642== 
==1060642== Open file descriptor 41: /home/imeulema/.config/Code/logs/20251010T135525/ptyhost.log
==1060642==    <inherited from parent>
==1060642== 
==1060642== Open file descriptor 3: /home/imeulema/cursus/clean_minishell/logs/diff_pipes.log
==1060642==    <inherited from parent>
==1060642== 
==1060642== 
==1060642== HEAP SUMMARY:
==1060642==     in use at exit: 208,409 bytes in 235 blocks
==1060642==   total heap usage: 706 allocs, 471 frees, 241,320 bytes allocated
==1060642== 
==1060642== Searching for pointers to 235 not-freed blocks
==1060642== Checked 249,392 bytes
==1060642== 
==1060642== 12 bytes in 1 blocks are still reachable in loss record 5 of 67
==1060642==    at 0x4848899: malloc (in /usr/libexec/valgrind/vgpreload_memcheck-amd64-linux.so)
==1060642==    by 0x405F0B: init_pids (in /home/imeulema/cursus/clean_minishell/minishell)
==1060642==    by 0x40599A: exec_pipe (in /home/imeulema/cursus/clean_minishell/minishell)
==1060642==    by 0x401612: exec_ast (in /home/imeulema/cursus/clean_minishell/minishell)
==1060642==    by 0x4014B5: process_command (in /home/imeulema/cursus/clean_minishell/minishell)
==1060642==    by 0x4013CD: main (in /home/imeulema/cursus/clean_minishell/minishell)
==1060642== 
==1060642== LEAK SUMMARY:
==1060642==    definitely lost: 0 bytes in 0 blocks
==1060642==    indirectly lost: 0 bytes in 0 blocks
==1060642==      possibly lost: 0 bytes in 0 blocks
==1060642==    still reachable: 12 bytes in 1 blocks
==1060642==         suppressed: 208,397 bytes in 234 blocks
==1060642== 
==1060642== ERROR SUMMARY: 18 errors from 1 contexts (suppressed: 0 from 0)
==1060642== 
==1060642== 18 errors in context 1 of 1:
==1060642== Conditional jump or move depends on uninitialised value(s)
==1060642==    at 0x40BCB4: check_paren_syntax (in /home/imeulema/cursus/clean_minishell/minishell)
==1060642==    by 0x40BAA1: check_parentheses (in /home/imeulema/cursus/clean_minishell/minishell)
==1060642==    by 0x40C1A1: valid_syntax (in /home/imeulema/cursus/clean_minishell/minishell)
==1060642==    by 0x4081BD: parse (in /home/imeulema/cursus/clean_minishell/minishell)
==1060642==    by 0x40149D: process_command (in /home/imeulema/cursus/clean_minishell/minishell)
==1060642==    by 0x4013CD: main (in /home/imeulema/cursus/clean_minishell/minishell)
==1060642==  Uninitialised value was created by a stack allocation
==1060642==    at 0x40BAD0: get_last_close (in /home/imeulema/cursus/clean_minishell/minishell)
==1060642== 
--1060642-- 
--1060642-- used_suppression:     62 ignore_readline_leaks ignore_readline_leaks.supp:3 suppressed: 204,147 bytes in 221 blocks
--1060642-- used_suppression:      4 ignore_rl_history_leaks ignore_readline_leaks.supp:10 suppressed: 4,250 bytes in 13 blocks
==1060642== 
==1060642== ERROR SUMMARY: 18 errors from 1 contexts (suppressed: 0 from 0)
==1060643== 
==1060643== FILE DESCRIPTORS: 6 open (3 std) at exit.
==1060643== Open file descriptor 103: /usr/share/code/v8_context_snapshot.bin
==1060643==    <inherited from parent>
==1060643== 
==1060643== Open file descriptor 41: /home/imeulema/.config/Code/logs/20251010T135525/ptyhost.log
==1060643==    <inherited from parent>
==1060643== 
==1060643== Open file descriptor 3: /home/imeulema/cursus/clean_minishell/logs/diff_pipes.log
==1060643==    <inherited from parent>
==1060643== 
==1060643== 
==1060643== HEAP SUMMARY:
==1060643==     in use at exit: 208,409 bytes in 235 blocks
==1060643==   total heap usage: 706 allocs, 471 frees, 241,320 bytes allocated
==1060643== 
==1060643== Searching for pointers to 235 not-freed blocks
==1060643== Checked 249,392 bytes
==1060643== 
==1060643== 12 bytes in 1 blocks are still reachable in loss record 5 of 67
==1060643==    at 0x4848899: malloc (in /usr/libexec/valgrind/vgpreload_memcheck-amd64-linux.so)
==1060643==    by 0x405F0B: init_pids (in /home/imeulema/cursus/clean_minishell/minishell)
==1060643==    by 0x40599A: exec_pipe (in /home/imeulema/cursus/clean_minishell/minishell)
==1060643==    by 0x401612: exec_ast (in /home/imeulema/cursus/clean_minishell/minishell)
==1060643==    by 0x4014B5: process_command (in /home/imeulema/cursus/clean_minishell/minishell)
==1060643==    by 0x4013CD: main (in /home/imeulema/cursus/clean_minishell/minishell)
==1060643== 
==1060643== LEAK SUMMARY:
==1060643==    definitely lost: 0 bytes in 0 blocks
==1060643==    indirectly lost: 0 bytes in 0 blocks
==1060643==      possibly lost: 0 bytes in 0 blocks
==1060643==    still reachable: 12 bytes in 1 blocks
==1060643==         suppressed: 208,397 bytes in 234 blocks
==1060643== 
==1060643== ERROR SUMMARY: 18 errors from 1 contexts (suppressed: 0 from 0)
==1060643== 
==1060643== 18 errors in context 1 of 1:
==1060643== Conditional jump or move depends on uninitialised value(s)
==1060643==    at 0x40BCB4: check_paren_syntax (in /home/imeulema/cursus/clean_minishell/minishell)
==1060643==    by 0x40BAA1: check_parentheses (in /home/imeulema/cursus/clean_minishell/minishell)
==1060643==    by 0x40C1A1: valid_syntax (in /home/imeulema/cursus/clean_minishell/minishell)
==1060643==    by 0x4081BD: parse (in /home/imeulema/cursus/clean_minishell/minishell)
==1060643==    by 0x40149D: process_command (in /home/imeulema/cursus/clean_minishell/minishell)
==1060643==    by 0x4013CD: main (in /home/imeulema/cursus/clean_minishell/minishell)
==1060643==  Uninitialised value was created by a stack allocation
==1060643==    at 0x40BAD0: get_last_close (in /home/imeulema/cursus/clean_minishell/minishell)
==1060643== 
--1060643-- 
--1060643-- used_suppression:     62 ignore_readline_leaks ignore_readline_leaks.supp:3 suppressed: 204,147 bytes in 221 blocks
--1060643-- used_suppression:      4 ignore_rl_history_leaks ignore_readline_leaks.supp:10 suppressed: 4,250 bytes in 13 blocks
==1060643== 
==1060643== ERROR SUMMARY: 18 errors from 1 contexts (suppressed: 0 from 0)
==1060627== 
==1060627== FILE DESCRIPTORS: 6 open (3 std) at exit.
==1060627== Open file descriptor 103: /usr/share/code/v8_context_snapshot.bin
==1060627==    <inherited from parent>
==1060627== 
==1060627== Open file descriptor 41: /home/imeulema/.config/Code/logs/20251010T135525/ptyhost.log
==1060627==    <inherited from parent>
==1060627== 
==1060627== Open file descriptor 3: /home/imeulema/cursus/clean_minishell/logs/diff_pipes.log
==1060627==    <inherited from parent>
==1060627== 
==1060627== 
==1060627== HEAP SUMMARY:
==1060627==     in use at exit: 208,397 bytes in 234 blocks
==1060627==   total heap usage: 709 allocs, 475 frees, 241,334 bytes allocated
==1060627== 
==1060627== Searching for pointers to 234 not-freed blocks
==1060627== Checked 248,912 bytes
==1060627== 
==1060627== LEAK SUMMARY:
==1060627==    definitely lost: 0 bytes in 0 blocks
==1060627==    indirectly lost: 0 bytes in 0 blocks
==1060627==      possibly lost: 0 bytes in 0 blocks
==1060627==    still reachable: 0 bytes in 0 blocks
==1060627==         suppressed: 208,397 bytes in 234 blocks
==1060627== 
==1060627== ERROR SUMMARY: 18 errors from 1 contexts (suppressed: 0 from 0)
==1060627== 
==1060627== 18 errors in context 1 of 1:
==1060627== Conditional jump or move depends on uninitialised value(s)
==1060627==    at 0x40BCB4: check_paren_syntax (in /home/imeulema/cursus/clean_minishell/minishell)
==1060627==    by 0x40BAA1: check_parentheses (in /home/imeulema/cursus/clean_minishell/minishell)
==1060627==    by 0x40C1A1: valid_syntax (in /home/imeulema/cursus/clean_minishell/minishell)
==1060627==    by 0x4081BD: parse (in /home/imeulema/cursus/clean_minishell/minishell)
==1060627==    by 0x40149D: process_command (in /home/imeulema/cursus/clean_minishell/minishell)
==1060627==    by 0x4013CD: main (in /home/imeulema/cursus/clean_minishell/minishell)
==1060627==  Uninitialised value was created by a stack allocation
==1060627==    at 0x40BAD0: get_last_close (in /home/imeulema/cursus/clean_minishell/minishell)
==1060627== 
--1060627-- 
--1060627-- used_suppression:     62 ignore_readline_leaks ignore_readline_leaks.supp:3 suppressed: 204,147 bytes in 221 blocks
--1060627-- used_suppression:      4 ignore_rl_history_leaks ignore_readline_leaks.supp:10 suppressed: 4,250 bytes in 13 blocks
==1060627== 
==1060627== ERROR SUMMARY: 18 errors from 1 contexts (suppressed: 0 from 0)
