==1061014== Memcheck, a memory error detector
==1061014== Copyright (C) 2002-2017, and GNU GPL'd, by Julian Seward et al.
==1061014== Using Valgrind-3.18.1-42b08ed5bd-20211015 and LibVEX; rerun with -h for copyright info
==1061014== Command: ./minishell
==1061014== Parent PID: 1060977
==1061014== 
--1061014-- 
--1061014-- Valgrind options:
--1061014--    --leak-check=full
--1061014--    --show-leak-kinds=all
--1061014--    --track-origins=yes
--1061014--    --verbose
--1061014--    --track-fds=yes
--1061014--    --log-file=logs/diff_syntax.log
--1061014--    --suppressions=ignore_readline_leaks.supp
--1061014-- Contents of /proc/version:
--1061014--   Linux version 6.6.72-x64v3-t2-jammy-xanmod1 (root@fv-az1245-313) (gcc (Ubuntu 11.4.0-1ubuntu1~22.04) 11.4.0, GNU ld (GNU Binutils for Ubuntu) 2.38) #xanmod1 SMP PREEMPT_DYNAMIC Sat Jan 18 01:41:53 UTC 2025
--1061014-- 
--1061014-- Arch and hwcaps: AMD64, LittleEndian, amd64-cx16-lzcnt-rdtscp-sse3-ssse3-avx-avx2-bmi-f16c-rdrand-rdseed
--1061014-- Page sizes: currently 4096, max supported 4096
--1061014-- Valgrind library directory: /usr/libexec/valgrind
--1061014-- Reading syms from /home/imeulema/cursus/clean_minishell/minishell
--1061014-- Reading syms from /usr/lib/x86_64-linux-gnu/ld-linux-x86-64.so.2
--1061014--   Considering /usr/lib/debug/.build-id/ac/af96d7b1a6bad57b559d646233d5dc1a23257c.debug ..
--1061014--   .. build-id is valid
--1061014-- Reading syms from /usr/libexec/valgrind/memcheck-amd64-linux
--1061014--    object doesn't have a symbol table
--1061014--    object doesn't have a dynamic symbol table
--1061014-- Scheduler: using generic scheduler lock implementation.
--1061014-- Reading suppressions file: ignore_readline_leaks.supp
--1061014-- Reading suppressions file: /usr/libexec/valgrind/default.supp
==1061014== embedded gdbserver: reading from /tmp/vgdb-pipe-from-vgdb-to-1061014-by-imeulema-on-???
==1061014== embedded gdbserver: writing to   /tmp/vgdb-pipe-to-vgdb-from-1061014-by-imeulema-on-???
==1061014== embedded gdbserver: shared mem   /tmp/vgdb-pipe-shared-mem-vgdb-1061014-by-imeulema-on-???
==1061014== 
==1061014== TO CONTROL THIS PROCESS USING vgdb (which you probably
==1061014== don't want to do, unless you know exactly what you're doing,
==1061014== or are doing some strange experiment):
==1061014==   /usr/bin/vgdb --pid=1061014 ...command...
==1061014== 
==1061014== TO DEBUG THIS PROCESS USING GDB: start GDB like this
==1061014==   /path/to/gdb ./minishell
==1061014== and then give GDB the following command
==1061014==   target remote | /usr/bin/vgdb --pid=1061014
==1061014== --pid is optional if only one valgrind process is running
==1061014== 
--1061014-- REDIR: 0x402aa40 (ld-linux-x86-64.so.2:strlen) redirected to 0x580bcec2 (???)
--1061014-- REDIR: 0x402a810 (ld-linux-x86-64.so.2:index) redirected to 0x580bcedc (???)
--1061014-- Reading syms from /usr/libexec/valgrind/vgpreload_core-amd64-linux.so
--1061014--    object doesn't have a symbol table
--1061014-- Reading syms from /usr/libexec/valgrind/vgpreload_memcheck-amd64-linux.so
--1061014--    object doesn't have a symbol table
==1061014== WARNING: new redirection conflicts with existing -- ignoring it
--1061014--     old: 0x0402aa40 (strlen              ) R-> (0000.0) 0x580bcec2 ???
--1061014--     new: 0x0402aa40 (strlen              ) R-> (2007.0) 0x0484ee30 strlen
--1061014-- REDIR: 0x4027220 (ld-linux-x86-64.so.2:strcmp) redirected to 0x484fcd0 (strcmp)
--1061014-- REDIR: 0x402afa0 (ld-linux-x86-64.so.2:mempcpy) redirected to 0x4853840 (mempcpy)
--1061014-- Reading syms from /usr/lib/x86_64-linux-gnu/libreadline.so.8.1
--1061014--    object doesn't have a symbol table
--1061014-- Reading syms from /usr/lib/x86_64-linux-gnu/libc.so.6
--1061014--   Considering /usr/lib/debug/.build-id/4f/7b0c955c3d81d7cac1501a2498b69d1d82bfe7.debug ..
--1061014--   .. build-id is valid
==1061014== WARNING: new redirection conflicts with existing -- ignoring it
--1061014--     old: 0x0496dc60 (memalign            ) R-> (1011.0) 0x0484e080 memalign
--1061014--     new: 0x0496dc60 (memalign            ) R-> (1017.0) 0x0484e050 aligned_alloc
==1061014== WARNING: new redirection conflicts with existing -- ignoring it
--1061014--     old: 0x0496dc60 (memalign            ) R-> (1011.0) 0x0484e080 memalign
--1061014--     new: 0x0496dc60 (memalign            ) R-> (1017.0) 0x0484e020 aligned_alloc
==1061014== WARNING: new redirection conflicts with existing -- ignoring it
--1061014--     old: 0x0496dc60 (memalign            ) R-> (1011.0) 0x0484e080 memalign
--1061014--     new: 0x0496dc60 (memalign            ) R-> (1017.0) 0x0484e050 aligned_alloc
==1061014== WARNING: new redirection conflicts with existing -- ignoring it
--1061014--     old: 0x0496dc60 (memalign            ) R-> (1011.0) 0x0484e080 memalign
--1061014--     new: 0x0496dc60 (memalign            ) R-> (1017.0) 0x0484e020 aligned_alloc
--1061014-- Reading syms from /usr/lib/x86_64-linux-gnu/libtinfo.so.6.3
--1061014--    object doesn't have a symbol table
--1061014-- REDIR: 0x4970720 (libc.so.6:strnlen) redirected to 0x483f220 (_vgnU_ifunc_wrapper)
--1061014-- REDIR: 0x49709e0 (libc.so.6:strpbrk) redirected to 0x483f220 (_vgnU_ifunc_wrapper)
--1061014-- REDIR: 0x49702e0 (libc.so.6:strcmp) redirected to 0x483f220 (_vgnU_ifunc_wrapper)
--1061014-- REDIR: 0x498ecd0 (libc.so.6:wcsnlen) redirected to 0x483f220 (_vgnU_ifunc_wrapper)
--1061014-- REDIR: 0x49716d0 (libc.so.6:memset) redirected to 0x483f220 (_vgnU_ifunc_wrapper)
--1061014-- REDIR: 0x498d540 (libc.so.6:wcslen) redirected to 0x483f220 (_vgnU_ifunc_wrapper)
--1061014-- REDIR: 0x4971c10 (libc.so.6:memcpy@@GLIBC_2.14) redirected to 0x483f220 (_vgnU_ifunc_wrapper)
--1061014-- REDIR: 0x498d370 (libc.so.6:wcschr) redirected to 0x483f220 (_vgnU_ifunc_wrapper)
--1061014-- REDIR: 0x4970260 (libc.so.6:index) redirected to 0x483f220 (_vgnU_ifunc_wrapper)
--1061014-- REDIR: 0x4970960 (libc.so.6:rindex) redirected to 0x483f220 (_vgnU_ifunc_wrapper)
--1061014-- REDIR: 0x49715a0 (libc.so.6:memmove) redirected to 0x483f220 (_vgnU_ifunc_wrapper)
==1061014== Preferring higher priority redirection:
--1061014--     old: 0x04a68840 (__memcpy_avx_unalign) R-> (2018.0) 0x04850f90 __memcpy_avx_unaligned_erms
--1061014--     new: 0x04a68840 (__memcpy_avx_unalign) R-> (2018.1) 0x04852880 memmove
--1061014-- REDIR: 0x498d3f0 (libc.so.6:wcscmp) redirected to 0x483f220 (_vgnU_ifunc_wrapper)
--1061014-- REDIR: 0x49719e0 (libc.so.6:stpncpy) redirected to 0x483f220 (_vgnU_ifunc_wrapper)
--1061014-- REDIR: 0x498d9b0 (libc.so.6:wmemchr) redirected to 0x483f220 (_vgnU_ifunc_wrapper)
--1061014-- REDIR: 0x4970830 (libc.so.6:strncmp) redirected to 0x483f220 (_vgnU_ifunc_wrapper)
--1061014-- REDIR: 0x4971a70 (libc.so.6:strcasecmp) redirected to 0x483f220 (_vgnU_ifunc_wrapper)
--1061014-- REDIR: 0x4970420 (libc.so.6:strcspn) redirected to 0x483f220 (_vgnU_ifunc_wrapper)
--1061014-- REDIR: 0x498d470 (libc.so.6:wcscpy) redirected to 0x483f220 (_vgnU_ifunc_wrapper)
--1061014-- REDIR: 0x49701d0 (libc.so.6:strcat) redirected to 0x483f220 (_vgnU_ifunc_wrapper)
--1061014-- REDIR: 0x4971b60 (libc.so.6:strncasecmp_l) redirected to 0x483f220 (_vgnU_ifunc_wrapper)
--1061014-- REDIR: 0x4971480 (libc.so.6:bcmp) redirected to 0x483f220 (_vgnU_ifunc_wrapper)
--1061014-- REDIR: 0x4979570 (libc.so.6:memrchr) redirected to 0x483f220 (_vgnU_ifunc_wrapper)
--1061014-- REDIR: 0x4973010 (libc.so.6:strchrnul) redirected to 0x483f220 (_vgnU_ifunc_wrapper)
--1061014-- REDIR: 0x4970390 (libc.so.6:strcpy) redirected to 0x483f220 (_vgnU_ifunc_wrapper)
--1061014-- REDIR: 0x4971b10 (libc.so.6:strcasecmp_l) redirected to 0x483f220 (_vgnU_ifunc_wrapper)
--1061014-- REDIR: 0x49706a0 (libc.so.6:strlen) redirected to 0x483f220 (_vgnU_ifunc_wrapper)
--1061014-- REDIR: 0x49708d0 (libc.so.6:strncpy) redirected to 0x483f220 (_vgnU_ifunc_wrapper)
--1061014-- REDIR: 0x4971950 (libc.so.6:stpcpy) redirected to 0x483f220 (_vgnU_ifunc_wrapper)
--1061014-- REDIR: 0x49713f0 (libc.so.6:memchr) redirected to 0x483f220 (_vgnU_ifunc_wrapper)
--1061014-- REDIR: 0x4970b00 (libc.so.6:strspn) redirected to 0x483f220 (_vgnU_ifunc_wrapper)
--1061014-- REDIR: 0x49717d0 (libc.so.6:mempcpy) redirected to 0x483f220 (_vgnU_ifunc_wrapper)
--1061014-- REDIR: 0x4971ac0 (libc.so.6:strncasecmp) redirected to 0x483f220 (_vgnU_ifunc_wrapper)
--1061014-- REDIR: 0x4972f80 (libc.so.6:rawmemchr) redirected to 0x483f220 (_vgnU_ifunc_wrapper)
--1061014-- REDIR: 0x49707a0 (libc.so.6:strncat) redirected to 0x483f220 (_vgnU_ifunc_wrapper)
--1061014-- REDIR: 0x49fc2f0 (libc.so.6:__memcpy_chk) redirected to 0x483f220 (_vgnU_ifunc_wrapper)
--1061014-- REDIR: 0x4971310 (libc.so.6:strstr) redirected to 0x483f220 (_vgnU_ifunc_wrapper)
--1061014-- REDIR: 0x4a65690 (libc.so.6:__strrchr_avx2) redirected to 0x484e810 (rindex)
--1061014-- REDIR: 0x496d0a0 (libc.so.6:malloc) redirected to 0x4848820 (malloc)
--1061014-- REDIR: 0x496d3e0 (libc.so.6:free) redirected to 0x484b210 (free)
--1061014-- REDIR: 0x4a65860 (libc.so.6:__strlen_avx2) redirected to 0x484ed10 (strlen)
--1061014-- REDIR: 0x4a60e00 (libc.so.6:__strncmp_avx2) redirected to 0x484f3e0 (strncmp)
--1061014-- REDIR: 0x4a68840 (libc.so.6:__memcpy_avx_unaligned_erms) redirected to 0x4852880 (memmove)
--1061014-- REDIR: 0x4a65480 (libc.so.6:__strchrnul_avx2) redirected to 0x4853330 (strchrnul)
--1061014-- REDIR: 0x490d150 (libc.so.6:setenv) redirected to 0x48542d0 (setenv)
--1061014-- REDIR: 0x4a65200 (libc.so.6:__strchr_avx2) redirected to 0x484e9f0 (index)
--1061014-- REDIR: 0x496d740 (libc.so.6:realloc) redirected to 0x484dc50 (realloc)
--1061014-- REDIR: 0x4a68800 (libc.so.6:__mempcpy_avx_unaligned_erms) redirected to 0x4853440 (mempcpy)
--1061014-- REDIR: 0x4a609c0 (libc.so.6:__strcmp_avx2) redirected to 0x484fbd0 (strcmp)
--1061014-- REDIR: 0x496e520 (libc.so.6:calloc) redirected to 0x484d9d0 (calloc)
--1061014-- REDIR: 0x4a659e0 (libc.so.6:__strnlen_avx2) redirected to 0x484ecb0 (strnlen)
--1061014-- REDIR: 0x4a66d30 (libc.so.6:__strcpy_avx2) redirected to 0x484ee60 (strcpy)
--1061014-- REDIR: 0x4970fc0 (libc.so.6:__GI_strstr) redirected to 0x4853ae0 (__strstr_sse2)
--1061014-- REDIR: 0x4a68810 (libc.so.6:__memcpy_chk_avx_unaligned_erms) redirected to 0x4853940 (__memcpy_chk)
--1061014-- REDIR: 0x4a69000 (libc.so.6:__memset_avx2_unaligned_erms) redirected to 0x4852770 (memset)
--1061014-- REDIR: 0x4a670c0 (libc.so.6:__strncpy_avx2) redirected to 0x484efe0 (strncpy)
--1061014-- REDIR: 0x4a61340 (libc.so.6:__memchr_avx2) redirected to 0x484fd50 (memchr)
--1061014-- REDIR: 0x4a67a20 (libc.so.6:__stpcpy_avx2) redirected to 0x4852130 (stpcpy)
--1061014-- REDIR: 0x4a621b0 (libc.so.6:__strcasecmp_avx) redirected to 0x484f560 (strcasecmp)
--1061014-- REDIR: 0x4a63830 (libc.so.6:__strncasecmp_avx) redirected to 0x484f640 (strncasecmp)
--1061014-- REDIR: 0x4a61b00 (libc.so.6:__memcmp_avx2_movbe) redirected to 0x4852010 (bcmp)
==1061014== Conditional jump or move depends on uninitialised value(s)
==1061014==    at 0x40BCB4: check_paren_syntax (in /home/imeulema/cursus/clean_minishell/minishell)
==1061014==    by 0x40BAA1: check_parentheses (in /home/imeulema/cursus/clean_minishell/minishell)
==1061014==    by 0x40C1A1: valid_syntax (in /home/imeulema/cursus/clean_minishell/minishell)
==1061014==    by 0x4081BD: parse (in /home/imeulema/cursus/clean_minishell/minishell)
==1061014==    by 0x40149D: process_command (in /home/imeulema/cursus/clean_minishell/minishell)
==1061014==    by 0x4013CD: main (in /home/imeulema/cursus/clean_minishell/minishell)
==1061014==  Uninitialised value was created by a stack allocation
==1061014==    at 0x40BAD0: get_last_close (in /home/imeulema/cursus/clean_minishell/minishell)
==1061014== 
==1061016== 
==1061016== FILE DESCRIPTORS: 6 open (3 std) at exit.
==1061016== Open file descriptor 103: /usr/share/code/v8_context_snapshot.bin
==1061016==    <inherited from parent>
==1061016== 
==1061016== Open file descriptor 41: /home/imeulema/.config/Code/logs/20251010T135525/ptyhost.log
==1061016==    <inherited from parent>
==1061016== 
==1061016== Open file descriptor 3: /home/imeulema/cursus/clean_minishell/logs/diff_syntax.log
==1061016==    <inherited from parent>
==1061016== 
==1061016== 
==1061016== HEAP SUMMARY:
==1061016==     in use at exit: 208,599 bytes in 255 blocks
==1061016==   total heap usage: 648 allocs, 393 frees, 238,702 bytes allocated
==1061016== 
==1061016== Searching for pointers to 255 not-freed blocks
==1061016== Checked 249,536 bytes
==1061016== 
==1061016== LEAK SUMMARY:
==1061016==    definitely lost: 0 bytes in 0 blocks
==1061016==    indirectly lost: 0 bytes in 0 blocks
==1061016==      possibly lost: 0 bytes in 0 blocks
==1061016==    still reachable: 0 bytes in 0 blocks
==1061016==         suppressed: 208,599 bytes in 255 blocks
==1061016== 
==1061016== ERROR SUMMARY: 1 errors from 1 contexts (suppressed: 0 from 0)
==1061016== 
==1061016== 1 errors in context 1 of 1:
==1061016== Conditional jump or move depends on uninitialised value(s)
==1061016==    at 0x40BCB4: check_paren_syntax (in /home/imeulema/cursus/clean_minishell/minishell)
==1061016==    by 0x40BAA1: check_parentheses (in /home/imeulema/cursus/clean_minishell/minishell)
==1061016==    by 0x40C1A1: valid_syntax (in /home/imeulema/cursus/clean_minishell/minishell)
==1061016==    by 0x4081BD: parse (in /home/imeulema/cursus/clean_minishell/minishell)
==1061016==    by 0x40149D: process_command (in /home/imeulema/cursus/clean_minishell/minishell)
==1061016==    by 0x4013CD: main (in /home/imeulema/cursus/clean_minishell/minishell)
==1061016==  Uninitialised value was created by a stack allocation
==1061016==    at 0x40BAD0: get_last_close (in /home/imeulema/cursus/clean_minishell/minishell)
==1061016== 
--1061016-- 
--1061016-- used_suppression:     62 ignore_readline_leaks ignore_readline_leaks.supp:3 suppressed: 204,147 bytes in 221 blocks
--1061016-- used_suppression:      4 ignore_rl_history_leaks ignore_readline_leaks.supp:10 suppressed: 4,452 bytes in 34 blocks
==1061016== 
==1061016== ERROR SUMMARY: 1 errors from 1 contexts (suppressed: 0 from 0)
==1061017== 
==1061017== FILE DESCRIPTORS: 6 open (3 std) at exit.
==1061017== Open file descriptor 103: /usr/share/code/v8_context_snapshot.bin
==1061017==    <inherited from parent>
==1061017== 
==1061017== Open file descriptor 41: /home/imeulema/.config/Code/logs/20251010T135525/ptyhost.log
==1061017==    <inherited from parent>
==1061017== 
==1061017== Open file descriptor 3: /home/imeulema/cursus/clean_minishell/logs/diff_syntax.log
==1061017==    <inherited from parent>
==1061017== 
==1061017== 
==1061017== HEAP SUMMARY:
==1061017==     in use at exit: 208,638 bytes in 258 blocks
==1061017==   total heap usage: 664 allocs, 406 frees, 238,964 bytes allocated
==1061017== 
==1061017== Searching for pointers to 258 not-freed blocks
==1061017== Checked 249,592 bytes
==1061017== 
==1061017== LEAK SUMMARY:
==1061017==    definitely lost: 0 bytes in 0 blocks
==1061017==    indirectly lost: 0 bytes in 0 blocks
==1061017==      possibly lost: 0 bytes in 0 blocks
==1061017==    still reachable: 0 bytes in 0 blocks
==1061017==         suppressed: 208,638 bytes in 258 blocks
==1061017== 
==1061017== ERROR SUMMARY: 2 errors from 1 contexts (suppressed: 0 from 0)
==1061017== 
==1061017== 2 errors in context 1 of 1:
==1061017== Conditional jump or move depends on uninitialised value(s)
==1061017==    at 0x40BCB4: check_paren_syntax (in /home/imeulema/cursus/clean_minishell/minishell)
==1061017==    by 0x40BAA1: check_parentheses (in /home/imeulema/cursus/clean_minishell/minishell)
==1061017==    by 0x40C1A1: valid_syntax (in /home/imeulema/cursus/clean_minishell/minishell)
==1061017==    by 0x4081BD: parse (in /home/imeulema/cursus/clean_minishell/minishell)
==1061017==    by 0x40149D: process_command (in /home/imeulema/cursus/clean_minishell/minishell)
==1061017==    by 0x4013CD: main (in /home/imeulema/cursus/clean_minishell/minishell)
==1061017==  Uninitialised value was created by a stack allocation
==1061017==    at 0x40BAD0: get_last_close (in /home/imeulema/cursus/clean_minishell/minishell)
==1061017== 
--1061017-- 
--1061017-- used_suppression:     62 ignore_readline_leaks ignore_readline_leaks.supp:3 suppressed: 204,147 bytes in 221 blocks
--1061017-- used_suppression:      4 ignore_rl_history_leaks ignore_readline_leaks.supp:10 suppressed: 4,491 bytes in 37 blocks
==1061017== 
==1061017== ERROR SUMMARY: 2 errors from 1 contexts (suppressed: 0 from 0)
==1061018== 
==1061018== FILE DESCRIPTORS: 6 open (3 std) at exit.
==1061018== Open file descriptor 103: /usr/share/code/v8_context_snapshot.bin
==1061018==    <inherited from parent>
==1061018== 
==1061018== Open file descriptor 41: /home/imeulema/.config/Code/logs/20251010T135525/ptyhost.log
==1061018==    <inherited from parent>
==1061018== 
==1061018== Open file descriptor 3: /home/imeulema/cursus/clean_minishell/logs/diff_syntax.log
==1061018==    <inherited from parent>
==1061018== 
==1061018== 
==1061018== HEAP SUMMARY:
==1061018==     in use at exit: 208,676 bytes in 261 blocks
==1061018==   total heap usage: 684 allocs, 423 frees, 240,724 bytes allocated
==1061018== 
==1061018== Searching for pointers to 261 not-freed blocks
==1061018== Checked 249,632 bytes
==1061018== 
==1061018== LEAK SUMMARY:
==1061018==    definitely lost: 0 bytes in 0 blocks
==1061018==    indirectly lost: 0 bytes in 0 blocks
==1061018==      possibly lost: 0 bytes in 0 blocks
==1061018==    still reachable: 0 bytes in 0 blocks
==1061018==         suppressed: 208,676 bytes in 261 blocks
==1061018== 
==1061018== ERROR SUMMARY: 3 errors from 1 contexts (suppressed: 0 from 0)
==1061018== 
==1061018== 3 errors in context 1 of 1:
==1061018== Conditional jump or move depends on uninitialised value(s)
==1061018==    at 0x40BCB4: check_paren_syntax (in /home/imeulema/cursus/clean_minishell/minishell)
==1061018==    by 0x40BAA1: check_parentheses (in /home/imeulema/cursus/clean_minishell/minishell)
==1061018==    by 0x40C1A1: valid_syntax (in /home/imeulema/cursus/clean_minishell/minishell)
==1061018==    by 0x4081BD: parse (in /home/imeulema/cursus/clean_minishell/minishell)
==1061018==    by 0x40149D: process_command (in /home/imeulema/cursus/clean_minishell/minishell)
==1061018==    by 0x4013CD: main (in /home/imeulema/cursus/clean_minishell/minishell)
==1061018==  Uninitialised value was created by a stack allocation
==1061018==    at 0x40BAD0: get_last_close (in /home/imeulema/cursus/clean_minishell/minishell)
==1061018== 
--1061018-- 
--1061018-- used_suppression:     62 ignore_readline_leaks ignore_readline_leaks.supp:3 suppressed: 204,147 bytes in 221 blocks
--1061018-- used_suppression:      4 ignore_rl_history_leaks ignore_readline_leaks.supp:10 suppressed: 4,529 bytes in 40 blocks
==1061018== 
==1061018== ERROR SUMMARY: 3 errors from 1 contexts (suppressed: 0 from 0)
==1061014== Syscall param access(pathname) points to unaddressable byte(s)
==1061014==    at 0x49DC9BB: access (access.c:27)
==1061014==    by 0x4079B0: get_cmd_path (in /home/imeulema/cursus/clean_minishell/minishell)
==1061014==    by 0x405E9A: prep_cmd (in /home/imeulema/cursus/clean_minishell/minishell)
==1061014==    by 0x405A79: run_pipe (in /home/imeulema/cursus/clean_minishell/minishell)
==1061014==    by 0x4059C5: exec_pipe (in /home/imeulema/cursus/clean_minishell/minishell)
==1061014==    by 0x401612: exec_ast (in /home/imeulema/cursus/clean_minishell/minishell)
==1061014==    by 0x4014B5: process_command (in /home/imeulema/cursus/clean_minishell/minishell)
==1061014==    by 0x4013CD: main (in /home/imeulema/cursus/clean_minishell/minishell)
==1061014==  Address 0x0 is not stack'd, malloc'd or (recently) free'd
==1061014== 
==1061014== Syscall param access(pathname) points to unaddressable byte(s)
==1061014==    at 0x49DC9BB: access (access.c:27)
==1061014==    by 0x407A3A: get_cmd_path (in /home/imeulema/cursus/clean_minishell/minishell)
==1061014==    by 0x405E9A: prep_cmd (in /home/imeulema/cursus/clean_minishell/minishell)
==1061014==    by 0x405A79: run_pipe (in /home/imeulema/cursus/clean_minishell/minishell)
==1061014==    by 0x4059C5: exec_pipe (in /home/imeulema/cursus/clean_minishell/minishell)
==1061014==    by 0x401612: exec_ast (in /home/imeulema/cursus/clean_minishell/minishell)
==1061014==    by 0x4014B5: process_command (in /home/imeulema/cursus/clean_minishell/minishell)
==1061014==    by 0x4013CD: main (in /home/imeulema/cursus/clean_minishell/minishell)
==1061014==  Address 0x0 is not stack'd, malloc'd or (recently) free'd
==1061014== 
==1061019== 
==1061019== FILE DESCRIPTORS: 6 open (3 std) at exit.
==1061019== Open file descriptor 103: /usr/share/code/v8_context_snapshot.bin
==1061019==    <inherited from parent>
==1061019== 
==1061019== Open file descriptor 41: /home/imeulema/.config/Code/logs/20251010T135525/ptyhost.log
==1061019==    <inherited from parent>
==1061019== 
==1061019== Open file descriptor 3: /home/imeulema/cursus/clean_minishell/logs/diff_syntax.log
==1061019==    <inherited from parent>
==1061019== 
==1061019== 
==1061019== HEAP SUMMARY:
==1061019==     in use at exit: 208,739 bytes in 265 blocks
==1061019==   total heap usage: 723 allocs, 458 frees, 240,226 bytes allocated
==1061019== 
==1061019== Searching for pointers to 265 not-freed blocks
==1061019== Checked 249,688 bytes
==1061019== 
==1061019== 12 bytes in 1 blocks are still reachable in loss record 5 of 67
==1061019==    at 0x4848899: malloc (in /usr/libexec/valgrind/vgpreload_memcheck-amd64-linux.so)
==1061019==    by 0x405F0B: init_pids (in /home/imeulema/cursus/clean_minishell/minishell)
==1061019==    by 0x40599A: exec_pipe (in /home/imeulema/cursus/clean_minishell/minishell)
==1061019==    by 0x401612: exec_ast (in /home/imeulema/cursus/clean_minishell/minishell)
==1061019==    by 0x4014B5: process_command (in /home/imeulema/cursus/clean_minishell/minishell)
==1061019==    by 0x4013CD: main (in /home/imeulema/cursus/clean_minishell/minishell)
==1061019== 
==1061019== LEAK SUMMARY:
==1061019==    definitely lost: 0 bytes in 0 blocks
==1061019==    indirectly lost: 0 bytes in 0 blocks
==1061019==      possibly lost: 0 bytes in 0 blocks
==1061019==    still reachable: 12 bytes in 1 blocks
==1061019==         suppressed: 208,727 bytes in 264 blocks
==1061019== 
==1061019== ERROR SUMMARY: 8 errors from 1 contexts (suppressed: 0 from 0)
==1061019== 
==1061019== 8 errors in context 1 of 1:
==1061019== Conditional jump or move depends on uninitialised value(s)
==1061019==    at 0x40BCB4: check_paren_syntax (in /home/imeulema/cursus/clean_minishell/minishell)
==1061019==    by 0x40BAA1: check_parentheses (in /home/imeulema/cursus/clean_minishell/minishell)
==1061019==    by 0x40C1A1: valid_syntax (in /home/imeulema/cursus/clean_minishell/minishell)
==1061019==    by 0x4081BD: parse (in /home/imeulema/cursus/clean_minishell/minishell)
==1061019==    by 0x40149D: process_command (in /home/imeulema/cursus/clean_minishell/minishell)
==1061019==    by 0x4013CD: main (in /home/imeulema/cursus/clean_minishell/minishell)
==1061019==  Uninitialised value was created by a stack allocation
==1061019==    at 0x40BAD0: get_last_close (in /home/imeulema/cursus/clean_minishell/minishell)
==1061019== 
--1061019-- 
--1061019-- used_suppression:     62 ignore_readline_leaks ignore_readline_leaks.supp:3 suppressed: 204,147 bytes in 221 blocks
--1061019-- used_suppression:      4 ignore_rl_history_leaks ignore_readline_leaks.supp:10 suppressed: 4,580 bytes in 43 blocks
==1061019== 
==1061019== ERROR SUMMARY: 8 errors from 1 contexts (suppressed: 0 from 0)
==1061020== 
==1061020== FILE DESCRIPTORS: 6 open (3 std) at exit.
==1061020== Open file descriptor 103: /usr/share/code/v8_context_snapshot.bin
==1061020==    <inherited from parent>
==1061020== 
==1061020== Open file descriptor 41: /home/imeulema/.config/Code/logs/20251010T135525/ptyhost.log
==1061020==    <inherited from parent>
==1061020== 
==1061020== Open file descriptor 3: /home/imeulema/cursus/clean_minishell/logs/diff_syntax.log
==1061020==    <inherited from parent>
==1061020== 
==1061020== 
==1061020== HEAP SUMMARY:
==1061020==     in use at exit: 208,739 bytes in 265 blocks
==1061020==   total heap usage: 723 allocs, 458 frees, 240,226 bytes allocated
==1061020== 
==1061020== Searching for pointers to 265 not-freed blocks
==1061020== Checked 249,760 bytes
==1061020== 
==1061020== 12 bytes in 1 blocks are still reachable in loss record 5 of 67
==1061020==    at 0x4848899: malloc (in /usr/libexec/valgrind/vgpreload_memcheck-amd64-linux.so)
==1061020==    by 0x405F0B: init_pids (in /home/imeulema/cursus/clean_minishell/minishell)
==1061020==    by 0x40599A: exec_pipe (in /home/imeulema/cursus/clean_minishell/minishell)
==1061020==    by 0x401612: exec_ast (in /home/imeulema/cursus/clean_minishell/minishell)
==1061020==    by 0x4014B5: process_command (in /home/imeulema/cursus/clean_minishell/minishell)
==1061020==    by 0x4013CD: main (in /home/imeulema/cursus/clean_minishell/minishell)
==1061020== 
==1061020== LEAK SUMMARY:
==1061020==    definitely lost: 0 bytes in 0 blocks
==1061020==    indirectly lost: 0 bytes in 0 blocks
==1061020==      possibly lost: 0 bytes in 0 blocks
==1061020==    still reachable: 12 bytes in 1 blocks
==1061020==         suppressed: 208,727 bytes in 264 blocks
==1061020== 
==1061020== ERROR SUMMARY: 20 errors from 3 contexts (suppressed: 0 from 0)
==1061020== 
==1061020== 1 errors in context 1 of 3:
==1061020== Syscall param access(pathname) points to unaddressable byte(s)
==1061020==    at 0x49DC9BB: access (access.c:27)
==1061020==    by 0x4079B0: get_cmd_path (in /home/imeulema/cursus/clean_minishell/minishell)
==1061020==    by 0x405E9A: prep_cmd (in /home/imeulema/cursus/clean_minishell/minishell)
==1061020==    by 0x405A79: run_pipe (in /home/imeulema/cursus/clean_minishell/minishell)
==1061020==    by 0x4059C5: exec_pipe (in /home/imeulema/cursus/clean_minishell/minishell)
==1061020==    by 0x401612: exec_ast (in /home/imeulema/cursus/clean_minishell/minishell)
==1061020==    by 0x4014B5: process_command (in /home/imeulema/cursus/clean_minishell/minishell)
==1061020==    by 0x4013CD: main (in /home/imeulema/cursus/clean_minishell/minishell)
==1061020==  Address 0x0 is not stack'd, malloc'd or (recently) free'd
==1061020== 
==1061020== 
==1061020== 8 errors in context 2 of 3:
==1061020== Conditional jump or move depends on uninitialised value(s)
==1061020==    at 0x40BCB4: check_paren_syntax (in /home/imeulema/cursus/clean_minishell/minishell)
==1061020==    by 0x40BAA1: check_parentheses (in /home/imeulema/cursus/clean_minishell/minishell)
==1061020==    by 0x40C1A1: valid_syntax (in /home/imeulema/cursus/clean_minishell/minishell)
==1061020==    by 0x4081BD: parse (in /home/imeulema/cursus/clean_minishell/minishell)
==1061020==    by 0x40149D: process_command (in /home/imeulema/cursus/clean_minishell/minishell)
==1061020==    by 0x4013CD: main (in /home/imeulema/cursus/clean_minishell/minishell)
==1061020==  Uninitialised value was created by a stack allocation
==1061020==    at 0x40BAD0: get_last_close (in /home/imeulema/cursus/clean_minishell/minishell)
==1061020== 
==1061020== 
==1061020== 11 errors in context 3 of 3:
==1061020== Syscall param access(pathname) points to unaddressable byte(s)
==1061020==    at 0x49DC9BB: access (access.c:27)
==1061020==    by 0x407A3A: get_cmd_path (in /home/imeulema/cursus/clean_minishell/minishell)
==1061020==    by 0x405E9A: prep_cmd (in /home/imeulema/cursus/clean_minishell/minishell)
==1061020==    by 0x405A79: run_pipe (in /home/imeulema/cursus/clean_minishell/minishell)
==1061020==    by 0x4059C5: exec_pipe (in /home/imeulema/cursus/clean_minishell/minishell)
==1061020==    by 0x401612: exec_ast (in /home/imeulema/cursus/clean_minishell/minishell)
==1061020==    by 0x4014B5: process_command (in /home/imeulema/cursus/clean_minishell/minishell)
==1061020==    by 0x4013CD: main (in /home/imeulema/cursus/clean_minishell/minishell)
==1061020==  Address 0x0 is not stack'd, malloc'd or (recently) free'd
==1061020== 
--1061020-- 
--1061020-- used_suppression:     62 ignore_readline_leaks ignore_readline_leaks.supp:3 suppressed: 204,147 bytes in 221 blocks
--1061020-- used_suppression:      4 ignore_rl_history_leaks ignore_readline_leaks.supp:10 suppressed: 4,580 bytes in 43 blocks
==1061020== 
==1061020== ERROR SUMMARY: 20 errors from 3 contexts (suppressed: 0 from 0)
==1061022== 
==1061022== FILE DESCRIPTORS: 6 open (3 std) at exit.
==1061022== Open file descriptor 103: /usr/share/code/v8_context_snapshot.bin
==1061022==    <inherited from parent>
==1061022== 
==1061022== Open file descriptor 41: /home/imeulema/.config/Code/logs/20251010T135525/ptyhost.log
==1061022==    <inherited from parent>
==1061022== 
==1061022== Open file descriptor 3: /home/imeulema/cursus/clean_minishell/logs/diff_syntax.log
==1061022==    <inherited from parent>
==1061022== 
==1061022== 
==1061022== HEAP SUMMARY:
==1061022==     in use at exit: 208,835 bytes in 271 blocks
==1061022==   total heap usage: 786 allocs, 515 frees, 241,590 bytes allocated
==1061022== 
==1061022== Searching for pointers to 271 not-freed blocks
==1061022== Checked 249,800 bytes
==1061022== 
==1061022== 8 bytes in 1 blocks are still reachable in loss record 5 of 67
==1061022==    at 0x4848899: malloc (in /usr/libexec/valgrind/vgpreload_memcheck-amd64-linux.so)
==1061022==    by 0x405F0B: init_pids (in /home/imeulema/cursus/clean_minishell/minishell)
==1061022==    by 0x40599A: exec_pipe (in /home/imeulema/cursus/clean_minishell/minishell)
==1061022==    by 0x401612: exec_ast (in /home/imeulema/cursus/clean_minishell/minishell)
==1061022==    by 0x4014B5: process_command (in /home/imeulema/cursus/clean_minishell/minishell)
==1061022==    by 0x4013CD: main (in /home/imeulema/cursus/clean_minishell/minishell)
==1061022== 
==1061022== LEAK SUMMARY:
==1061022==    definitely lost: 0 bytes in 0 blocks
==1061022==    indirectly lost: 0 bytes in 0 blocks
==1061022==      possibly lost: 0 bytes in 0 blocks
==1061022==    still reachable: 8 bytes in 1 blocks
==1061022==         suppressed: 208,827 bytes in 270 blocks
==1061022== 
==1061022== ERROR SUMMARY: 24 errors from 3 contexts (suppressed: 0 from 0)
==1061022== 
==1061022== 1 errors in context 1 of 3:
==1061022== Syscall param access(pathname) points to unaddressable byte(s)
==1061022==    at 0x49DC9BB: access (access.c:27)
==1061022==    by 0x4079B0: get_cmd_path (in /home/imeulema/cursus/clean_minishell/minishell)
==1061022==    by 0x405E9A: prep_cmd (in /home/imeulema/cursus/clean_minishell/minishell)
==1061022==    by 0x405A79: run_pipe (in /home/imeulema/cursus/clean_minishell/minishell)
==1061022==    by 0x4059C5: exec_pipe (in /home/imeulema/cursus/clean_minishell/minishell)
==1061022==    by 0x401612: exec_ast (in /home/imeulema/cursus/clean_minishell/minishell)
==1061022==    by 0x4014B5: process_command (in /home/imeulema/cursus/clean_minishell/minishell)
==1061022==    by 0x4013CD: main (in /home/imeulema/cursus/clean_minishell/minishell)
==1061022==  Address 0x0 is not stack'd, malloc'd or (recently) free'd
==1061022== 
==1061022== 
==1061022== 11 errors in context 2 of 3:
==1061022== Syscall param access(pathname) points to unaddressable byte(s)
==1061022==    at 0x49DC9BB: access (access.c:27)
==1061022==    by 0x407A3A: get_cmd_path (in /home/imeulema/cursus/clean_minishell/minishell)
==1061022==    by 0x405E9A: prep_cmd (in /home/imeulema/cursus/clean_minishell/minishell)
==1061022==    by 0x405A79: run_pipe (in /home/imeulema/cursus/clean_minishell/minishell)
==1061022==    by 0x4059C5: exec_pipe (in /home/imeulema/cursus/clean_minishell/minishell)
==1061022==    by 0x401612: exec_ast (in /home/imeulema/cursus/clean_minishell/minishell)
==1061022==    by 0x4014B5: process_command (in /home/imeulema/cursus/clean_minishell/minishell)
==1061022==    by 0x4013CD: main (in /home/imeulema/cursus/clean_minishell/minishell)
==1061022==  Address 0x0 is not stack'd, malloc'd or (recently) free'd
==1061022== 
==1061022== 
==1061022== 12 errors in context 3 of 3:
==1061022== Conditional jump or move depends on uninitialised value(s)
==1061022==    at 0x40BCB4: check_paren_syntax (in /home/imeulema/cursus/clean_minishell/minishell)
==1061022==    by 0x40BAA1: check_parentheses (in /home/imeulema/cursus/clean_minishell/minishell)
==1061022==    by 0x40C1A1: valid_syntax (in /home/imeulema/cursus/clean_minishell/minishell)
==1061022==    by 0x4081BD: parse (in /home/imeulema/cursus/clean_minishell/minishell)
==1061022==    by 0x40149D: process_command (in /home/imeulema/cursus/clean_minishell/minishell)
==1061022==    by 0x4013CD: main (in /home/imeulema/cursus/clean_minishell/minishell)
==1061022==  Uninitialised value was created by a stack allocation
==1061022==    at 0x40BAD0: get_last_close (in /home/imeulema/cursus/clean_minishell/minishell)
==1061022== 
--1061022-- 
--1061022-- used_suppression:     62 ignore_readline_leaks ignore_readline_leaks.supp:3 suppressed: 204,147 bytes in 221 blocks
--1061022-- used_suppression:      4 ignore_rl_history_leaks ignore_readline_leaks.supp:10 suppressed: 4,680 bytes in 49 blocks
==1061022== 
==1061022== ERROR SUMMARY: 24 errors from 3 contexts (suppressed: 0 from 0)
==1061023== 
==1061023== FILE DESCRIPTORS: 6 open (3 std) at exit.
==1061023== Open file descriptor 103: /usr/share/code/v8_context_snapshot.bin
==1061023==    <inherited from parent>
==1061023== 
==1061023== Open file descriptor 41: /home/imeulema/.config/Code/logs/20251010T135525/ptyhost.log
==1061023==    <inherited from parent>
==1061023== 
==1061023== Open file descriptor 3: /home/imeulema/cursus/clean_minishell/logs/diff_syntax.log
==1061023==    <inherited from parent>
==1061023== 
==1061023== 
==1061023== HEAP SUMMARY:
==1061023==     in use at exit: 208,835 bytes in 271 blocks
==1061023==   total heap usage: 786 allocs, 515 frees, 241,590 bytes allocated
==1061023== 
==1061023== Searching for pointers to 271 not-freed blocks
==1061023== Checked 249,800 bytes
==1061023== 
==1061023== 8 bytes in 1 blocks are still reachable in loss record 5 of 67
==1061023==    at 0x4848899: malloc (in /usr/libexec/valgrind/vgpreload_memcheck-amd64-linux.so)
==1061023==    by 0x405F0B: init_pids (in /home/imeulema/cursus/clean_minishell/minishell)
==1061023==    by 0x40599A: exec_pipe (in /home/imeulema/cursus/clean_minishell/minishell)
==1061023==    by 0x401612: exec_ast (in /home/imeulema/cursus/clean_minishell/minishell)
==1061023==    by 0x4014B5: process_command (in /home/imeulema/cursus/clean_minishell/minishell)
==1061023==    by 0x4013CD: main (in /home/imeulema/cursus/clean_minishell/minishell)
==1061023== 
==1061023== LEAK SUMMARY:
==1061023==    definitely lost: 0 bytes in 0 blocks
==1061023==    indirectly lost: 0 bytes in 0 blocks
==1061023==      possibly lost: 0 bytes in 0 blocks
==1061023==    still reachable: 8 bytes in 1 blocks
==1061023==         suppressed: 208,827 bytes in 270 blocks
==1061023== 
==1061023== ERROR SUMMARY: 24 errors from 3 contexts (suppressed: 0 from 0)
==1061023== 
==1061023== 1 errors in context 1 of 3:
==1061023== Syscall param access(pathname) points to unaddressable byte(s)
==1061023==    at 0x49DC9BB: access (access.c:27)
==1061023==    by 0x4079B0: get_cmd_path (in /home/imeulema/cursus/clean_minishell/minishell)
==1061023==    by 0x405E9A: prep_cmd (in /home/imeulema/cursus/clean_minishell/minishell)
==1061023==    by 0x405A79: run_pipe (in /home/imeulema/cursus/clean_minishell/minishell)
==1061023==    by 0x4059C5: exec_pipe (in /home/imeulema/cursus/clean_minishell/minishell)
==1061023==    by 0x401612: exec_ast (in /home/imeulema/cursus/clean_minishell/minishell)
==1061023==    by 0x4014B5: process_command (in /home/imeulema/cursus/clean_minishell/minishell)
==1061023==    by 0x4013CD: main (in /home/imeulema/cursus/clean_minishell/minishell)
==1061023==  Address 0x0 is not stack'd, malloc'd or (recently) free'd
==1061023== 
==1061023== 
==1061023== 11 errors in context 2 of 3:
==1061023== Syscall param access(pathname) points to unaddressable byte(s)
==1061023==    at 0x49DC9BB: access (access.c:27)
==1061023==    by 0x407A3A: get_cmd_path (in /home/imeulema/cursus/clean_minishell/minishell)
==1061023==    by 0x405E9A: prep_cmd (in /home/imeulema/cursus/clean_minishell/minishell)
==1061023==    by 0x405A79: run_pipe (in /home/imeulema/cursus/clean_minishell/minishell)
==1061023==    by 0x4059C5: exec_pipe (in /home/imeulema/cursus/clean_minishell/minishell)
==1061023==    by 0x401612: exec_ast (in /home/imeulema/cursus/clean_minishell/minishell)
==1061023==    by 0x4014B5: process_command (in /home/imeulema/cursus/clean_minishell/minishell)
==1061023==    by 0x4013CD: main (in /home/imeulema/cursus/clean_minishell/minishell)
==1061023==  Address 0x0 is not stack'd, malloc'd or (recently) free'd
==1061023== 
==1061023== 
==1061023== 12 errors in context 3 of 3:
==1061023== Conditional jump or move depends on uninitialised value(s)
==1061023==    at 0x40BCB4: check_paren_syntax (in /home/imeulema/cursus/clean_minishell/minishell)
==1061023==    by 0x40BAA1: check_parentheses (in /home/imeulema/cursus/clean_minishell/minishell)
==1061023==    by 0x40C1A1: valid_syntax (in /home/imeulema/cursus/clean_minishell/minishell)
==1061023==    by 0x4081BD: parse (in /home/imeulema/cursus/clean_minishell/minishell)
==1061023==    by 0x40149D: process_command (in /home/imeulema/cursus/clean_minishell/minishell)
==1061023==    by 0x4013CD: main (in /home/imeulema/cursus/clean_minishell/minishell)
==1061023==  Uninitialised value was created by a stack allocation
==1061023==    at 0x40BAD0: get_last_close (in /home/imeulema/cursus/clean_minishell/minishell)
==1061023== 
--1061023-- 
--1061023-- used_suppression:     62 ignore_readline_leaks ignore_readline_leaks.supp:3 suppressed: 204,147 bytes in 221 blocks
--1061023-- used_suppression:      4 ignore_rl_history_leaks ignore_readline_leaks.supp:10 suppressed: 4,680 bytes in 49 blocks
==1061023== 
==1061023== ERROR SUMMARY: 24 errors from 3 contexts (suppressed: 0 from 0)
==1061014== 
==1061014== FILE DESCRIPTORS: 6 open (3 std) at exit.
==1061014== Open file descriptor 103: /usr/share/code/v8_context_snapshot.bin
==1061014==    <inherited from parent>
==1061014== 
==1061014== Open file descriptor 41: /home/imeulema/.config/Code/logs/20251010T135525/ptyhost.log
==1061014==    <inherited from parent>
==1061014== 
==1061014== Open file descriptor 3: /home/imeulema/cursus/clean_minishell/logs/diff_syntax.log
==1061014==    <inherited from parent>
==1061014== 
==1061014== 
==1061014== HEAP SUMMARY:
==1061014==     in use at exit: 208,917 bytes in 276 blocks
==1061014==   total heap usage: 859 allocs, 583 frees, 242,944 bytes allocated
==1061014== 
==1061014== Searching for pointers to 276 not-freed blocks
==1061014== Checked 249,416 bytes
==1061014== 
==1061014== LEAK SUMMARY:
==1061014==    definitely lost: 0 bytes in 0 blocks
==1061014==    indirectly lost: 0 bytes in 0 blocks
==1061014==      possibly lost: 0 bytes in 0 blocks
==1061014==    still reachable: 0 bytes in 0 blocks
==1061014==         suppressed: 208,917 bytes in 276 blocks
==1061014== 
==1061014== ERROR SUMMARY: 31 errors from 3 contexts (suppressed: 0 from 0)
==1061014== 
==1061014== 1 errors in context 1 of 3:
==1061014== Syscall param access(pathname) points to unaddressable byte(s)
==1061014==    at 0x49DC9BB: access (access.c:27)
==1061014==    by 0x4079B0: get_cmd_path (in /home/imeulema/cursus/clean_minishell/minishell)
==1061014==    by 0x405E9A: prep_cmd (in /home/imeulema/cursus/clean_minishell/minishell)
==1061014==    by 0x405A79: run_pipe (in /home/imeulema/cursus/clean_minishell/minishell)
==1061014==    by 0x4059C5: exec_pipe (in /home/imeulema/cursus/clean_minishell/minishell)
==1061014==    by 0x401612: exec_ast (in /home/imeulema/cursus/clean_minishell/minishell)
==1061014==    by 0x4014B5: process_command (in /home/imeulema/cursus/clean_minishell/minishell)
==1061014==    by 0x4013CD: main (in /home/imeulema/cursus/clean_minishell/minishell)
==1061014==  Address 0x0 is not stack'd, malloc'd or (recently) free'd
==1061014== 
==1061014== 
==1061014== 11 errors in context 2 of 3:
==1061014== Syscall param access(pathname) points to unaddressable byte(s)
==1061014==    at 0x49DC9BB: access (access.c:27)
==1061014==    by 0x407A3A: get_cmd_path (in /home/imeulema/cursus/clean_minishell/minishell)
==1061014==    by 0x405E9A: prep_cmd (in /home/imeulema/cursus/clean_minishell/minishell)
==1061014==    by 0x405A79: run_pipe (in /home/imeulema/cursus/clean_minishell/minishell)
==1061014==    by 0x4059C5: exec_pipe (in /home/imeulema/cursus/clean_minishell/minishell)
==1061014==    by 0x401612: exec_ast (in /home/imeulema/cursus/clean_minishell/minishell)
==1061014==    by 0x4014B5: process_command (in /home/imeulema/cursus/clean_minishell/minishell)
==1061014==    by 0x4013CD: main (in /home/imeulema/cursus/clean_minishell/minishell)
==1061014==  Address 0x0 is not stack'd, malloc'd or (recently) free'd
==1061014== 
==1061014== 
==1061014== 19 errors in context 3 of 3:
==1061014== Conditional jump or move depends on uninitialised value(s)
==1061014==    at 0x40BCB4: check_paren_syntax (in /home/imeulema/cursus/clean_minishell/minishell)
==1061014==    by 0x40BAA1: check_parentheses (in /home/imeulema/cursus/clean_minishell/minishell)
==1061014==    by 0x40C1A1: valid_syntax (in /home/imeulema/cursus/clean_minishell/minishell)
==1061014==    by 0x4081BD: parse (in /home/imeulema/cursus/clean_minishell/minishell)
==1061014==    by 0x40149D: process_command (in /home/imeulema/cursus/clean_minishell/minishell)
==1061014==    by 0x4013CD: main (in /home/imeulema/cursus/clean_minishell/minishell)
==1061014==  Uninitialised value was created by a stack allocation
==1061014==    at 0x40BAD0: get_last_close (in /home/imeulema/cursus/clean_minishell/minishell)
==1061014== 
--1061014-- 
--1061014-- used_suppression:     62 ignore_readline_leaks ignore_readline_leaks.supp:3 suppressed: 204,147 bytes in 221 blocks
--1061014-- used_suppression:      4 ignore_rl_history_leaks ignore_readline_leaks.supp:10 suppressed: 4,770 bytes in 55 blocks
==1061014== 
==1061014== ERROR SUMMARY: 31 errors from 3 contexts (suppressed: 0 from 0)
