==2170397== Memcheck, a memory error detector
==2170397== Copyright (C) 2002-2017, and GNU GPL'd, by Julian Seward et al.
==2170397== Using Valgrind-3.18.1-42b08ed5bd-20211015 and LibVEX; rerun with -h for copyright info
==2170397== Command: ./minishell
==2170397== Parent PID: 2170367
==2170397== 
--2170397-- 
--2170397-- Valgrind options:
--2170397--    --leak-check=full
--2170397--    --show-leak-kinds=all
--2170397--    --track-origins=yes
--2170397--    --verbose
--2170397--    --track-fds=yes
--2170397--    --log-file=logs/mix.log
--2170397--    --suppressions=ignore_readline_leaks.supp
--2170397-- Contents of /proc/version:
--2170397--   Linux version 6.6.72-x64v3-t2-jammy-xanmod1 (root@fv-az1245-313) (gcc (Ubuntu 11.4.0-1ubuntu1~22.04) 11.4.0, GNU ld (GNU Binutils for Ubuntu) 2.38) #xanmod1 SMP PREEMPT_DYNAMIC Sat Jan 18 01:41:53 UTC 2025
--2170397-- 
--2170397-- Arch and hwcaps: AMD64, LittleEndian, amd64-cx16-lzcnt-rdtscp-sse3-ssse3-avx-avx2-bmi-f16c-rdrand-rdseed
--2170397-- Page sizes: currently 4096, max supported 4096
--2170397-- Valgrind library directory: /usr/libexec/valgrind
--2170397-- Reading syms from /home/imeulema/cursus/minishell/minishell
--2170397-- Reading syms from /usr/lib/x86_64-linux-gnu/ld-linux-x86-64.so.2
--2170397--   Considering /usr/lib/debug/.build-id/ac/af96d7b1a6bad57b559d646233d5dc1a23257c.debug ..
--2170397--   .. build-id is valid
--2170397-- Reading syms from /usr/libexec/valgrind/memcheck-amd64-linux
--2170397--    object doesn't have a symbol table
--2170397--    object doesn't have a dynamic symbol table
--2170397-- Scheduler: using generic scheduler lock implementation.
--2170397-- Reading suppressions file: ignore_readline_leaks.supp
--2170397-- Reading suppressions file: /usr/libexec/valgrind/default.supp
==2170397== embedded gdbserver: reading from /tmp/vgdb-pipe-from-vgdb-to-2170397-by-imeulema-on-???
==2170397== embedded gdbserver: writing to   /tmp/vgdb-pipe-to-vgdb-from-2170397-by-imeulema-on-???
==2170397== embedded gdbserver: shared mem   /tmp/vgdb-pipe-shared-mem-vgdb-2170397-by-imeulema-on-???
==2170397== 
==2170397== TO CONTROL THIS PROCESS USING vgdb (which you probably
==2170397== don't want to do, unless you know exactly what you're doing,
==2170397== or are doing some strange experiment):
==2170397==   /usr/bin/vgdb --pid=2170397 ...command...
==2170397== 
==2170397== TO DEBUG THIS PROCESS USING GDB: start GDB like this
==2170397==   /path/to/gdb ./minishell
==2170397== and then give GDB the following command
==2170397==   target remote | /usr/bin/vgdb --pid=2170397
==2170397== --pid is optional if only one valgrind process is running
==2170397== 
--2170397-- REDIR: 0x402aa40 (ld-linux-x86-64.so.2:strlen) redirected to 0x580bcec2 (???)
--2170397-- REDIR: 0x402a810 (ld-linux-x86-64.so.2:index) redirected to 0x580bcedc (???)
--2170397-- Reading syms from /usr/libexec/valgrind/vgpreload_core-amd64-linux.so
--2170397--    object doesn't have a symbol table
--2170397-- Reading syms from /usr/libexec/valgrind/vgpreload_memcheck-amd64-linux.so
--2170397--    object doesn't have a symbol table
==2170397== WARNING: new redirection conflicts with existing -- ignoring it
--2170397--     old: 0x0402aa40 (strlen              ) R-> (0000.0) 0x580bcec2 ???
--2170397--     new: 0x0402aa40 (strlen              ) R-> (2007.0) 0x0484ee30 strlen
--2170397-- REDIR: 0x4027220 (ld-linux-x86-64.so.2:strcmp) redirected to 0x484fcd0 (strcmp)
--2170397-- REDIR: 0x402afa0 (ld-linux-x86-64.so.2:mempcpy) redirected to 0x4853840 (mempcpy)
--2170397-- Reading syms from /usr/lib/x86_64-linux-gnu/libreadline.so.8.1
--2170397--    object doesn't have a symbol table
--2170397-- Reading syms from /usr/lib/x86_64-linux-gnu/libc.so.6
--2170397--   Considering /usr/lib/debug/.build-id/4f/7b0c955c3d81d7cac1501a2498b69d1d82bfe7.debug ..
--2170397--   .. build-id is valid
==2170397== WARNING: new redirection conflicts with existing -- ignoring it
--2170397--     old: 0x0496dc60 (memalign            ) R-> (1011.0) 0x0484e080 memalign
--2170397--     new: 0x0496dc60 (memalign            ) R-> (1017.0) 0x0484e050 aligned_alloc
==2170397== WARNING: new redirection conflicts with existing -- ignoring it
--2170397--     old: 0x0496dc60 (memalign            ) R-> (1011.0) 0x0484e080 memalign
--2170397--     new: 0x0496dc60 (memalign            ) R-> (1017.0) 0x0484e020 aligned_alloc
==2170397== WARNING: new redirection conflicts with existing -- ignoring it
--2170397--     old: 0x0496dc60 (memalign            ) R-> (1011.0) 0x0484e080 memalign
--2170397--     new: 0x0496dc60 (memalign            ) R-> (1017.0) 0x0484e050 aligned_alloc
==2170397== WARNING: new redirection conflicts with existing -- ignoring it
--2170397--     old: 0x0496dc60 (memalign            ) R-> (1011.0) 0x0484e080 memalign
--2170397--     new: 0x0496dc60 (memalign            ) R-> (1017.0) 0x0484e020 aligned_alloc
--2170397-- Reading syms from /usr/lib/x86_64-linux-gnu/libtinfo.so.6.3
--2170397--    object doesn't have a symbol table
--2170397-- REDIR: 0x4970720 (libc.so.6:strnlen) redirected to 0x483f220 (_vgnU_ifunc_wrapper)
--2170397-- REDIR: 0x49709e0 (libc.so.6:strpbrk) redirected to 0x483f220 (_vgnU_ifunc_wrapper)
--2170397-- REDIR: 0x49702e0 (libc.so.6:strcmp) redirected to 0x483f220 (_vgnU_ifunc_wrapper)
--2170397-- REDIR: 0x498ecd0 (libc.so.6:wcsnlen) redirected to 0x483f220 (_vgnU_ifunc_wrapper)
--2170397-- REDIR: 0x49716d0 (libc.so.6:memset) redirected to 0x483f220 (_vgnU_ifunc_wrapper)
--2170397-- REDIR: 0x498d540 (libc.so.6:wcslen) redirected to 0x483f220 (_vgnU_ifunc_wrapper)
--2170397-- REDIR: 0x4971c10 (libc.so.6:memcpy@@GLIBC_2.14) redirected to 0x483f220 (_vgnU_ifunc_wrapper)
--2170397-- REDIR: 0x498d370 (libc.so.6:wcschr) redirected to 0x483f220 (_vgnU_ifunc_wrapper)
--2170397-- REDIR: 0x4970260 (libc.so.6:index) redirected to 0x483f220 (_vgnU_ifunc_wrapper)
--2170397-- REDIR: 0x4970960 (libc.so.6:rindex) redirected to 0x483f220 (_vgnU_ifunc_wrapper)
--2170397-- REDIR: 0x49715a0 (libc.so.6:memmove) redirected to 0x483f220 (_vgnU_ifunc_wrapper)
==2170397== Preferring higher priority redirection:
--2170397--     old: 0x04a68840 (__memcpy_avx_unalign) R-> (2018.0) 0x04850f90 __memcpy_avx_unaligned_erms
--2170397--     new: 0x04a68840 (__memcpy_avx_unalign) R-> (2018.1) 0x04852880 memmove
--2170397-- REDIR: 0x498d3f0 (libc.so.6:wcscmp) redirected to 0x483f220 (_vgnU_ifunc_wrapper)
--2170397-- REDIR: 0x49719e0 (libc.so.6:stpncpy) redirected to 0x483f220 (_vgnU_ifunc_wrapper)
--2170397-- REDIR: 0x498d9b0 (libc.so.6:wmemchr) redirected to 0x483f220 (_vgnU_ifunc_wrapper)
--2170397-- REDIR: 0x4970830 (libc.so.6:strncmp) redirected to 0x483f220 (_vgnU_ifunc_wrapper)
--2170397-- REDIR: 0x4971a70 (libc.so.6:strcasecmp) redirected to 0x483f220 (_vgnU_ifunc_wrapper)
--2170397-- REDIR: 0x4970420 (libc.so.6:strcspn) redirected to 0x483f220 (_vgnU_ifunc_wrapper)
--2170397-- REDIR: 0x498d470 (libc.so.6:wcscpy) redirected to 0x483f220 (_vgnU_ifunc_wrapper)
--2170397-- REDIR: 0x49701d0 (libc.so.6:strcat) redirected to 0x483f220 (_vgnU_ifunc_wrapper)
--2170397-- REDIR: 0x4971b60 (libc.so.6:strncasecmp_l) redirected to 0x483f220 (_vgnU_ifunc_wrapper)
--2170397-- REDIR: 0x4971480 (libc.so.6:bcmp) redirected to 0x483f220 (_vgnU_ifunc_wrapper)
--2170397-- REDIR: 0x4979570 (libc.so.6:memrchr) redirected to 0x483f220 (_vgnU_ifunc_wrapper)
--2170397-- REDIR: 0x4973010 (libc.so.6:strchrnul) redirected to 0x483f220 (_vgnU_ifunc_wrapper)
--2170397-- REDIR: 0x4970390 (libc.so.6:strcpy) redirected to 0x483f220 (_vgnU_ifunc_wrapper)
--2170397-- REDIR: 0x4971b10 (libc.so.6:strcasecmp_l) redirected to 0x483f220 (_vgnU_ifunc_wrapper)
--2170397-- REDIR: 0x49706a0 (libc.so.6:strlen) redirected to 0x483f220 (_vgnU_ifunc_wrapper)
--2170397-- REDIR: 0x49708d0 (libc.so.6:strncpy) redirected to 0x483f220 (_vgnU_ifunc_wrapper)
--2170397-- REDIR: 0x4971950 (libc.so.6:stpcpy) redirected to 0x483f220 (_vgnU_ifunc_wrapper)
--2170397-- REDIR: 0x49713f0 (libc.so.6:memchr) redirected to 0x483f220 (_vgnU_ifunc_wrapper)
--2170397-- REDIR: 0x4970b00 (libc.so.6:strspn) redirected to 0x483f220 (_vgnU_ifunc_wrapper)
--2170397-- REDIR: 0x49717d0 (libc.so.6:mempcpy) redirected to 0x483f220 (_vgnU_ifunc_wrapper)
--2170397-- REDIR: 0x4971ac0 (libc.so.6:strncasecmp) redirected to 0x483f220 (_vgnU_ifunc_wrapper)
--2170397-- REDIR: 0x4972f80 (libc.so.6:rawmemchr) redirected to 0x483f220 (_vgnU_ifunc_wrapper)
--2170397-- REDIR: 0x49707a0 (libc.so.6:strncat) redirected to 0x483f220 (_vgnU_ifunc_wrapper)
--2170397-- REDIR: 0x49fc2f0 (libc.so.6:__memcpy_chk) redirected to 0x483f220 (_vgnU_ifunc_wrapper)
--2170397-- REDIR: 0x4971310 (libc.so.6:strstr) redirected to 0x483f220 (_vgnU_ifunc_wrapper)
--2170397-- REDIR: 0x4a65690 (libc.so.6:__strrchr_avx2) redirected to 0x484e810 (rindex)
--2170397-- REDIR: 0x496d0a0 (libc.so.6:malloc) redirected to 0x4848820 (malloc)
--2170397-- REDIR: 0x496d3e0 (libc.so.6:free) redirected to 0x484b210 (free)
--2170397-- REDIR: 0x4a65860 (libc.so.6:__strlen_avx2) redirected to 0x484ed10 (strlen)
--2170397-- REDIR: 0x4a60e00 (libc.so.6:__strncmp_avx2) redirected to 0x484f3e0 (strncmp)
--2170397-- REDIR: 0x4a68840 (libc.so.6:__memcpy_avx_unaligned_erms) redirected to 0x4852880 (memmove)
--2170397-- REDIR: 0x4a65480 (libc.so.6:__strchrnul_avx2) redirected to 0x4853330 (strchrnul)
--2170397-- REDIR: 0x490d150 (libc.so.6:setenv) redirected to 0x48542d0 (setenv)
--2170397-- REDIR: 0x4a65200 (libc.so.6:__strchr_avx2) redirected to 0x484e9f0 (index)
--2170397-- REDIR: 0x496d740 (libc.so.6:realloc) redirected to 0x484dc50 (realloc)
--2170397-- REDIR: 0x4a68800 (libc.so.6:__mempcpy_avx_unaligned_erms) redirected to 0x4853440 (mempcpy)
--2170397-- REDIR: 0x4a609c0 (libc.so.6:__strcmp_avx2) redirected to 0x484fbd0 (strcmp)
--2170397-- REDIR: 0x496e520 (libc.so.6:calloc) redirected to 0x484d9d0 (calloc)
--2170397-- REDIR: 0x4a659e0 (libc.so.6:__strnlen_avx2) redirected to 0x484ecb0 (strnlen)
--2170397-- REDIR: 0x4a66d30 (libc.so.6:__strcpy_avx2) redirected to 0x484ee60 (strcpy)
--2170397-- REDIR: 0x4970fc0 (libc.so.6:__GI_strstr) redirected to 0x4853ae0 (__strstr_sse2)
--2170397-- REDIR: 0x4a68810 (libc.so.6:__memcpy_chk_avx_unaligned_erms) redirected to 0x4853940 (__memcpy_chk)
--2170397-- REDIR: 0x4a69000 (libc.so.6:__memset_avx2_unaligned_erms) redirected to 0x4852770 (memset)
--2170397-- REDIR: 0x4a670c0 (libc.so.6:__strncpy_avx2) redirected to 0x484efe0 (strncpy)
--2170397-- REDIR: 0x4a61340 (libc.so.6:__memchr_avx2) redirected to 0x484fd50 (memchr)
--2170397-- REDIR: 0x4a67a20 (libc.so.6:__stpcpy_avx2) redirected to 0x4852130 (stpcpy)
--2170397-- REDIR: 0x4a621b0 (libc.so.6:__strcasecmp_avx) redirected to 0x484f560 (strcasecmp)
--2170397-- REDIR: 0x4a63830 (libc.so.6:__strncasecmp_avx) redirected to 0x484f640 (strncasecmp)
--2170397-- REDIR: 0x4a61b00 (libc.so.6:__memcmp_avx2_movbe) redirected to 0x4852010 (bcmp)
==2170415== 
==2170415== FILE DESCRIPTORS: 7 open (3 std) at exit.
==2170415== Open file descriptor 103: /usr/share/code/v8_context_snapshot.bin
==2170415==    <inherited from parent>
==2170415== 
==2170415== Open AF_UNIX socket 41: <unknown>
==2170415==    <inherited from parent>
==2170415== 
==2170415== Open file descriptor 40: /home/imeulema/.config/Code/logs/20251025T131629/ptyhost.log
==2170415==    <inherited from parent>
==2170415== 
==2170415== Open file descriptor 3: /home/imeulema/cursus/minishell/logs/mix.log
==2170415==    <inherited from parent>
==2170415== 
==2170415== 
==2170415== HEAP SUMMARY:
==2170415==     in use at exit: 210,528 bytes in 330 blocks
==2170415==   total heap usage: 2,215 allocs, 1,885 frees, 271,293 bytes allocated
==2170415== 
==2170415== Searching for pointers to 330 not-freed blocks
==2170415== Checked 251,744 bytes
==2170415== 
==2170415== LEAK SUMMARY:
==2170415==    definitely lost: 0 bytes in 0 blocks
==2170415==    indirectly lost: 0 bytes in 0 blocks
==2170415==      possibly lost: 0 bytes in 0 blocks
==2170415==    still reachable: 0 bytes in 0 blocks
==2170415==         suppressed: 210,528 bytes in 330 blocks
==2170415== 
==2170415== ERROR SUMMARY: 0 errors from 0 contexts (suppressed: 0 from 0)
--2170415-- 
--2170415-- used_suppression:     62 ignore_readline_leaks ignore_readline_leaks.supp:3 suppressed: 204,185 bytes in 221 blocks
--2170415-- used_suppression:      4 ignore_rl_history_leaks ignore_readline_leaks.supp:10 suppressed: 6,343 bytes in 109 blocks
==2170415== 
==2170415== ERROR SUMMARY: 0 errors from 0 contexts (suppressed: 0 from 0)
==2170418== 
==2170418== FILE DESCRIPTORS: 7 open (3 std) at exit.
==2170418== Open file descriptor 103: /usr/share/code/v8_context_snapshot.bin
==2170418==    <inherited from parent>
==2170418== 
==2170418== Open AF_UNIX socket 41: <unknown>
==2170418==    <inherited from parent>
==2170418== 
==2170418== Open file descriptor 40: /home/imeulema/.config/Code/logs/20251025T131629/ptyhost.log
==2170418==    <inherited from parent>
==2170418== 
==2170418== Open file descriptor 3: /home/imeulema/cursus/minishell/logs/mix.log
==2170418==    <inherited from parent>
==2170418== 
==2170418== 
==2170418== HEAP SUMMARY:
==2170418==     in use at exit: 210,625 bytes in 333 blocks
==2170418==   total heap usage: 2,339 allocs, 2,006 frees, 272,576 bytes allocated
==2170418== 
==2170418== Searching for pointers to 333 not-freed blocks
==2170418== Checked 251,800 bytes
==2170418== 
==2170418== LEAK SUMMARY:
==2170418==    definitely lost: 0 bytes in 0 blocks
==2170418==    indirectly lost: 0 bytes in 0 blocks
==2170418==      possibly lost: 0 bytes in 0 blocks
==2170418==    still reachable: 0 bytes in 0 blocks
==2170418==         suppressed: 210,625 bytes in 333 blocks
==2170418== 
==2170418== ERROR SUMMARY: 0 errors from 0 contexts (suppressed: 0 from 0)
--2170418-- 
--2170418-- used_suppression:     62 ignore_readline_leaks ignore_readline_leaks.supp:3 suppressed: 204,185 bytes in 221 blocks
--2170418-- used_suppression:      4 ignore_rl_history_leaks ignore_readline_leaks.supp:10 suppressed: 6,440 bytes in 112 blocks
==2170418== 
==2170418== ERROR SUMMARY: 0 errors from 0 contexts (suppressed: 0 from 0)
==2170439== 
==2170439== FILE DESCRIPTORS: 7 open (3 std) at exit.
==2170439== Open file descriptor 103: /usr/share/code/v8_context_snapshot.bin
==2170439==    <inherited from parent>
==2170439== 
==2170439== Open AF_UNIX socket 41: <unknown>
==2170439==    <inherited from parent>
==2170439== 
==2170439== Open file descriptor 40: /home/imeulema/.config/Code/logs/20251025T131629/ptyhost.log
==2170439==    <inherited from parent>
==2170439== 
==2170439== Open file descriptor 3: /home/imeulema/cursus/minishell/logs/mix.log
==2170439==    <inherited from parent>
==2170439== 
==2170439== 
==2170439== HEAP SUMMARY:
==2170439==     in use at exit: 211,371 bytes in 363 blocks
==2170439==   total heap usage: 2,983 allocs, 2,620 frees, 287,050 bytes allocated
==2170439== 
==2170439== Searching for pointers to 363 not-freed blocks
==2170439== Checked 252,504 bytes
==2170439== 
==2170439== LEAK SUMMARY:
==2170439==    definitely lost: 0 bytes in 0 blocks
==2170439==    indirectly lost: 0 bytes in 0 blocks
==2170439==      possibly lost: 0 bytes in 0 blocks
==2170439==    still reachable: 0 bytes in 0 blocks
==2170439==         suppressed: 211,371 bytes in 363 blocks
==2170439== 
==2170439== ERROR SUMMARY: 0 errors from 0 contexts (suppressed: 0 from 0)
--2170439-- 
--2170439-- used_suppression:     62 ignore_readline_leaks ignore_readline_leaks.supp:3 suppressed: 204,185 bytes in 221 blocks
--2170439-- used_suppression:      4 ignore_rl_history_leaks ignore_readline_leaks.supp:10 suppressed: 7,186 bytes in 142 blocks
==2170439== 
==2170439== ERROR SUMMARY: 0 errors from 0 contexts (suppressed: 0 from 0)
==2170440== 
==2170440== FILE DESCRIPTORS: 7 open (3 std) at exit.
==2170440== Open file descriptor 103: /usr/share/code/v8_context_snapshot.bin
==2170440==    <inherited from parent>
==2170440== 
==2170440== Open AF_UNIX socket 41: <unknown>
==2170440==    <inherited from parent>
==2170440== 
==2170440== Open file descriptor 40: /home/imeulema/.config/Code/logs/20251025T131629/ptyhost.log
==2170440==    <inherited from parent>
==2170440== 
==2170440== Open file descriptor 3: /home/imeulema/cursus/minishell/logs/mix.log
==2170440==    <inherited from parent>
==2170440== 
==2170440== 
==2170440== HEAP SUMMARY:
==2170440==     in use at exit: 211,434 bytes in 366 blocks
==2170440==   total heap usage: 3,028 allocs, 2,662 frees, 288,181 bytes allocated
==2170440== 
==2170440== Searching for pointers to 366 not-freed blocks
==2170440== Checked 252,568 bytes
==2170440== 
==2170440== LEAK SUMMARY:
==2170440==    definitely lost: 0 bytes in 0 blocks
==2170440==    indirectly lost: 0 bytes in 0 blocks
==2170440==      possibly lost: 0 bytes in 0 blocks
==2170440==    still reachable: 0 bytes in 0 blocks
==2170440==         suppressed: 211,434 bytes in 366 blocks
==2170440== 
==2170440== ERROR SUMMARY: 0 errors from 0 contexts (suppressed: 0 from 0)
--2170440-- 
--2170440-- used_suppression:     62 ignore_readline_leaks ignore_readline_leaks.supp:3 suppressed: 204,185 bytes in 221 blocks
--2170440-- used_suppression:      4 ignore_rl_history_leaks ignore_readline_leaks.supp:10 suppressed: 7,249 bytes in 145 blocks
==2170440== 
==2170440== ERROR SUMMARY: 0 errors from 0 contexts (suppressed: 0 from 0)
==2170466== 
==2170466== FILE DESCRIPTORS: 7 open (3 std) at exit.
==2170466== Open file descriptor 103: /usr/share/code/v8_context_snapshot.bin
==2170466==    <inherited from parent>
==2170466== 
==2170466== Open AF_UNIX socket 41: <unknown>
==2170466==    <inherited from parent>
==2170466== 
==2170466== Open file descriptor 40: /home/imeulema/.config/Code/logs/20251025T131629/ptyhost.log
==2170466==    <inherited from parent>
==2170466== 
==2170466== Open file descriptor 3: /home/imeulema/cursus/minishell/logs/mix.log
==2170466==    <inherited from parent>
==2170466== 
==2170466== 
==2170466== HEAP SUMMARY:
==2170466==     in use at exit: 213,533 bytes in 453 blocks
==2170466==   total heap usage: 4,910 allocs, 4,457 frees, 333,206 bytes allocated
==2170466== 
==2170466== Searching for pointers to 453 not-freed blocks
==2170466== Checked 254,720 bytes
==2170466== 
==2170466== LEAK SUMMARY:
==2170466==    definitely lost: 0 bytes in 0 blocks
==2170466==    indirectly lost: 0 bytes in 0 blocks
==2170466==      possibly lost: 0 bytes in 0 blocks
==2170466==    still reachable: 0 bytes in 0 blocks
==2170466==         suppressed: 213,533 bytes in 453 blocks
==2170466== 
==2170466== ERROR SUMMARY: 0 errors from 0 contexts (suppressed: 0 from 0)
--2170466-- 
--2170466-- used_suppression:     62 ignore_readline_leaks ignore_readline_leaks.supp:3 suppressed: 204,185 bytes in 221 blocks
--2170466-- used_suppression:      4 ignore_rl_history_leaks ignore_readline_leaks.supp:10 suppressed: 9,348 bytes in 232 blocks
==2170466== 
==2170466== ERROR SUMMARY: 0 errors from 0 contexts (suppressed: 0 from 0)
==2170472== 
==2170472== FILE DESCRIPTORS: 7 open (3 std) at exit.
==2170472== Open file descriptor 103: /usr/share/code/v8_context_snapshot.bin
==2170472==    <inherited from parent>
==2170472== 
==2170472== Open AF_UNIX socket 41: <unknown>
==2170472==    <inherited from parent>
==2170472== 
==2170472== Open file descriptor 40: /home/imeulema/.config/Code/logs/20251025T131629/ptyhost.log
==2170472==    <inherited from parent>
==2170472== 
==2170472== Open file descriptor 3: /home/imeulema/cursus/minishell/logs/mix.log
==2170472==    <inherited from parent>
==2170472== 
==2170472== 
==2170472== HEAP SUMMARY:
==2170472==     in use at exit: 213,616 bytes in 456 blocks
==2170472==   total heap usage: 5,013 allocs, 4,557 frees, 333,873 bytes allocated
==2170472== 
==2170472== Searching for pointers to 456 not-freed blocks
==2170472== Checked 254,712 bytes
==2170472== 
==2170472== LEAK SUMMARY:
==2170472==    definitely lost: 0 bytes in 0 blocks
==2170472==    indirectly lost: 0 bytes in 0 blocks
==2170472==      possibly lost: 0 bytes in 0 blocks
==2170472==    still reachable: 0 bytes in 0 blocks
==2170472==         suppressed: 213,616 bytes in 456 blocks
==2170472== 
==2170472== ERROR SUMMARY: 0 errors from 0 contexts (suppressed: 0 from 0)
--2170472-- 
--2170472-- used_suppression:     62 ignore_readline_leaks ignore_readline_leaks.supp:3 suppressed: 204,185 bytes in 221 blocks
--2170472-- used_suppression:      4 ignore_rl_history_leaks ignore_readline_leaks.supp:10 suppressed: 9,431 bytes in 235 blocks
==2170472== 
==2170472== ERROR SUMMARY: 0 errors from 0 contexts (suppressed: 0 from 0)
==2170481== 
==2170481== FILE DESCRIPTORS: 7 open (3 std) at exit.
==2170481== Open file descriptor 103: /usr/share/code/v8_context_snapshot.bin
==2170481==    <inherited from parent>
==2170481== 
==2170481== Open AF_UNIX socket 41: <unknown>
==2170481==    <inherited from parent>
==2170481== 
==2170481== Open file descriptor 40: /home/imeulema/.config/Code/logs/20251025T131629/ptyhost.log
==2170481==    <inherited from parent>
==2170481== 
==2170481== Open file descriptor 3: /home/imeulema/cursus/minishell/logs/mix.log
==2170481==    <inherited from parent>
==2170481== 
==2170481== 
==2170481== HEAP SUMMARY:
==2170481==     in use at exit: 213,875 bytes in 465 blocks
==2170481==   total heap usage: 5,316 allocs, 4,851 frees, 340,391 bytes allocated
==2170481== 
==2170481== Searching for pointers to 465 not-freed blocks
==2170481== Checked 255,016 bytes
==2170481== 
==2170481== LEAK SUMMARY:
==2170481==    definitely lost: 0 bytes in 0 blocks
==2170481==    indirectly lost: 0 bytes in 0 blocks
==2170481==      possibly lost: 0 bytes in 0 blocks
==2170481==    still reachable: 0 bytes in 0 blocks
==2170481==         suppressed: 213,875 bytes in 465 blocks
==2170481== 
==2170481== ERROR SUMMARY: 0 errors from 0 contexts (suppressed: 0 from 0)
--2170481-- 
--2170481-- used_suppression:     62 ignore_readline_leaks ignore_readline_leaks.supp:3 suppressed: 204,185 bytes in 221 blocks
--2170481-- used_suppression:      4 ignore_rl_history_leaks ignore_readline_leaks.supp:10 suppressed: 9,690 bytes in 244 blocks
==2170481== 
==2170481== ERROR SUMMARY: 0 errors from 0 contexts (suppressed: 0 from 0)
==2170486== 
==2170486== FILE DESCRIPTORS: 7 open (3 std) at exit.
==2170486== Open file descriptor 103: /usr/share/code/v8_context_snapshot.bin
==2170486==    <inherited from parent>
==2170486== 
==2170486== Open AF_UNIX socket 41: <unknown>
==2170486==    <inherited from parent>
==2170486== 
==2170486== Open file descriptor 40: /home/imeulema/.config/Code/logs/20251025T131629/ptyhost.log
==2170486==    <inherited from parent>
==2170486== 
==2170486== Open file descriptor 3: /home/imeulema/cursus/minishell/logs/mix.log
==2170486==    <inherited from parent>
==2170486== 
==2170486== 
==2170486== HEAP SUMMARY:
==2170486==     in use at exit: 214,834 bytes in 507 blocks
==2170486==   total heap usage: 6,137 allocs, 5,630 frees, 358,910 bytes allocated
==2170486== 
==2170486== Searching for pointers to 507 not-freed blocks
==2170486== Checked 255,936 bytes
==2170486== 
==2170486== LEAK SUMMARY:
==2170486==    definitely lost: 0 bytes in 0 blocks
==2170486==    indirectly lost: 0 bytes in 0 blocks
==2170486==      possibly lost: 0 bytes in 0 blocks
==2170486==    still reachable: 0 bytes in 0 blocks
==2170486==         suppressed: 214,834 bytes in 507 blocks
==2170486== 
==2170486== ERROR SUMMARY: 0 errors from 0 contexts (suppressed: 0 from 0)
--2170486-- 
--2170486-- used_suppression:     62 ignore_readline_leaks ignore_readline_leaks.supp:3 suppressed: 204,185 bytes in 221 blocks
--2170486-- used_suppression:      4 ignore_rl_history_leaks ignore_readline_leaks.supp:10 suppressed: 10,649 bytes in 286 blocks
==2170486== 
==2170486== ERROR SUMMARY: 0 errors from 0 contexts (suppressed: 0 from 0)
==2170488== 
==2170488== FILE DESCRIPTORS: 7 open (3 std) at exit.
==2170488== Open file descriptor 103: /usr/share/code/v8_context_snapshot.bin
==2170488==    <inherited from parent>
==2170488== 
==2170488== Open AF_UNIX socket 41: <unknown>
==2170488==    <inherited from parent>
==2170488== 
==2170488== Open file descriptor 40: /home/imeulema/.config/Code/logs/20251025T131629/ptyhost.log
==2170488==    <inherited from parent>
==2170488== 
==2170488== Open file descriptor 3: /home/imeulema/cursus/minishell/logs/mix.log
==2170488==    <inherited from parent>
==2170488== 
==2170488== 
==2170488== HEAP SUMMARY:
==2170488==     in use at exit: 214,885 bytes in 510 blocks
==2170488==   total heap usage: 6,174 allocs, 5,664 frees, 359,754 bytes allocated
==2170488== 
==2170488== Searching for pointers to 510 not-freed blocks
==2170488== Checked 255,984 bytes
==2170488== 
==2170488== LEAK SUMMARY:
==2170488==    definitely lost: 0 bytes in 0 blocks
==2170488==    indirectly lost: 0 bytes in 0 blocks
==2170488==      possibly lost: 0 bytes in 0 blocks
==2170488==    still reachable: 0 bytes in 0 blocks
==2170488==         suppressed: 214,885 bytes in 510 blocks
==2170488== 
==2170488== ERROR SUMMARY: 0 errors from 0 contexts (suppressed: 0 from 0)
--2170488-- 
--2170488-- used_suppression:     62 ignore_readline_leaks ignore_readline_leaks.supp:3 suppressed: 204,185 bytes in 221 blocks
--2170488-- used_suppression:      4 ignore_rl_history_leaks ignore_readline_leaks.supp:10 suppressed: 10,700 bytes in 289 blocks
==2170488== 
==2170488== ERROR SUMMARY: 0 errors from 0 contexts (suppressed: 0 from 0)
==2170490== 
==2170490== FILE DESCRIPTORS: 7 open (3 std) at exit.
==2170490== Open file descriptor 103: /usr/share/code/v8_context_snapshot.bin
==2170490==    <inherited from parent>
==2170490== 
==2170490== Open AF_UNIX socket 41: <unknown>
==2170490==    <inherited from parent>
==2170490== 
==2170490== Open file descriptor 40: /home/imeulema/.config/Code/logs/20251025T131629/ptyhost.log
==2170490==    <inherited from parent>
==2170490== 
==2170490== Open file descriptor 3: /home/imeulema/cursus/minishell/logs/mix.log
==2170490==    <inherited from parent>
==2170490== 
==2170490== 
==2170490== HEAP SUMMARY:
==2170490==     in use at exit: 214,947 bytes in 513 blocks
==2170490==   total heap usage: 6,234 allocs, 5,721 frees, 361,094 bytes allocated
==2170490== 
==2170490== Searching for pointers to 513 not-freed blocks
==2170490== Checked 256,048 bytes
==2170490== 
==2170490== LEAK SUMMARY:
==2170490==    definitely lost: 0 bytes in 0 blocks
==2170490==    indirectly lost: 0 bytes in 0 blocks
==2170490==      possibly lost: 0 bytes in 0 blocks
==2170490==    still reachable: 0 bytes in 0 blocks
==2170490==         suppressed: 214,947 bytes in 513 blocks
==2170490== 
==2170490== ERROR SUMMARY: 0 errors from 0 contexts (suppressed: 0 from 0)
--2170490-- 
--2170490-- used_suppression:     62 ignore_readline_leaks ignore_readline_leaks.supp:3 suppressed: 204,185 bytes in 221 blocks
--2170490-- used_suppression:      4 ignore_rl_history_leaks ignore_readline_leaks.supp:10 suppressed: 10,762 bytes in 292 blocks
==2170490== 
==2170490== ERROR SUMMARY: 0 errors from 0 contexts (suppressed: 0 from 0)
==2170493== 
==2170493== FILE DESCRIPTORS: 7 open (3 std) at exit.
==2170493== Open file descriptor 103: /usr/share/code/v8_context_snapshot.bin
==2170493==    <inherited from parent>
==2170493== 
==2170493== Open AF_UNIX socket 41: <unknown>
==2170493==    <inherited from parent>
==2170493== 
==2170493== Open file descriptor 40: /home/imeulema/.config/Code/logs/20251025T131629/ptyhost.log
==2170493==    <inherited from parent>
==2170493== 
==2170493== Open file descriptor 3: /home/imeulema/cursus/minishell/logs/mix.log
==2170493==    <inherited from parent>
==2170493== 
==2170493== 
==2170493== HEAP SUMMARY:
==2170493==     in use at exit: 215,010 bytes in 516 blocks
==2170493==   total heap usage: 6,307 allocs, 5,791 frees, 362,537 bytes allocated
==2170493== 
==2170493== Searching for pointers to 516 not-freed blocks
==2170493== Checked 256,112 bytes
==2170493== 
==2170493== LEAK SUMMARY:
==2170493==    definitely lost: 0 bytes in 0 blocks
==2170493==    indirectly lost: 0 bytes in 0 blocks
==2170493==      possibly lost: 0 bytes in 0 blocks
==2170493==    still reachable: 0 bytes in 0 blocks
==2170493==         suppressed: 215,010 bytes in 516 blocks
==2170493== 
==2170493== ERROR SUMMARY: 0 errors from 0 contexts (suppressed: 0 from 0)
--2170493-- 
--2170493-- used_suppression:     62 ignore_readline_leaks ignore_readline_leaks.supp:3 suppressed: 204,185 bytes in 221 blocks
--2170493-- used_suppression:      4 ignore_rl_history_leaks ignore_readline_leaks.supp:10 suppressed: 10,825 bytes in 295 blocks
==2170493== 
==2170493== ERROR SUMMARY: 0 errors from 0 contexts (suppressed: 0 from 0)
==2170504== 
==2170504== FILE DESCRIPTORS: 7 open (3 std) at exit.
==2170504== Open file descriptor 103: /usr/share/code/v8_context_snapshot.bin
==2170504==    <inherited from parent>
==2170504== 
==2170504== Open AF_UNIX socket 41: <unknown>
==2170504==    <inherited from parent>
==2170504== 
==2170504== Open file descriptor 40: /home/imeulema/.config/Code/logs/20251025T131629/ptyhost.log
==2170504==    <inherited from parent>
==2170504== 
==2170504== Open file descriptor 3: /home/imeulema/cursus/minishell/logs/mix.log
==2170504==    <inherited from parent>
==2170504== 
==2170504== 
==2170504== HEAP SUMMARY:
==2170504==     in use at exit: 215,080 bytes in 519 blocks
==2170504==   total heap usage: 6,378 allocs, 5,859 frees, 363,936 bytes allocated
==2170504== 
==2170504== Searching for pointers to 519 not-freed blocks
==2170504== Checked 256,184 bytes
==2170504== 
==2170504== LEAK SUMMARY:
==2170504==    definitely lost: 0 bytes in 0 blocks
==2170504==    indirectly lost: 0 bytes in 0 blocks
==2170504==      possibly lost: 0 bytes in 0 blocks
==2170504==    still reachable: 0 bytes in 0 blocks
==2170504==         suppressed: 215,080 bytes in 519 blocks
==2170504== 
==2170504== ERROR SUMMARY: 0 errors from 0 contexts (suppressed: 0 from 0)
--2170504-- 
--2170504-- used_suppression:     62 ignore_readline_leaks ignore_readline_leaks.supp:3 suppressed: 204,185 bytes in 221 blocks
--2170504-- used_suppression:      4 ignore_rl_history_leaks ignore_readline_leaks.supp:10 suppressed: 10,895 bytes in 298 blocks
==2170504== 
==2170504== ERROR SUMMARY: 0 errors from 0 contexts (suppressed: 0 from 0)
==2170506== 
==2170506== FILE DESCRIPTORS: 7 open (3 std) at exit.
==2170506== Open file descriptor 103: /usr/share/code/v8_context_snapshot.bin
==2170506==    <inherited from parent>
==2170506== 
==2170506== Open AF_UNIX socket 41: <unknown>
==2170506==    <inherited from parent>
==2170506== 
==2170506== Open file descriptor 40: /home/imeulema/.config/Code/logs/20251025T131629/ptyhost.log
==2170506==    <inherited from parent>
==2170506== 
==2170506== Open file descriptor 3: /home/imeulema/cursus/minishell/logs/mix.log
==2170506==    <inherited from parent>
==2170506== 
==2170506== 
==2170506== HEAP SUMMARY:
==2170506==     in use at exit: 215,145 bytes in 522 blocks
==2170506==   total heap usage: 6,456 allocs, 5,934 frees, 365,505 bytes allocated
==2170506== 
==2170506== Searching for pointers to 522 not-freed blocks
==2170506== Checked 256,248 bytes
==2170506== 
==2170506== LEAK SUMMARY:
==2170506==    definitely lost: 0 bytes in 0 blocks
==2170506==    indirectly lost: 0 bytes in 0 blocks
==2170506==      possibly lost: 0 bytes in 0 blocks
==2170506==    still reachable: 0 bytes in 0 blocks
==2170506==         suppressed: 215,145 bytes in 522 blocks
==2170506== 
==2170506== ERROR SUMMARY: 0 errors from 0 contexts (suppressed: 0 from 0)
--2170506-- 
--2170506-- used_suppression:     62 ignore_readline_leaks ignore_readline_leaks.supp:3 suppressed: 204,185 bytes in 221 blocks
--2170506-- used_suppression:      4 ignore_rl_history_leaks ignore_readline_leaks.supp:10 suppressed: 10,960 bytes in 301 blocks
==2170506== 
==2170506== ERROR SUMMARY: 0 errors from 0 contexts (suppressed: 0 from 0)
==2170509== 
==2170509== FILE DESCRIPTORS: 7 open (3 std) at exit.
==2170509== Open file descriptor 103: /usr/share/code/v8_context_snapshot.bin
==2170509==    <inherited from parent>
==2170509== 
==2170509== Open AF_UNIX socket 41: <unknown>
==2170509==    <inherited from parent>
==2170509== 
==2170509== Open file descriptor 40: /home/imeulema/.config/Code/logs/20251025T131629/ptyhost.log
==2170509==    <inherited from parent>
==2170509== 
==2170509== Open file descriptor 3: /home/imeulema/cursus/minishell/logs/mix.log
==2170509==    <inherited from parent>
==2170509== 
==2170509== 
==2170509== HEAP SUMMARY:
==2170509==     in use at exit: 215,212 bytes in 525 blocks
==2170509==   total heap usage: 6,539 allocs, 6,014 frees, 367,316 bytes allocated
==2170509== 
==2170509== Searching for pointers to 525 not-freed blocks
==2170509== Checked 256,312 bytes
==2170509== 
==2170509== LEAK SUMMARY:
==2170509==    definitely lost: 0 bytes in 0 blocks
==2170509==    indirectly lost: 0 bytes in 0 blocks
==2170509==      possibly lost: 0 bytes in 0 blocks
==2170509==    still reachable: 0 bytes in 0 blocks
==2170509==         suppressed: 215,212 bytes in 525 blocks
==2170509== 
==2170509== ERROR SUMMARY: 0 errors from 0 contexts (suppressed: 0 from 0)
--2170509-- 
--2170509-- used_suppression:     62 ignore_readline_leaks ignore_readline_leaks.supp:3 suppressed: 204,185 bytes in 221 blocks
--2170509-- used_suppression:      4 ignore_rl_history_leaks ignore_readline_leaks.supp:10 suppressed: 11,027 bytes in 304 blocks
==2170509== 
==2170509== ERROR SUMMARY: 0 errors from 0 contexts (suppressed: 0 from 0)
==2170520== 
==2170520== FILE DESCRIPTORS: 7 open (3 std) at exit.
==2170520== Open file descriptor 103: /usr/share/code/v8_context_snapshot.bin
==2170520==    <inherited from parent>
==2170520== 
==2170520== Open AF_UNIX socket 41: <unknown>
==2170520==    <inherited from parent>
==2170520== 
==2170520== Open file descriptor 40: /home/imeulema/.config/Code/logs/20251025T131629/ptyhost.log
==2170520==    <inherited from parent>
==2170520== 
==2170520== Open file descriptor 3: /home/imeulema/cursus/minishell/logs/mix.log
==2170520==    <inherited from parent>
==2170520== 
==2170520== 
==2170520== HEAP SUMMARY:
==2170520==     in use at exit: 215,428 bytes in 534 blocks
==2170520==   total heap usage: 6,799 allocs, 6,265 frees, 375,925 bytes allocated
==2170520== 
==2170520== Searching for pointers to 534 not-freed blocks
==2170520== Checked 256,624 bytes
==2170520== 
==2170520== LEAK SUMMARY:
==2170520==    definitely lost: 0 bytes in 0 blocks
==2170520==    indirectly lost: 0 bytes in 0 blocks
==2170520==      possibly lost: 0 bytes in 0 blocks
==2170520==    still reachable: 0 bytes in 0 blocks
==2170520==         suppressed: 215,428 bytes in 534 blocks
==2170520== 
==2170520== ERROR SUMMARY: 0 errors from 0 contexts (suppressed: 0 from 0)
--2170520-- 
--2170520-- used_suppression:     62 ignore_readline_leaks ignore_readline_leaks.supp:3 suppressed: 204,185 bytes in 221 blocks
--2170520-- used_suppression:      4 ignore_rl_history_leaks ignore_readline_leaks.supp:10 suppressed: 11,243 bytes in 313 blocks
==2170520== 
==2170520== ERROR SUMMARY: 0 errors from 0 contexts (suppressed: 0 from 0)
==2170522== 
==2170522== FILE DESCRIPTORS: 7 open (3 std) at exit.
==2170522== Open file descriptor 103: /usr/share/code/v8_context_snapshot.bin
==2170522==    <inherited from parent>
==2170522== 
==2170522== Open AF_UNIX socket 41: <unknown>
==2170522==    <inherited from parent>
==2170522== 
==2170522== Open file descriptor 40: /home/imeulema/.config/Code/logs/20251025T131629/ptyhost.log
==2170522==    <inherited from parent>
==2170522== 
==2170522== Open file descriptor 3: /home/imeulema/cursus/minishell/logs/mix.log
==2170522==    <inherited from parent>
==2170522== 
==2170522== 
==2170522== HEAP SUMMARY:
==2170522==     in use at exit: 215,629 bytes in 543 blocks
==2170522==   total heap usage: 6,937 allocs, 6,394 frees, 377,273 bytes allocated
==2170522== 
==2170522== Searching for pointers to 543 not-freed blocks
==2170522== Checked 256,736 bytes
==2170522== 
==2170522== LEAK SUMMARY:
==2170522==    definitely lost: 0 bytes in 0 blocks
==2170522==    indirectly lost: 0 bytes in 0 blocks
==2170522==      possibly lost: 0 bytes in 0 blocks
==2170522==    still reachable: 0 bytes in 0 blocks
==2170522==         suppressed: 215,629 bytes in 543 blocks
==2170522== 
==2170522== ERROR SUMMARY: 0 errors from 0 contexts (suppressed: 0 from 0)
--2170522-- 
--2170522-- used_suppression:     62 ignore_readline_leaks ignore_readline_leaks.supp:3 suppressed: 204,185 bytes in 221 blocks
--2170522-- used_suppression:      4 ignore_rl_history_leaks ignore_readline_leaks.supp:10 suppressed: 11,444 bytes in 322 blocks
==2170522== 
==2170522== ERROR SUMMARY: 0 errors from 0 contexts (suppressed: 0 from 0)
==2170397== 
==2170397== FILE DESCRIPTORS: 7 open (3 std) at exit.
==2170397== Open file descriptor 103: /usr/share/code/v8_context_snapshot.bin
==2170397==    <inherited from parent>
==2170397== 
==2170397== Open AF_UNIX socket 41: <unknown>
==2170397==    <inherited from parent>
==2170397== 
==2170397== Open file descriptor 40: /home/imeulema/.config/Code/logs/20251025T131629/ptyhost.log
==2170397==    <inherited from parent>
==2170397== 
==2170397== Open file descriptor 3: /home/imeulema/cursus/minishell/logs/mix.log
==2170397==    <inherited from parent>
==2170397== 
==2170397== 
==2170397== HEAP SUMMARY:
==2170397==     in use at exit: 218,029 bytes in 669 blocks
==2170397==   total heap usage: 8,648 allocs, 7,979 frees, 407,118 bytes allocated
==2170397== 
==2170397== Searching for pointers to 669 not-freed blocks
==2170397== Checked 258,712 bytes
==2170397== 
==2170397== LEAK SUMMARY:
==2170397==    definitely lost: 0 bytes in 0 blocks
==2170397==    indirectly lost: 0 bytes in 0 blocks
==2170397==      possibly lost: 0 bytes in 0 blocks
==2170397==    still reachable: 0 bytes in 0 blocks
==2170397==         suppressed: 218,029 bytes in 669 blocks
==2170397== 
==2170397== ERROR SUMMARY: 0 errors from 0 contexts (suppressed: 0 from 0)
--2170397-- 
--2170397-- used_suppression:     62 ignore_readline_leaks ignore_readline_leaks.supp:3 suppressed: 204,185 bytes in 221 blocks
--2170397-- used_suppression:      4 ignore_rl_history_leaks ignore_readline_leaks.supp:10 suppressed: 13,844 bytes in 448 blocks
==2170397== 
==2170397== ERROR SUMMARY: 0 errors from 0 contexts (suppressed: 0 from 0)
