==625762== Memcheck, a memory error detector
==625762== Copyright (C) 2002-2017, and GNU GPL'd, by Julian Seward et al.
==625762== Using Valgrind-3.18.1-42b08ed5bd-20211015 and LibVEX; rerun with -h for copyright info
==625762== Command: ./minishell
==625762== Parent PID: 625759
==625762== 
--625762-- 
--625762-- Valgrind options:
--625762--    --leak-check=full
--625762--    --show-leak-kinds=all
--625762--    --track-origins=yes
--625762--    --verbose
--625762--    --track-fds=yes
--625762--    --log-file=logs/new.log
--625762--    --suppressions=ignore_readline_leaks.supp
--625762-- Contents of /proc/version:
--625762--   Linux version 6.6.72-x64v3-t2-jammy-xanmod1 (root@fv-az1245-313) (gcc (Ubuntu 11.4.0-1ubuntu1~22.04) 11.4.0, GNU ld (GNU Binutils for Ubuntu) 2.38) #xanmod1 SMP PREEMPT_DYNAMIC Sat Jan 18 01:41:53 UTC 2025
--625762-- 
--625762-- Arch and hwcaps: AMD64, LittleEndian, amd64-cx16-lzcnt-rdtscp-sse3-ssse3-avx-avx2-bmi-f16c-rdrand-rdseed
--625762-- Page sizes: currently 4096, max supported 4096
--625762-- Valgrind library directory: /usr/libexec/valgrind
--625762-- Reading syms from /home/imeulema/cursus/gh_minishell/minishell
--625762-- Reading syms from /usr/lib/x86_64-linux-gnu/ld-linux-x86-64.so.2
--625762--   Considering /usr/lib/debug/.build-id/ac/af96d7b1a6bad57b559d646233d5dc1a23257c.debug ..
--625762--   .. build-id is valid
--625762-- Reading syms from /usr/libexec/valgrind/memcheck-amd64-linux
--625762--    object doesn't have a symbol table
--625762--    object doesn't have a dynamic symbol table
--625762-- Scheduler: using generic scheduler lock implementation.
--625762-- Reading suppressions file: ignore_readline_leaks.supp
--625762-- Reading suppressions file: /usr/libexec/valgrind/default.supp
==625762== embedded gdbserver: reading from /tmp/vgdb-pipe-from-vgdb-to-625762-by-imeulema-on-???
==625762== embedded gdbserver: writing to   /tmp/vgdb-pipe-to-vgdb-from-625762-by-imeulema-on-???
==625762== embedded gdbserver: shared mem   /tmp/vgdb-pipe-shared-mem-vgdb-625762-by-imeulema-on-???
==625762== 
==625762== TO CONTROL THIS PROCESS USING vgdb (which you probably
==625762== don't want to do, unless you know exactly what you're doing,
==625762== or are doing some strange experiment):
==625762==   /usr/bin/vgdb --pid=625762 ...command...
==625762== 
==625762== TO DEBUG THIS PROCESS USING GDB: start GDB like this
==625762==   /path/to/gdb ./minishell
==625762== and then give GDB the following command
==625762==   target remote | /usr/bin/vgdb --pid=625762
==625762== --pid is optional if only one valgrind process is running
==625762== 
--625762-- REDIR: 0x402aa40 (ld-linux-x86-64.so.2:strlen) redirected to 0x580bcec2 (???)
--625762-- REDIR: 0x402a810 (ld-linux-x86-64.so.2:index) redirected to 0x580bcedc (???)
--625762-- Reading syms from /usr/libexec/valgrind/vgpreload_core-amd64-linux.so
--625762--    object doesn't have a symbol table
--625762-- Reading syms from /usr/libexec/valgrind/vgpreload_memcheck-amd64-linux.so
--625762--    object doesn't have a symbol table
==625762== WARNING: new redirection conflicts with existing -- ignoring it
--625762--     old: 0x0402aa40 (strlen              ) R-> (0000.0) 0x580bcec2 ???
--625762--     new: 0x0402aa40 (strlen              ) R-> (2007.0) 0x0484ee30 strlen
--625762-- REDIR: 0x4027220 (ld-linux-x86-64.so.2:strcmp) redirected to 0x484fcd0 (strcmp)
--625762-- REDIR: 0x402afa0 (ld-linux-x86-64.so.2:mempcpy) redirected to 0x4853840 (mempcpy)
--625762-- Reading syms from /usr/lib/x86_64-linux-gnu/libreadline.so.8.1
--625762--    object doesn't have a symbol table
--625762-- Reading syms from /usr/lib/x86_64-linux-gnu/libc.so.6
--625762--   Considering /usr/lib/debug/.build-id/4f/7b0c955c3d81d7cac1501a2498b69d1d82bfe7.debug ..
--625762--   .. build-id is valid
==625762== WARNING: new redirection conflicts with existing -- ignoring it
--625762--     old: 0x0496dc60 (memalign            ) R-> (1011.0) 0x0484e080 memalign
--625762--     new: 0x0496dc60 (memalign            ) R-> (1017.0) 0x0484e050 aligned_alloc
==625762== WARNING: new redirection conflicts with existing -- ignoring it
--625762--     old: 0x0496dc60 (memalign            ) R-> (1011.0) 0x0484e080 memalign
--625762--     new: 0x0496dc60 (memalign            ) R-> (1017.0) 0x0484e020 aligned_alloc
==625762== WARNING: new redirection conflicts with existing -- ignoring it
--625762--     old: 0x0496dc60 (memalign            ) R-> (1011.0) 0x0484e080 memalign
--625762--     new: 0x0496dc60 (memalign            ) R-> (1017.0) 0x0484e050 aligned_alloc
==625762== WARNING: new redirection conflicts with existing -- ignoring it
--625762--     old: 0x0496dc60 (memalign            ) R-> (1011.0) 0x0484e080 memalign
--625762--     new: 0x0496dc60 (memalign            ) R-> (1017.0) 0x0484e020 aligned_alloc
--625762-- Reading syms from /usr/lib/x86_64-linux-gnu/libtinfo.so.6.3
--625762--    object doesn't have a symbol table
--625762-- REDIR: 0x4970720 (libc.so.6:strnlen) redirected to 0x483f220 (_vgnU_ifunc_wrapper)
--625762-- REDIR: 0x49709e0 (libc.so.6:strpbrk) redirected to 0x483f220 (_vgnU_ifunc_wrapper)
--625762-- REDIR: 0x49702e0 (libc.so.6:strcmp) redirected to 0x483f220 (_vgnU_ifunc_wrapper)
--625762-- REDIR: 0x498ecd0 (libc.so.6:wcsnlen) redirected to 0x483f220 (_vgnU_ifunc_wrapper)
--625762-- REDIR: 0x49716d0 (libc.so.6:memset) redirected to 0x483f220 (_vgnU_ifunc_wrapper)
--625762-- REDIR: 0x498d540 (libc.so.6:wcslen) redirected to 0x483f220 (_vgnU_ifunc_wrapper)
--625762-- REDIR: 0x4971c10 (libc.so.6:memcpy@@GLIBC_2.14) redirected to 0x483f220 (_vgnU_ifunc_wrapper)
--625762-- REDIR: 0x498d370 (libc.so.6:wcschr) redirected to 0x483f220 (_vgnU_ifunc_wrapper)
--625762-- REDIR: 0x4970260 (libc.so.6:index) redirected to 0x483f220 (_vgnU_ifunc_wrapper)
--625762-- REDIR: 0x4970960 (libc.so.6:rindex) redirected to 0x483f220 (_vgnU_ifunc_wrapper)
--625762-- REDIR: 0x49715a0 (libc.so.6:memmove) redirected to 0x483f220 (_vgnU_ifunc_wrapper)
==625762== Preferring higher priority redirection:
--625762--     old: 0x04a68840 (__memcpy_avx_unalign) R-> (2018.0) 0x04850f90 __memcpy_avx_unaligned_erms
--625762--     new: 0x04a68840 (__memcpy_avx_unalign) R-> (2018.1) 0x04852880 memmove
--625762-- REDIR: 0x498d3f0 (libc.so.6:wcscmp) redirected to 0x483f220 (_vgnU_ifunc_wrapper)
--625762-- REDIR: 0x49719e0 (libc.so.6:stpncpy) redirected to 0x483f220 (_vgnU_ifunc_wrapper)
--625762-- REDIR: 0x498d9b0 (libc.so.6:wmemchr) redirected to 0x483f220 (_vgnU_ifunc_wrapper)
--625762-- REDIR: 0x4970830 (libc.so.6:strncmp) redirected to 0x483f220 (_vgnU_ifunc_wrapper)
--625762-- REDIR: 0x4971a70 (libc.so.6:strcasecmp) redirected to 0x483f220 (_vgnU_ifunc_wrapper)
--625762-- REDIR: 0x4970420 (libc.so.6:strcspn) redirected to 0x483f220 (_vgnU_ifunc_wrapper)
--625762-- REDIR: 0x498d470 (libc.so.6:wcscpy) redirected to 0x483f220 (_vgnU_ifunc_wrapper)
--625762-- REDIR: 0x49701d0 (libc.so.6:strcat) redirected to 0x483f220 (_vgnU_ifunc_wrapper)
--625762-- REDIR: 0x4971b60 (libc.so.6:strncasecmp_l) redirected to 0x483f220 (_vgnU_ifunc_wrapper)
--625762-- REDIR: 0x4971480 (libc.so.6:bcmp) redirected to 0x483f220 (_vgnU_ifunc_wrapper)
--625762-- REDIR: 0x4979570 (libc.so.6:memrchr) redirected to 0x483f220 (_vgnU_ifunc_wrapper)
--625762-- REDIR: 0x4973010 (libc.so.6:strchrnul) redirected to 0x483f220 (_vgnU_ifunc_wrapper)
--625762-- REDIR: 0x4970390 (libc.so.6:strcpy) redirected to 0x483f220 (_vgnU_ifunc_wrapper)
--625762-- REDIR: 0x4971b10 (libc.so.6:strcasecmp_l) redirected to 0x483f220 (_vgnU_ifunc_wrapper)
--625762-- REDIR: 0x49706a0 (libc.so.6:strlen) redirected to 0x483f220 (_vgnU_ifunc_wrapper)
--625762-- REDIR: 0x49708d0 (libc.so.6:strncpy) redirected to 0x483f220 (_vgnU_ifunc_wrapper)
--625762-- REDIR: 0x4971950 (libc.so.6:stpcpy) redirected to 0x483f220 (_vgnU_ifunc_wrapper)
--625762-- REDIR: 0x49713f0 (libc.so.6:memchr) redirected to 0x483f220 (_vgnU_ifunc_wrapper)
--625762-- REDIR: 0x4970b00 (libc.so.6:strspn) redirected to 0x483f220 (_vgnU_ifunc_wrapper)
--625762-- REDIR: 0x49717d0 (libc.so.6:mempcpy) redirected to 0x483f220 (_vgnU_ifunc_wrapper)
--625762-- REDIR: 0x4971ac0 (libc.so.6:strncasecmp) redirected to 0x483f220 (_vgnU_ifunc_wrapper)
--625762-- REDIR: 0x4972f80 (libc.so.6:rawmemchr) redirected to 0x483f220 (_vgnU_ifunc_wrapper)
--625762-- REDIR: 0x49707a0 (libc.so.6:strncat) redirected to 0x483f220 (_vgnU_ifunc_wrapper)
--625762-- REDIR: 0x49fc2f0 (libc.so.6:__memcpy_chk) redirected to 0x483f220 (_vgnU_ifunc_wrapper)
--625762-- REDIR: 0x4971310 (libc.so.6:strstr) redirected to 0x483f220 (_vgnU_ifunc_wrapper)
--625762-- REDIR: 0x4a65690 (libc.so.6:__strrchr_avx2) redirected to 0x484e810 (rindex)
--625762-- REDIR: 0x496d0a0 (libc.so.6:malloc) redirected to 0x4848820 (malloc)
--625762-- REDIR: 0x496d3e0 (libc.so.6:free) redirected to 0x484b210 (free)
--625762-- REDIR: 0x4a65860 (libc.so.6:__strlen_avx2) redirected to 0x484ed10 (strlen)
--625762-- REDIR: 0x4a60e00 (libc.so.6:__strncmp_avx2) redirected to 0x484f3e0 (strncmp)
--625762-- REDIR: 0x4a68840 (libc.so.6:__memcpy_avx_unaligned_erms) redirected to 0x4852880 (memmove)
--625762-- REDIR: 0x4a65480 (libc.so.6:__strchrnul_avx2) redirected to 0x4853330 (strchrnul)
--625762-- REDIR: 0x490d150 (libc.so.6:setenv) redirected to 0x48542d0 (setenv)
--625762-- REDIR: 0x4a65200 (libc.so.6:__strchr_avx2) redirected to 0x484e9f0 (index)
--625762-- REDIR: 0x496d740 (libc.so.6:realloc) redirected to 0x484dc50 (realloc)
--625762-- REDIR: 0x4a68800 (libc.so.6:__mempcpy_avx_unaligned_erms) redirected to 0x4853440 (mempcpy)
--625762-- REDIR: 0x4a609c0 (libc.so.6:__strcmp_avx2) redirected to 0x484fbd0 (strcmp)
--625762-- REDIR: 0x4a69000 (libc.so.6:__memset_avx2_unaligned_erms) redirected to 0x4852770 (memset)
--625762-- REDIR: 0x496e520 (libc.so.6:calloc) redirected to 0x484d9d0 (calloc)
--625762-- REDIR: 0x4a659e0 (libc.so.6:__strnlen_avx2) redirected to 0x484ecb0 (strnlen)
--625762-- REDIR: 0x4a66d30 (libc.so.6:__strcpy_avx2) redirected to 0x484ee60 (strcpy)
--625762-- REDIR: 0x4970fc0 (libc.so.6:__GI_strstr) redirected to 0x4853ae0 (__strstr_sse2)
--625762-- REDIR: 0x4a68810 (libc.so.6:__memcpy_chk_avx_unaligned_erms) redirected to 0x4853940 (__memcpy_chk)
--625762-- REDIR: 0x4a670c0 (libc.so.6:__strncpy_avx2) redirected to 0x484efe0 (strncpy)
--625762-- REDIR: 0x4a61340 (libc.so.6:__memchr_avx2) redirected to 0x484fd50 (memchr)
--625762-- REDIR: 0x4a67a20 (libc.so.6:__stpcpy_avx2) redirected to 0x4852130 (stpcpy)
--625762-- REDIR: 0x4a621b0 (libc.so.6:__strcasecmp_avx) redirected to 0x484f560 (strcasecmp)
--625762-- REDIR: 0x4a63830 (libc.so.6:__strncasecmp_avx) redirected to 0x484f640 (strncasecmp)
--625762-- REDIR: 0x4a61b00 (libc.so.6:__memcmp_avx2_movbe) redirected to 0x4852010 (bcmp)
==625763== 
==625763== FILE DESCRIPTORS: 4 open (3 std) at exit.
==625763== Open file descriptor 3: /home/imeulema/cursus/gh_minishell/logs/new.log
==625763==    <inherited from parent>
==625763== 
==625763== 
==625763== HEAP SUMMARY:
==625763==     in use at exit: 207,667 bytes in 243 blocks
==625763==   total heap usage: 770 allocs, 527 frees, 237,087 bytes allocated
==625763== 
==625763== Searching for pointers to 243 not-freed blocks
==625763== Checked 248,008 bytes
==625763== 
==625763== LEAK SUMMARY:
==625763==    definitely lost: 0 bytes in 0 blocks
==625763==    indirectly lost: 0 bytes in 0 blocks
==625763==      possibly lost: 0 bytes in 0 blocks
==625763==    still reachable: 0 bytes in 0 blocks
==625763==         suppressed: 207,667 bytes in 243 blocks
==625763== 
==625763== ERROR SUMMARY: 0 errors from 0 contexts (suppressed: 0 from 0)
--625763-- 
--625763-- used_suppression:     62 ignore_readline_leaks ignore_readline_leaks.supp:3 suppressed: 203,280 bytes in 221 blocks
--625763-- used_suppression:      4 ignore_rl_history_leaks ignore_readline_leaks.supp:10 suppressed: 4,387 bytes in 22 blocks
==625763== 
==625763== ERROR SUMMARY: 0 errors from 0 contexts (suppressed: 0 from 0)
==625765== 
==625765== FILE DESCRIPTORS: 4 open (3 std) at exit.
==625765== Open file descriptor 3: /home/imeulema/cursus/gh_minishell/logs/new.log
==625765==    <inherited from parent>
==625765== 
==625765== 
==625765== HEAP SUMMARY:
==625765==     in use at exit: 208,223 bytes in 276 blocks
==625765==   total heap usage: 1,102 allocs, 826 frees, 243,181 bytes allocated
==625765== 
==625765== Searching for pointers to 276 not-freed blocks
==625765== Checked 248,560 bytes
==625765== 
==625765== LEAK SUMMARY:
==625765==    definitely lost: 0 bytes in 0 blocks
==625765==    indirectly lost: 0 bytes in 0 blocks
==625765==      possibly lost: 0 bytes in 0 blocks
==625765==    still reachable: 0 bytes in 0 blocks
==625765==         suppressed: 208,223 bytes in 276 blocks
==625765== 
==625765== ERROR SUMMARY: 0 errors from 0 contexts (suppressed: 0 from 0)
--625765-- 
--625765-- used_suppression:     62 ignore_readline_leaks ignore_readline_leaks.supp:3 suppressed: 203,280 bytes in 221 blocks
--625765-- used_suppression:      4 ignore_rl_history_leaks ignore_readline_leaks.supp:10 suppressed: 4,943 bytes in 55 blocks
==625765== 
==625765== ERROR SUMMARY: 0 errors from 0 contexts (suppressed: 0 from 0)
==625766== 
==625766== FILE DESCRIPTORS: 4 open (3 std) at exit.
==625766== Open file descriptor 3: /home/imeulema/cursus/gh_minishell/logs/new.log
==625766==    <inherited from parent>
==625766== 
==625766== 
==625766== HEAP SUMMARY:
==625766==     in use at exit: 208,262 bytes in 279 blocks
==625766==   total heap usage: 1,121 allocs, 842 frees, 243,538 bytes allocated
==625766== 
==625766== Searching for pointers to 279 not-freed blocks
==625766== Checked 248,600 bytes
==625766== 
==625766== LEAK SUMMARY:
==625766==    definitely lost: 0 bytes in 0 blocks
==625766==    indirectly lost: 0 bytes in 0 blocks
==625766==      possibly lost: 0 bytes in 0 blocks
==625766==    still reachable: 0 bytes in 0 blocks
==625766==         suppressed: 208,262 bytes in 279 blocks
==625766== 
==625766== ERROR SUMMARY: 0 errors from 0 contexts (suppressed: 0 from 0)
--625766-- 
--625766-- used_suppression:     62 ignore_readline_leaks ignore_readline_leaks.supp:3 suppressed: 203,280 bytes in 221 blocks
--625766-- used_suppression:      4 ignore_rl_history_leaks ignore_readline_leaks.supp:10 suppressed: 4,982 bytes in 58 blocks
==625766== 
==625766== ERROR SUMMARY: 0 errors from 0 contexts (suppressed: 0 from 0)
==625767== 
==625767== FILE DESCRIPTORS: 4 open (3 std) at exit.
==625767== Open file descriptor 3: /home/imeulema/cursus/gh_minishell/logs/new.log
==625767==    <inherited from parent>
==625767== 
==625767== 
==625767== HEAP SUMMARY:
==625767==     in use at exit: 208,301 bytes in 282 blocks
==625767==   total heap usage: 1,140 allocs, 858 frees, 243,895 bytes allocated
==625767== 
==625767== Searching for pointers to 282 not-freed blocks
==625767== Checked 248,640 bytes
==625767== 
==625767== LEAK SUMMARY:
==625767==    definitely lost: 0 bytes in 0 blocks
==625767==    indirectly lost: 0 bytes in 0 blocks
==625767==      possibly lost: 0 bytes in 0 blocks
==625767==    still reachable: 0 bytes in 0 blocks
==625767==         suppressed: 208,301 bytes in 282 blocks
==625767== 
==625767== ERROR SUMMARY: 0 errors from 0 contexts (suppressed: 0 from 0)
--625767-- 
--625767-- used_suppression:     62 ignore_readline_leaks ignore_readline_leaks.supp:3 suppressed: 203,280 bytes in 221 blocks
--625767-- used_suppression:      4 ignore_rl_history_leaks ignore_readline_leaks.supp:10 suppressed: 5,021 bytes in 61 blocks
==625767== 
==625767== ERROR SUMMARY: 0 errors from 0 contexts (suppressed: 0 from 0)
==625768== 
==625768== FILE DESCRIPTORS: 4 open (3 std) at exit.
==625768== Open file descriptor 3: /home/imeulema/cursus/gh_minishell/logs/new.log
==625768==    <inherited from parent>
==625768== 
==625768== 
==625768== HEAP SUMMARY:
==625768==     in use at exit: 208,595 bytes in 300 blocks
==625768==   total heap usage: 1,450 allocs, 1,150 frees, 318,677 bytes allocated
==625768== 
==625768== Searching for pointers to 300 not-freed blocks
==625768== Checked 248,960 bytes
==625768== 
==625768== LEAK SUMMARY:
==625768==    definitely lost: 0 bytes in 0 blocks
==625768==    indirectly lost: 0 bytes in 0 blocks
==625768==      possibly lost: 0 bytes in 0 blocks
==625768==    still reachable: 0 bytes in 0 blocks
==625768==         suppressed: 208,595 bytes in 300 blocks
==625768== 
==625768== ERROR SUMMARY: 0 errors from 0 contexts (suppressed: 0 from 0)
--625768-- 
--625768-- used_suppression:     62 ignore_readline_leaks ignore_readline_leaks.supp:3 suppressed: 203,280 bytes in 221 blocks
--625768-- used_suppression:      4 ignore_rl_history_leaks ignore_readline_leaks.supp:10 suppressed: 5,315 bytes in 79 blocks
==625768== 
==625768== ERROR SUMMARY: 0 errors from 0 contexts (suppressed: 0 from 0)
==625769== 
==625769== FILE DESCRIPTORS: 4 open (3 std) at exit.
==625769== Open file descriptor 3: /home/imeulema/cursus/gh_minishell/logs/new.log
==625769==    <inherited from parent>
==625769== 
==625769== 
==625769== HEAP SUMMARY:
==625769==     in use at exit: 208,639 bytes in 303 blocks
==625769==   total heap usage: 1,482 allocs, 1,179 frees, 319,279 bytes allocated
==625769== 
==625769== Searching for pointers to 303 not-freed blocks
==625769== Checked 249,008 bytes
==625769== 
==625769== LEAK SUMMARY:
==625769==    definitely lost: 0 bytes in 0 blocks
==625769==    indirectly lost: 0 bytes in 0 blocks
==625769==      possibly lost: 0 bytes in 0 blocks
==625769==    still reachable: 0 bytes in 0 blocks
==625769==         suppressed: 208,639 bytes in 303 blocks
==625769== 
==625769== ERROR SUMMARY: 0 errors from 0 contexts (suppressed: 0 from 0)
--625769-- 
--625769-- used_suppression:     62 ignore_readline_leaks ignore_readline_leaks.supp:3 suppressed: 203,280 bytes in 221 blocks
--625769-- used_suppression:      4 ignore_rl_history_leaks ignore_readline_leaks.supp:10 suppressed: 5,359 bytes in 82 blocks
==625769== 
==625769== ERROR SUMMARY: 0 errors from 0 contexts (suppressed: 0 from 0)
==625770== 
==625770== FILE DESCRIPTORS: 4 open (3 std) at exit.
==625770== Open file descriptor 3: /home/imeulema/cursus/gh_minishell/logs/new.log
==625770==    <inherited from parent>
==625770== 
==625770== 
==625770== HEAP SUMMARY:
==625770==     in use at exit: 209,215 bytes in 327 blocks
==625770==   total heap usage: 2,250 allocs, 1,923 frees, 332,400 bytes allocated
==625770== 
==625770== Searching for pointers to 327 not-freed blocks
==625770== Checked 249,648 bytes
==625770== 
==625770== LEAK SUMMARY:
==625770==    definitely lost: 0 bytes in 0 blocks
==625770==    indirectly lost: 0 bytes in 0 blocks
==625770==      possibly lost: 0 bytes in 0 blocks
==625770==    still reachable: 0 bytes in 0 blocks
==625770==         suppressed: 209,215 bytes in 327 blocks
==625770== 
==625770== ERROR SUMMARY: 0 errors from 0 contexts (suppressed: 0 from 0)
--625770-- 
--625770-- used_suppression:     62 ignore_readline_leaks ignore_readline_leaks.supp:3 suppressed: 203,280 bytes in 221 blocks
--625770-- used_suppression:      4 ignore_rl_history_leaks ignore_readline_leaks.supp:10 suppressed: 5,935 bytes in 106 blocks
==625770== 
==625770== ERROR SUMMARY: 0 errors from 0 contexts (suppressed: 0 from 0)
==625771== 
==625771== FILE DESCRIPTORS: 4 open (3 std) at exit.
==625771== Open file descriptor 3: /home/imeulema/cursus/gh_minishell/logs/new.log
==625771==    <inherited from parent>
==625771== 
==625771== 
==625771== HEAP SUMMARY:
==625771==     in use at exit: 209,566 bytes in 339 blocks
==625771==   total heap usage: 2,797 allocs, 2,458 frees, 341,938 bytes allocated
==625771== 
==625771== Searching for pointers to 339 not-freed blocks
==625771== Checked 250,000 bytes
==625771== 
==625771== LEAK SUMMARY:
==625771==    definitely lost: 0 bytes in 0 blocks
==625771==    indirectly lost: 0 bytes in 0 blocks
==625771==      possibly lost: 0 bytes in 0 blocks
==625771==    still reachable: 0 bytes in 0 blocks
==625771==         suppressed: 209,566 bytes in 339 blocks
==625771== 
==625771== ERROR SUMMARY: 0 errors from 0 contexts (suppressed: 0 from 0)
--625771-- 
--625771-- used_suppression:     62 ignore_readline_leaks ignore_readline_leaks.supp:3 suppressed: 203,280 bytes in 221 blocks
--625771-- used_suppression:      4 ignore_rl_history_leaks ignore_readline_leaks.supp:10 suppressed: 6,286 bytes in 118 blocks
==625771== 
==625771== ERROR SUMMARY: 0 errors from 0 contexts (suppressed: 0 from 0)
==625772== 
==625772== FILE DESCRIPTORS: 4 open (3 std) at exit.
==625772== Open file descriptor 3: /home/imeulema/cursus/gh_minishell/logs/new.log
==625772==    <inherited from parent>
==625772== 
==625772== 
==625772== HEAP SUMMARY:
==625772==     in use at exit: 210,133 bytes in 372 blocks
==625772==   total heap usage: 3,253 allocs, 2,881 frees, 349,937 bytes allocated
==625772== 
==625772== Searching for pointers to 372 not-freed blocks
==625772== Checked 250,576 bytes
==625772== 
==625772== LEAK SUMMARY:
==625772==    definitely lost: 0 bytes in 0 blocks
==625772==    indirectly lost: 0 bytes in 0 blocks
==625772==      possibly lost: 0 bytes in 0 blocks
==625772==    still reachable: 0 bytes in 0 blocks
==625772==         suppressed: 210,133 bytes in 372 blocks
==625772== 
==625772== ERROR SUMMARY: 0 errors from 0 contexts (suppressed: 0 from 0)
--625772-- 
--625772-- used_suppression:     62 ignore_readline_leaks ignore_readline_leaks.supp:3 suppressed: 203,280 bytes in 221 blocks
--625772-- used_suppression:      4 ignore_rl_history_leaks ignore_readline_leaks.supp:10 suppressed: 6,853 bytes in 151 blocks
==625772== 
==625772== ERROR SUMMARY: 0 errors from 0 contexts (suppressed: 0 from 0)
==625773== 
==625773== FILE DESCRIPTORS: 4 open (3 std) at exit.
==625773== Open file descriptor 3: /home/imeulema/cursus/gh_minishell/logs/new.log
==625773==    <inherited from parent>
==625773== 
==625773== 
==625773== HEAP SUMMARY:
==625773==     in use at exit: 210,177 bytes in 375 blocks
==625773==   total heap usage: 3,297 allocs, 2,922 frees, 350,685 bytes allocated
==625773== 
==625773== Searching for pointers to 375 not-freed blocks
==625773== Checked 250,624 bytes
==625773== 
==625773== LEAK SUMMARY:
==625773==    definitely lost: 0 bytes in 0 blocks
==625773==    indirectly lost: 0 bytes in 0 blocks
==625773==      possibly lost: 0 bytes in 0 blocks
==625773==    still reachable: 0 bytes in 0 blocks
==625773==         suppressed: 210,177 bytes in 375 blocks
==625773== 
==625773== ERROR SUMMARY: 0 errors from 0 contexts (suppressed: 0 from 0)
--625773-- 
--625773-- used_suppression:     62 ignore_readline_leaks ignore_readline_leaks.supp:3 suppressed: 203,280 bytes in 221 blocks
--625773-- used_suppression:      4 ignore_rl_history_leaks ignore_readline_leaks.supp:10 suppressed: 6,897 bytes in 154 blocks
==625773== 
==625773== ERROR SUMMARY: 0 errors from 0 contexts (suppressed: 0 from 0)
==625774== 
==625774== FILE DESCRIPTORS: 4 open (3 std) at exit.
==625774== Open file descriptor 3: /home/imeulema/cursus/gh_minishell/logs/new.log
==625774==    <inherited from parent>
==625774== 
==625774== 
==625774== HEAP SUMMARY:
==625774==     in use at exit: 210,221 bytes in 378 blocks
==625774==   total heap usage: 3,341 allocs, 2,963 frees, 351,433 bytes allocated
==625774== 
==625774== Searching for pointers to 378 not-freed blocks
==625774== Checked 250,672 bytes
==625774== 
==625774== LEAK SUMMARY:
==625774==    definitely lost: 0 bytes in 0 blocks
==625774==    indirectly lost: 0 bytes in 0 blocks
==625774==      possibly lost: 0 bytes in 0 blocks
==625774==    still reachable: 0 bytes in 0 blocks
==625774==         suppressed: 210,221 bytes in 378 blocks
==625774== 
==625774== ERROR SUMMARY: 0 errors from 0 contexts (suppressed: 0 from 0)
--625774-- 
--625774-- used_suppression:     62 ignore_readline_leaks ignore_readline_leaks.supp:3 suppressed: 203,280 bytes in 221 blocks
--625774-- used_suppression:      4 ignore_rl_history_leaks ignore_readline_leaks.supp:10 suppressed: 6,941 bytes in 157 blocks
==625774== 
==625774== ERROR SUMMARY: 0 errors from 0 contexts (suppressed: 0 from 0)
==625775== 
==625775== FILE DESCRIPTORS: 4 open (3 std) at exit.
==625775== Open file descriptor 3: /home/imeulema/cursus/gh_minishell/logs/new.log
==625775==    <inherited from parent>
==625775== 
==625775== 
==625775== HEAP SUMMARY:
==625775==     in use at exit: 210,268 bytes in 381 blocks
==625775==   total heap usage: 3,394 allocs, 3,013 frees, 352,319 bytes allocated
==625775== 
==625775== Searching for pointers to 381 not-freed blocks
==625775== Checked 250,720 bytes
==625775== 
==625775== LEAK SUMMARY:
==625775==    definitely lost: 0 bytes in 0 blocks
==625775==    indirectly lost: 0 bytes in 0 blocks
==625775==      possibly lost: 0 bytes in 0 blocks
==625775==    still reachable: 0 bytes in 0 blocks
==625775==         suppressed: 210,268 bytes in 381 blocks
==625775== 
==625775== ERROR SUMMARY: 0 errors from 0 contexts (suppressed: 0 from 0)
--625775-- 
--625775-- used_suppression:     62 ignore_readline_leaks ignore_readline_leaks.supp:3 suppressed: 203,280 bytes in 221 blocks
--625775-- used_suppression:      4 ignore_rl_history_leaks ignore_readline_leaks.supp:10 suppressed: 6,988 bytes in 160 blocks
==625775== 
==625775== ERROR SUMMARY: 0 errors from 0 contexts (suppressed: 0 from 0)
==625776== 
==625776== FILE DESCRIPTORS: 4 open (3 std) at exit.
==625776== Open file descriptor 3: /home/imeulema/cursus/gh_minishell/logs/new.log
==625776==    <inherited from parent>
==625776== 
==625776== 
==625776== HEAP SUMMARY:
==625776==     in use at exit: 210,396 bytes in 387 blocks
==625776==   total heap usage: 3,513 allocs, 3,126 frees, 354,617 bytes allocated
==625776== 
==625776== Searching for pointers to 387 not-freed blocks
==625776== Checked 250,864 bytes
==625776== 
==625776== LEAK SUMMARY:
==625776==    definitely lost: 0 bytes in 0 blocks
==625776==    indirectly lost: 0 bytes in 0 blocks
==625776==      possibly lost: 0 bytes in 0 blocks
==625776==    still reachable: 0 bytes in 0 blocks
==625776==         suppressed: 210,396 bytes in 387 blocks
==625776== 
==625776== ERROR SUMMARY: 0 errors from 0 contexts (suppressed: 0 from 0)
--625776-- 
--625776-- used_suppression:     62 ignore_readline_leaks ignore_readline_leaks.supp:3 suppressed: 203,280 bytes in 221 blocks
--625776-- used_suppression:      4 ignore_rl_history_leaks ignore_readline_leaks.supp:10 suppressed: 7,116 bytes in 166 blocks
==625776== 
==625776== ERROR SUMMARY: 0 errors from 0 contexts (suppressed: 0 from 0)
==625778== 
==625778== FILE DESCRIPTORS: 4 open (3 std) at exit.
==625778== Open file descriptor 3: /home/imeulema/cursus/gh_minishell/logs/new.log
==625778==    <inherited from parent>
==625778== 
==625778== 
==625778== HEAP SUMMARY:
==625778==     in use at exit: 210,585 bytes in 396 blocks
==625778==   total heap usage: 3,730 allocs, 3,334 frees, 361,949 bytes allocated
==625778== 
==625778== Searching for pointers to 396 not-freed blocks
==625778== Checked 251,144 bytes
==625778== 
==625778== LEAK SUMMARY:
==625778==    definitely lost: 0 bytes in 0 blocks
==625778==    indirectly lost: 0 bytes in 0 blocks
==625778==      possibly lost: 0 bytes in 0 blocks
==625778==    still reachable: 0 bytes in 0 blocks
==625778==         suppressed: 210,585 bytes in 396 blocks
==625778== 
==625778== ERROR SUMMARY: 0 errors from 0 contexts (suppressed: 0 from 0)
--625778-- 
--625778-- used_suppression:     62 ignore_readline_leaks ignore_readline_leaks.supp:3 suppressed: 203,280 bytes in 221 blocks
--625778-- used_suppression:      4 ignore_rl_history_leaks ignore_readline_leaks.supp:10 suppressed: 7,305 bytes in 175 blocks
==625778== 
==625778== ERROR SUMMARY: 0 errors from 0 contexts (suppressed: 0 from 0)
==625782== 
==625782== FILE DESCRIPTORS: 4 open (3 std) at exit.
==625782== Open file descriptor 3: /home/imeulema/cursus/gh_minishell/logs/new.log
==625782==    <inherited from parent>
==625782== 
==625782== 
==625782== HEAP SUMMARY:
==625782==     in use at exit: 210,846 bytes in 411 blocks
==625782==   total heap usage: 3,955 allocs, 3,544 frees, 366,525 bytes allocated
==625782== 
==625782== Searching for pointers to 411 not-freed blocks
==625782== Checked 251,408 bytes
==625782== 
==625782== LEAK SUMMARY:
==625782==    definitely lost: 0 bytes in 0 blocks
==625782==    indirectly lost: 0 bytes in 0 blocks
==625782==      possibly lost: 0 bytes in 0 blocks
==625782==    still reachable: 0 bytes in 0 blocks
==625782==         suppressed: 210,846 bytes in 411 blocks
==625782== 
==625782== ERROR SUMMARY: 0 errors from 0 contexts (suppressed: 0 from 0)
--625782-- 
--625782-- used_suppression:     62 ignore_readline_leaks ignore_readline_leaks.supp:3 suppressed: 203,280 bytes in 221 blocks
--625782-- used_suppression:      4 ignore_rl_history_leaks ignore_readline_leaks.supp:10 suppressed: 7,566 bytes in 190 blocks
==625782== 
==625782== ERROR SUMMARY: 0 errors from 0 contexts (suppressed: 0 from 0)
==625801== 
==625801== FILE DESCRIPTORS: 4 open (3 std) at exit.
==625801== Open file descriptor 3: /home/imeulema/cursus/gh_minishell/logs/new.log
==625801==    <inherited from parent>
==625801== 
==625801== 
==625801== HEAP SUMMARY:
==625801==     in use at exit: 211,750 bytes in 450 blocks
==625801==   total heap usage: 5,037 allocs, 4,587 frees, 390,274 bytes allocated
==625801== 
==625801== Searching for pointers to 450 not-freed blocks
==625801== Checked 252,280 bytes
==625801== 
==625801== LEAK SUMMARY:
==625801==    definitely lost: 0 bytes in 0 blocks
==625801==    indirectly lost: 0 bytes in 0 blocks
==625801==      possibly lost: 0 bytes in 0 blocks
==625801==    still reachable: 0 bytes in 0 blocks
==625801==         suppressed: 211,750 bytes in 450 blocks
==625801== 
==625801== ERROR SUMMARY: 0 errors from 0 contexts (suppressed: 0 from 0)
--625801-- 
--625801-- used_suppression:     62 ignore_readline_leaks ignore_readline_leaks.supp:3 suppressed: 203,280 bytes in 221 blocks
--625801-- used_suppression:      4 ignore_rl_history_leaks ignore_readline_leaks.supp:10 suppressed: 8,470 bytes in 229 blocks
==625801== 
==625801== ERROR SUMMARY: 0 errors from 0 contexts (suppressed: 0 from 0)
==625802== 
==625802== FILE DESCRIPTORS: 4 open (3 std) at exit.
==625802== Open file descriptor 3: /home/imeulema/cursus/gh_minishell/logs/new.log
==625802==    <inherited from parent>
==625802== 
==625802== 
==625802== HEAP SUMMARY:
==625802==     in use at exit: 211,992 bytes in 462 blocks
==625802==   total heap usage: 5,224 allocs, 4,762 frees, 394,687 bytes allocated
==625802== 
==625802== Searching for pointers to 462 not-freed blocks
==625802== Checked 252,576 bytes
==625802== 
==625802== LEAK SUMMARY:
==625802==    definitely lost: 0 bytes in 0 blocks
==625802==    indirectly lost: 0 bytes in 0 blocks
==625802==      possibly lost: 0 bytes in 0 blocks
==625802==    still reachable: 0 bytes in 0 blocks
==625802==         suppressed: 211,992 bytes in 462 blocks
==625802== 
==625802== ERROR SUMMARY: 0 errors from 0 contexts (suppressed: 0 from 0)
--625802-- 
--625802-- used_suppression:     62 ignore_readline_leaks ignore_readline_leaks.supp:3 suppressed: 203,280 bytes in 221 blocks
--625802-- used_suppression:      4 ignore_rl_history_leaks ignore_readline_leaks.supp:10 suppressed: 8,712 bytes in 241 blocks
==625802== 
==625802== ERROR SUMMARY: 0 errors from 0 contexts (suppressed: 0 from 0)
==625803== 
==625803== FILE DESCRIPTORS: 4 open (3 std) at exit.
==625803== Open file descriptor 3: /home/imeulema/cursus/gh_minishell/logs/new.log
==625803==    <inherited from parent>
==625803== 
==625803== 
==625803== HEAP SUMMARY:
==625803==     in use at exit: 212,082 bytes in 465 blocks
==625803==   total heap usage: 5,329 allocs, 4,864 frees, 397,160 bytes allocated
==625803== 
==625803== Searching for pointers to 465 not-freed blocks
==625803== Checked 252,664 bytes
==625803== 
==625803== LEAK SUMMARY:
==625803==    definitely lost: 0 bytes in 0 blocks
==625803==    indirectly lost: 0 bytes in 0 blocks
==625803==      possibly lost: 0 bytes in 0 blocks
==625803==    still reachable: 0 bytes in 0 blocks
==625803==         suppressed: 212,082 bytes in 465 blocks
==625803== 
==625803== ERROR SUMMARY: 0 errors from 0 contexts (suppressed: 0 from 0)
--625803-- 
--625803-- used_suppression:     62 ignore_readline_leaks ignore_readline_leaks.supp:3 suppressed: 203,280 bytes in 221 blocks
--625803-- used_suppression:      4 ignore_rl_history_leaks ignore_readline_leaks.supp:10 suppressed: 8,802 bytes in 244 blocks
==625803== 
==625803== ERROR SUMMARY: 0 errors from 0 contexts (suppressed: 0 from 0)
==625805== 
==625805== FILE DESCRIPTORS: 4 open (3 std) at exit.
==625805== Open file descriptor 3: /home/imeulema/cursus/gh_minishell/logs/new.log
==625805==    <inherited from parent>
==625805== 
==625805== 
==625805== HEAP SUMMARY:
==625805==     in use at exit: 212,364 bytes in 474 blocks
==625805==   total heap usage: 6,115 allocs, 5,641 frees, 642,952 bytes allocated
==625805== 
==625805== Searching for pointers to 474 not-freed blocks
==625805== Checked 252,864 bytes
==625805== 
==625805== LEAK SUMMARY:
==625805==    definitely lost: 0 bytes in 0 blocks
==625805==    indirectly lost: 0 bytes in 0 blocks
==625805==      possibly lost: 0 bytes in 0 blocks
==625805==    still reachable: 0 bytes in 0 blocks
==625805==         suppressed: 212,364 bytes in 474 blocks
==625805== 
==625805== ERROR SUMMARY: 0 errors from 0 contexts (suppressed: 0 from 0)
--625805-- 
--625805-- used_suppression:     62 ignore_readline_leaks ignore_readline_leaks.supp:3 suppressed: 203,280 bytes in 221 blocks
--625805-- used_suppression:      4 ignore_rl_history_leaks ignore_readline_leaks.supp:10 suppressed: 9,084 bytes in 253 blocks
==625805== 
==625805== ERROR SUMMARY: 0 errors from 0 contexts (suppressed: 0 from 0)
==625807== 
==625807== FILE DESCRIPTORS: 4 open (3 std) at exit.
==625807== Open file descriptor 3: /home/imeulema/cursus/gh_minishell/logs/new.log
==625807==    <inherited from parent>
==625807== 
==625807== 
==625807== HEAP SUMMARY:
==625807==     in use at exit: 212,421 bytes in 477 blocks
==625807==   total heap usage: 6,171 allocs, 5,694 frees, 644,153 bytes allocated
==625807== 
==625807== Searching for pointers to 477 not-freed blocks
==625807== Checked 252,920 bytes
==625807== 
==625807== LEAK SUMMARY:
==625807==    definitely lost: 0 bytes in 0 blocks
==625807==    indirectly lost: 0 bytes in 0 blocks
==625807==      possibly lost: 0 bytes in 0 blocks
==625807==    still reachable: 0 bytes in 0 blocks
==625807==         suppressed: 212,421 bytes in 477 blocks
==625807== 
==625807== ERROR SUMMARY: 0 errors from 0 contexts (suppressed: 0 from 0)
--625807-- 
--625807-- used_suppression:     62 ignore_readline_leaks ignore_readline_leaks.supp:3 suppressed: 203,280 bytes in 221 blocks
--625807-- used_suppression:      4 ignore_rl_history_leaks ignore_readline_leaks.supp:10 suppressed: 9,141 bytes in 256 blocks
==625807== 
==625807== ERROR SUMMARY: 0 errors from 0 contexts (suppressed: 0 from 0)
==625817== 
==625817== FILE DESCRIPTORS: 4 open (3 std) at exit.
==625817== Open file descriptor 3: /home/imeulema/cursus/gh_minishell/logs/new.log
==625817==    <inherited from parent>
==625817== 
==625817== 
==625817== HEAP SUMMARY:
==625817==     in use at exit: 213,024 bytes in 510 blocks
==625817==   total heap usage: 6,679 allocs, 6,169 frees, 654,189 bytes allocated
==625817== 
==625817== Searching for pointers to 510 not-freed blocks
==625817== Checked 253,528 bytes
==625817== 
==625817== LEAK SUMMARY:
==625817==    definitely lost: 0 bytes in 0 blocks
==625817==    indirectly lost: 0 bytes in 0 blocks
==625817==      possibly lost: 0 bytes in 0 blocks
==625817==    still reachable: 0 bytes in 0 blocks
==625817==         suppressed: 213,024 bytes in 510 blocks
==625817== 
==625817== ERROR SUMMARY: 0 errors from 0 contexts (suppressed: 0 from 0)
--625817-- 
--625817-- used_suppression:     62 ignore_readline_leaks ignore_readline_leaks.supp:3 suppressed: 203,280 bytes in 221 blocks
--625817-- used_suppression:      4 ignore_rl_history_leaks ignore_readline_leaks.supp:10 suppressed: 9,744 bytes in 289 blocks
==625817== 
==625817== ERROR SUMMARY: 0 errors from 0 contexts (suppressed: 0 from 0)
==625827== 
==625827== FILE DESCRIPTORS: 4 open (3 std) at exit.
==625827== Open file descriptor 3: /home/imeulema/cursus/gh_minishell/logs/new.log
==625827==    <inherited from parent>
==625827== 
==625827== 
==625827== HEAP SUMMARY:
==625827==     in use at exit: 213,123 bytes in 516 blocks
==625827==   total heap usage: 6,743 allocs, 6,227 frees, 655,566 bytes allocated
==625827== 
==625827== Searching for pointers to 516 not-freed blocks
==625827== Checked 253,632 bytes
==625827== 
==625827== LEAK SUMMARY:
==625827==    definitely lost: 0 bytes in 0 blocks
==625827==    indirectly lost: 0 bytes in 0 blocks
==625827==      possibly lost: 0 bytes in 0 blocks
==625827==    still reachable: 0 bytes in 0 blocks
==625827==         suppressed: 213,123 bytes in 516 blocks
==625827== 
==625827== ERROR SUMMARY: 0 errors from 0 contexts (suppressed: 0 from 0)
--625827-- 
--625827-- used_suppression:     62 ignore_readline_leaks ignore_readline_leaks.supp:3 suppressed: 203,280 bytes in 221 blocks
--625827-- used_suppression:      4 ignore_rl_history_leaks ignore_readline_leaks.supp:10 suppressed: 9,843 bytes in 295 blocks
==625827== 
==625827== ERROR SUMMARY: 0 errors from 0 contexts (suppressed: 0 from 0)
==625762== 
==625762== FILE DESCRIPTORS: 4 open (3 std) at exit.
==625762== Open file descriptor 3: /home/imeulema/cursus/gh_minishell/logs/new.log
==625762==    <inherited from parent>
==625762== 
==625762== 
==625762== HEAP SUMMARY:
==625762==     in use at exit: 213,328 bytes in 531 blocks
==625762==   total heap usage: 6,878 allocs, 6,347 frees, 670,295 bytes allocated
==625762== 
==625762== Searching for pointers to 531 not-freed blocks
==625762== Checked 253,816 bytes
==625762== 
==625762== LEAK SUMMARY:
==625762==    definitely lost: 0 bytes in 0 blocks
==625762==    indirectly lost: 0 bytes in 0 blocks
==625762==      possibly lost: 0 bytes in 0 blocks
==625762==    still reachable: 0 bytes in 0 blocks
==625762==         suppressed: 213,328 bytes in 531 blocks
==625762== 
==625762== ERROR SUMMARY: 0 errors from 0 contexts (suppressed: 0 from 0)
--625762-- 
--625762-- used_suppression:     62 ignore_readline_leaks ignore_readline_leaks.supp:3 suppressed: 203,268 bytes in 221 blocks
--625762-- used_suppression:      4 ignore_rl_history_leaks ignore_readline_leaks.supp:10 suppressed: 10,060 bytes in 310 blocks
==625762== 
==625762== ERROR SUMMARY: 0 errors from 0 contexts (suppressed: 0 from 0)
