==674476== Memcheck, a memory error detector
==674476== Copyright (C) 2002-2017, and GNU GPL'd, by Julian Seward et al.
==674476== Using Valgrind-3.18.1-42b08ed5bd-20211015 and LibVEX; rerun with -h for copyright info
==674476== Command: ./minishell
==674476== Parent PID: 674364
==674476== 
--674476-- 
--674476-- Valgrind options:
--674476--    --leak-check=full
--674476--    --show-leak-kinds=all
--674476--    --track-origins=yes
--674476--    --verbose
--674476--    --track-fds=yes
--674476--    --log-file=logs/parsing.log
--674476--    --suppressions=ignore_readline_leaks.supp
--674476-- Contents of /proc/version:
--674476--   Linux version 6.6.72-x64v3-t2-jammy-xanmod1 (root@fv-az1245-313) (gcc (Ubuntu 11.4.0-1ubuntu1~22.04) 11.4.0, GNU ld (GNU Binutils for Ubuntu) 2.38) #xanmod1 SMP PREEMPT_DYNAMIC Sat Jan 18 01:41:53 UTC 2025
--674476-- 
--674476-- Arch and hwcaps: AMD64, LittleEndian, amd64-cx16-lzcnt-rdtscp-sse3-ssse3-avx-avx2-bmi-f16c-rdrand-rdseed
--674476-- Page sizes: currently 4096, max supported 4096
--674476-- Valgrind library directory: /usr/libexec/valgrind
--674476-- Reading syms from /home/imeulema/cursus/minishell/minishell
--674476-- Reading syms from /usr/lib/x86_64-linux-gnu/ld-linux-x86-64.so.2
--674476--   Considering /usr/lib/debug/.build-id/ac/af96d7b1a6bad57b559d646233d5dc1a23257c.debug ..
--674476--   .. build-id is valid
--674476-- Reading syms from /usr/libexec/valgrind/memcheck-amd64-linux
--674476--    object doesn't have a symbol table
--674476--    object doesn't have a dynamic symbol table
--674476-- Scheduler: using generic scheduler lock implementation.
--674476-- Reading suppressions file: ignore_readline_leaks.supp
--674476-- Reading suppressions file: /usr/libexec/valgrind/default.supp
==674476== embedded gdbserver: reading from /tmp/vgdb-pipe-from-vgdb-to-674476-by-imeulema-on-???
==674476== embedded gdbserver: writing to   /tmp/vgdb-pipe-to-vgdb-from-674476-by-imeulema-on-???
==674476== embedded gdbserver: shared mem   /tmp/vgdb-pipe-shared-mem-vgdb-674476-by-imeulema-on-???
==674476== 
==674476== TO CONTROL THIS PROCESS USING vgdb (which you probably
==674476== don't want to do, unless you know exactly what you're doing,
==674476== or are doing some strange experiment):
==674476==   /usr/bin/vgdb --pid=674476 ...command...
==674476== 
==674476== TO DEBUG THIS PROCESS USING GDB: start GDB like this
==674476==   /path/to/gdb ./minishell
==674476== and then give GDB the following command
==674476==   target remote | /usr/bin/vgdb --pid=674476
==674476== --pid is optional if only one valgrind process is running
==674476== 
--674476-- REDIR: 0x402aa40 (ld-linux-x86-64.so.2:strlen) redirected to 0x580bcec2 (???)
--674476-- REDIR: 0x402a810 (ld-linux-x86-64.so.2:index) redirected to 0x580bcedc (???)
--674476-- Reading syms from /usr/libexec/valgrind/vgpreload_core-amd64-linux.so
--674476--    object doesn't have a symbol table
--674476-- Reading syms from /usr/libexec/valgrind/vgpreload_memcheck-amd64-linux.so
--674476--    object doesn't have a symbol table
==674476== WARNING: new redirection conflicts with existing -- ignoring it
--674476--     old: 0x0402aa40 (strlen              ) R-> (0000.0) 0x580bcec2 ???
--674476--     new: 0x0402aa40 (strlen              ) R-> (2007.0) 0x0484ee30 strlen
--674476-- REDIR: 0x4027220 (ld-linux-x86-64.so.2:strcmp) redirected to 0x484fcd0 (strcmp)
--674476-- REDIR: 0x402afa0 (ld-linux-x86-64.so.2:mempcpy) redirected to 0x4853840 (mempcpy)
--674476-- Reading syms from /usr/lib/x86_64-linux-gnu/libreadline.so.8.1
--674476--    object doesn't have a symbol table
--674476-- Reading syms from /usr/lib/x86_64-linux-gnu/libc.so.6
--674476--   Considering /usr/lib/debug/.build-id/4f/7b0c955c3d81d7cac1501a2498b69d1d82bfe7.debug ..
--674476--   .. build-id is valid
==674476== WARNING: new redirection conflicts with existing -- ignoring it
--674476--     old: 0x0496dc60 (memalign            ) R-> (1011.0) 0x0484e080 memalign
--674476--     new: 0x0496dc60 (memalign            ) R-> (1017.0) 0x0484e050 aligned_alloc
==674476== WARNING: new redirection conflicts with existing -- ignoring it
--674476--     old: 0x0496dc60 (memalign            ) R-> (1011.0) 0x0484e080 memalign
--674476--     new: 0x0496dc60 (memalign            ) R-> (1017.0) 0x0484e020 aligned_alloc
==674476== WARNING: new redirection conflicts with existing -- ignoring it
--674476--     old: 0x0496dc60 (memalign            ) R-> (1011.0) 0x0484e080 memalign
--674476--     new: 0x0496dc60 (memalign            ) R-> (1017.0) 0x0484e050 aligned_alloc
==674476== WARNING: new redirection conflicts with existing -- ignoring it
--674476--     old: 0x0496dc60 (memalign            ) R-> (1011.0) 0x0484e080 memalign
--674476--     new: 0x0496dc60 (memalign            ) R-> (1017.0) 0x0484e020 aligned_alloc
--674476-- Reading syms from /usr/lib/x86_64-linux-gnu/libtinfo.so.6.3
--674476--    object doesn't have a symbol table
--674476-- REDIR: 0x4970720 (libc.so.6:strnlen) redirected to 0x483f220 (_vgnU_ifunc_wrapper)
--674476-- REDIR: 0x49709e0 (libc.so.6:strpbrk) redirected to 0x483f220 (_vgnU_ifunc_wrapper)
--674476-- REDIR: 0x49702e0 (libc.so.6:strcmp) redirected to 0x483f220 (_vgnU_ifunc_wrapper)
--674476-- REDIR: 0x498ecd0 (libc.so.6:wcsnlen) redirected to 0x483f220 (_vgnU_ifunc_wrapper)
--674476-- REDIR: 0x49716d0 (libc.so.6:memset) redirected to 0x483f220 (_vgnU_ifunc_wrapper)
--674476-- REDIR: 0x498d540 (libc.so.6:wcslen) redirected to 0x483f220 (_vgnU_ifunc_wrapper)
--674476-- REDIR: 0x4971c10 (libc.so.6:memcpy@@GLIBC_2.14) redirected to 0x483f220 (_vgnU_ifunc_wrapper)
--674476-- REDIR: 0x498d370 (libc.so.6:wcschr) redirected to 0x483f220 (_vgnU_ifunc_wrapper)
--674476-- REDIR: 0x4970260 (libc.so.6:index) redirected to 0x483f220 (_vgnU_ifunc_wrapper)
--674476-- REDIR: 0x4970960 (libc.so.6:rindex) redirected to 0x483f220 (_vgnU_ifunc_wrapper)
--674476-- REDIR: 0x49715a0 (libc.so.6:memmove) redirected to 0x483f220 (_vgnU_ifunc_wrapper)
==674476== Preferring higher priority redirection:
--674476--     old: 0x04a68840 (__memcpy_avx_unalign) R-> (2018.0) 0x04850f90 __memcpy_avx_unaligned_erms
--674476--     new: 0x04a68840 (__memcpy_avx_unalign) R-> (2018.1) 0x04852880 memmove
--674476-- REDIR: 0x498d3f0 (libc.so.6:wcscmp) redirected to 0x483f220 (_vgnU_ifunc_wrapper)
--674476-- REDIR: 0x49719e0 (libc.so.6:stpncpy) redirected to 0x483f220 (_vgnU_ifunc_wrapper)
--674476-- REDIR: 0x498d9b0 (libc.so.6:wmemchr) redirected to 0x483f220 (_vgnU_ifunc_wrapper)
--674476-- REDIR: 0x4970830 (libc.so.6:strncmp) redirected to 0x483f220 (_vgnU_ifunc_wrapper)
--674476-- REDIR: 0x4971a70 (libc.so.6:strcasecmp) redirected to 0x483f220 (_vgnU_ifunc_wrapper)
--674476-- REDIR: 0x4970420 (libc.so.6:strcspn) redirected to 0x483f220 (_vgnU_ifunc_wrapper)
--674476-- REDIR: 0x498d470 (libc.so.6:wcscpy) redirected to 0x483f220 (_vgnU_ifunc_wrapper)
--674476-- REDIR: 0x49701d0 (libc.so.6:strcat) redirected to 0x483f220 (_vgnU_ifunc_wrapper)
--674476-- REDIR: 0x4971b60 (libc.so.6:strncasecmp_l) redirected to 0x483f220 (_vgnU_ifunc_wrapper)
--674476-- REDIR: 0x4971480 (libc.so.6:bcmp) redirected to 0x483f220 (_vgnU_ifunc_wrapper)
--674476-- REDIR: 0x4979570 (libc.so.6:memrchr) redirected to 0x483f220 (_vgnU_ifunc_wrapper)
--674476-- REDIR: 0x4973010 (libc.so.6:strchrnul) redirected to 0x483f220 (_vgnU_ifunc_wrapper)
--674476-- REDIR: 0x4970390 (libc.so.6:strcpy) redirected to 0x483f220 (_vgnU_ifunc_wrapper)
--674476-- REDIR: 0x4971b10 (libc.so.6:strcasecmp_l) redirected to 0x483f220 (_vgnU_ifunc_wrapper)
--674476-- REDIR: 0x49706a0 (libc.so.6:strlen) redirected to 0x483f220 (_vgnU_ifunc_wrapper)
--674476-- REDIR: 0x49708d0 (libc.so.6:strncpy) redirected to 0x483f220 (_vgnU_ifunc_wrapper)
--674476-- REDIR: 0x4971950 (libc.so.6:stpcpy) redirected to 0x483f220 (_vgnU_ifunc_wrapper)
--674476-- REDIR: 0x49713f0 (libc.so.6:memchr) redirected to 0x483f220 (_vgnU_ifunc_wrapper)
--674476-- REDIR: 0x4970b00 (libc.so.6:strspn) redirected to 0x483f220 (_vgnU_ifunc_wrapper)
--674476-- REDIR: 0x49717d0 (libc.so.6:mempcpy) redirected to 0x483f220 (_vgnU_ifunc_wrapper)
--674476-- REDIR: 0x4971ac0 (libc.so.6:strncasecmp) redirected to 0x483f220 (_vgnU_ifunc_wrapper)
--674476-- REDIR: 0x4972f80 (libc.so.6:rawmemchr) redirected to 0x483f220 (_vgnU_ifunc_wrapper)
--674476-- REDIR: 0x49707a0 (libc.so.6:strncat) redirected to 0x483f220 (_vgnU_ifunc_wrapper)
--674476-- REDIR: 0x49fc2f0 (libc.so.6:__memcpy_chk) redirected to 0x483f220 (_vgnU_ifunc_wrapper)
--674476-- REDIR: 0x4971310 (libc.so.6:strstr) redirected to 0x483f220 (_vgnU_ifunc_wrapper)
--674476-- REDIR: 0x4a65690 (libc.so.6:__strrchr_avx2) redirected to 0x484e810 (rindex)
--674476-- REDIR: 0x496d0a0 (libc.so.6:malloc) redirected to 0x4848820 (malloc)
--674476-- REDIR: 0x496d3e0 (libc.so.6:free) redirected to 0x484b210 (free)
--674476-- REDIR: 0x4a65860 (libc.so.6:__strlen_avx2) redirected to 0x484ed10 (strlen)
--674476-- REDIR: 0x4a60e00 (libc.so.6:__strncmp_avx2) redirected to 0x484f3e0 (strncmp)
--674476-- REDIR: 0x4a68840 (libc.so.6:__memcpy_avx_unaligned_erms) redirected to 0x4852880 (memmove)
--674476-- REDIR: 0x4a65480 (libc.so.6:__strchrnul_avx2) redirected to 0x4853330 (strchrnul)
--674476-- REDIR: 0x490d150 (libc.so.6:setenv) redirected to 0x48542d0 (setenv)
--674476-- REDIR: 0x4a65200 (libc.so.6:__strchr_avx2) redirected to 0x484e9f0 (index)
--674476-- REDIR: 0x496d740 (libc.so.6:realloc) redirected to 0x484dc50 (realloc)
--674476-- REDIR: 0x4a68800 (libc.so.6:__mempcpy_avx_unaligned_erms) redirected to 0x4853440 (mempcpy)
--674476-- REDIR: 0x4a609c0 (libc.so.6:__strcmp_avx2) redirected to 0x484fbd0 (strcmp)
--674476-- REDIR: 0x496e520 (libc.so.6:calloc) redirected to 0x484d9d0 (calloc)
--674476-- REDIR: 0x4a659e0 (libc.so.6:__strnlen_avx2) redirected to 0x484ecb0 (strnlen)
--674476-- REDIR: 0x4a66d30 (libc.so.6:__strcpy_avx2) redirected to 0x484ee60 (strcpy)
--674476-- REDIR: 0x4970fc0 (libc.so.6:__GI_strstr) redirected to 0x4853ae0 (__strstr_sse2)
--674476-- REDIR: 0x4a68810 (libc.so.6:__memcpy_chk_avx_unaligned_erms) redirected to 0x4853940 (__memcpy_chk)
--674476-- REDIR: 0x4a69000 (libc.so.6:__memset_avx2_unaligned_erms) redirected to 0x4852770 (memset)
--674476-- REDIR: 0x4a670c0 (libc.so.6:__strncpy_avx2) redirected to 0x484efe0 (strncpy)
--674476-- REDIR: 0x4a61340 (libc.so.6:__memchr_avx2) redirected to 0x484fd50 (memchr)
--674476-- REDIR: 0x4a67a20 (libc.so.6:__stpcpy_avx2) redirected to 0x4852130 (stpcpy)
--674476-- REDIR: 0x4a621b0 (libc.so.6:__strcasecmp_avx) redirected to 0x484f560 (strcasecmp)
--674476-- REDIR: 0x4a63830 (libc.so.6:__strncasecmp_avx) redirected to 0x484f640 (strncasecmp)
--674476-- REDIR: 0x4a61b00 (libc.so.6:__memcmp_avx2_movbe) redirected to 0x4852010 (bcmp)
==674485== 
==674485== FILE DESCRIPTORS: 10 open (3 std) at exit.
==674485== Open file descriptor 103: /usr/share/code/v8_context_snapshot.bin
==674485==    <inherited from parent>
==674485== 
==674485== Open file descriptor 44: /dev/ptmx
==674485==    <inherited from parent>
==674485== 
==674485== Open file descriptor 43: /dev/ptmx
==674485==    <inherited from parent>
==674485== 
==674485== Open file descriptor 42: /dev/ptmx
==674485==    <inherited from parent>
==674485== 
==674485== Open AF_UNIX socket 41: <unknown>
==674485==    <inherited from parent>
==674485== 
==674485== Open file descriptor 40: /home/imeulema/.config/Code/logs/20251028T115824/ptyhost.log
==674485==    <inherited from parent>
==674485== 
==674485== Open file descriptor 3: /home/imeulema/cursus/minishell/logs/parsing.log
==674485==    <inherited from parent>
==674485== 
==674485== 
==674485== HEAP SUMMARY:
==674485==     in use at exit: 208,403 bytes in 231 blocks
==674485==   total heap usage: 783 allocs, 552 frees, 272,372 bytes allocated
==674485== 
==674485== Searching for pointers to 231 not-freed blocks
==674485== Checked 249,544 bytes
==674485== 
==674485== LEAK SUMMARY:
==674485==    definitely lost: 0 bytes in 0 blocks
==674485==    indirectly lost: 0 bytes in 0 blocks
==674485==      possibly lost: 0 bytes in 0 blocks
==674485==    still reachable: 0 bytes in 0 blocks
==674485==         suppressed: 208,403 bytes in 231 blocks
==674485== 
==674485== ERROR SUMMARY: 0 errors from 0 contexts (suppressed: 0 from 0)
--674485-- 
--674485-- used_suppression:     62 ignore_readline_leaks ignore_readline_leaks.supp:3 suppressed: 204,185 bytes in 221 blocks
--674485-- used_suppression:      4 ignore_rl_history_leaks ignore_readline_leaks.supp:10 suppressed: 4,218 bytes in 10 blocks
==674485== 
==674485== ERROR SUMMARY: 0 errors from 0 contexts (suppressed: 0 from 0)
==674489== 
==674489== FILE DESCRIPTORS: 10 open (3 std) at exit.
==674489== Open file descriptor 103: /usr/share/code/v8_context_snapshot.bin
==674489==    <inherited from parent>
==674489== 
==674489== Open file descriptor 44: /dev/ptmx
==674489==    <inherited from parent>
==674489== 
==674489== Open file descriptor 43: /dev/ptmx
==674489==    <inherited from parent>
==674489== 
==674489== Open file descriptor 42: /dev/ptmx
==674489==    <inherited from parent>
==674489== 
==674489== Open AF_UNIX socket 41: <unknown>
==674489==    <inherited from parent>
==674489== 
==674489== Open file descriptor 40: /home/imeulema/.config/Code/logs/20251028T115824/ptyhost.log
==674489==    <inherited from parent>
==674489== 
==674489== Open file descriptor 3: /home/imeulema/cursus/minishell/logs/parsing.log
==674489==    <inherited from parent>
==674489== 
==674489== 
==674489== HEAP SUMMARY:
==674489==     in use at exit: 208,531 bytes in 234 blocks
==674489==   total heap usage: 957 allocs, 723 frees, 276,627 bytes allocated
==674489== 
==674489== Searching for pointers to 234 not-freed blocks
==674489== Checked 249,760 bytes
==674489== 
==674489== LEAK SUMMARY:
==674489==    definitely lost: 0 bytes in 0 blocks
==674489==    indirectly lost: 0 bytes in 0 blocks
==674489==      possibly lost: 0 bytes in 0 blocks
==674489==    still reachable: 0 bytes in 0 blocks
==674489==         suppressed: 208,531 bytes in 234 blocks
==674489== 
==674489== ERROR SUMMARY: 0 errors from 0 contexts (suppressed: 0 from 0)
--674489-- 
--674489-- used_suppression:     62 ignore_readline_leaks ignore_readline_leaks.supp:3 suppressed: 204,185 bytes in 221 blocks
--674489-- used_suppression:      4 ignore_rl_history_leaks ignore_readline_leaks.supp:10 suppressed: 4,346 bytes in 13 blocks
==674489== 
==674489== ERROR SUMMARY: 0 errors from 0 contexts (suppressed: 0 from 0)
==674490== 
==674490== FILE DESCRIPTORS: 10 open (3 std) at exit.
==674490== Open file descriptor 103: /usr/share/code/v8_context_snapshot.bin
==674490==    <inherited from parent>
==674490== 
==674490== Open file descriptor 44: /dev/ptmx
==674490==    <inherited from parent>
==674490== 
==674490== Open file descriptor 43: /dev/ptmx
==674490==    <inherited from parent>
==674490== 
==674490== Open file descriptor 42: /dev/ptmx
==674490==    <inherited from parent>
==674490== 
==674490== Open AF_UNIX socket 41: <unknown>
==674490==    <inherited from parent>
==674490== 
==674490== Open file descriptor 40: /home/imeulema/.config/Code/logs/20251028T115824/ptyhost.log
==674490==    <inherited from parent>
==674490== 
==674490== Open file descriptor 3: /home/imeulema/cursus/minishell/logs/parsing.log
==674490==    <inherited from parent>
==674490== 
==674490== 
==674490== HEAP SUMMARY:
==674490==     in use at exit: 208,531 bytes in 234 blocks
==674490==   total heap usage: 968 allocs, 734 frees, 276,819 bytes allocated
==674490== 
==674490== Searching for pointers to 234 not-freed blocks
==674490== Checked 249,768 bytes
==674490== 
==674490== LEAK SUMMARY:
==674490==    definitely lost: 0 bytes in 0 blocks
==674490==    indirectly lost: 0 bytes in 0 blocks
==674490==      possibly lost: 0 bytes in 0 blocks
==674490==    still reachable: 0 bytes in 0 blocks
==674490==         suppressed: 208,531 bytes in 234 blocks
==674490== 
==674490== ERROR SUMMARY: 0 errors from 0 contexts (suppressed: 0 from 0)
--674490-- 
--674490-- used_suppression:     62 ignore_readline_leaks ignore_readline_leaks.supp:3 suppressed: 204,185 bytes in 221 blocks
--674490-- used_suppression:      4 ignore_rl_history_leaks ignore_readline_leaks.supp:10 suppressed: 4,346 bytes in 13 blocks
==674490== 
==674490== ERROR SUMMARY: 0 errors from 0 contexts (suppressed: 0 from 0)
==674491== 
==674491== FILE DESCRIPTORS: 10 open (3 std) at exit.
==674491== Open file descriptor 103: /usr/share/code/v8_context_snapshot.bin
==674491==    <inherited from parent>
==674491== 
==674491== Open file descriptor 44: /dev/ptmx
==674491==    <inherited from parent>
==674491== 
==674491== Open file descriptor 43: /dev/ptmx
==674491==    <inherited from parent>
==674491== 
==674491== Open file descriptor 42: /dev/ptmx
==674491==    <inherited from parent>
==674491== 
==674491== Open AF_UNIX socket 41: <unknown>
==674491==    <inherited from parent>
==674491== 
==674491== Open file descriptor 40: /home/imeulema/.config/Code/logs/20251028T115824/ptyhost.log
==674491==    <inherited from parent>
==674491== 
==674491== Open file descriptor 3: /home/imeulema/cursus/minishell/logs/parsing.log
==674491==    <inherited from parent>
==674491== 
==674491== 
==674491== HEAP SUMMARY:
==674491==     in use at exit: 208,531 bytes in 234 blocks
==674491==   total heap usage: 979 allocs, 745 frees, 277,033 bytes allocated
==674491== 
==674491== Searching for pointers to 234 not-freed blocks
==674491== Checked 249,768 bytes
==674491== 
==674491== LEAK SUMMARY:
==674491==    definitely lost: 0 bytes in 0 blocks
==674491==    indirectly lost: 0 bytes in 0 blocks
==674491==      possibly lost: 0 bytes in 0 blocks
==674491==    still reachable: 0 bytes in 0 blocks
==674491==         suppressed: 208,531 bytes in 234 blocks
==674491== 
==674491== ERROR SUMMARY: 0 errors from 0 contexts (suppressed: 0 from 0)
--674491-- 
--674491-- used_suppression:     62 ignore_readline_leaks ignore_readline_leaks.supp:3 suppressed: 204,185 bytes in 221 blocks
--674491-- used_suppression:      4 ignore_rl_history_leaks ignore_readline_leaks.supp:10 suppressed: 4,346 bytes in 13 blocks
==674491== 
==674491== ERROR SUMMARY: 0 errors from 0 contexts (suppressed: 0 from 0)
==674492== 
==674492== FILE DESCRIPTORS: 10 open (3 std) at exit.
==674492== Open file descriptor 103: /usr/share/code/v8_context_snapshot.bin
==674492==    <inherited from parent>
==674492== 
==674492== Open file descriptor 44: /dev/ptmx
==674492==    <inherited from parent>
==674492== 
==674492== Open file descriptor 43: /dev/ptmx
==674492==    <inherited from parent>
==674492== 
==674492== Open file descriptor 42: /dev/ptmx
==674492==    <inherited from parent>
==674492== 
==674492== Open AF_UNIX socket 41: <unknown>
==674492==    <inherited from parent>
==674492== 
==674492== Open file descriptor 40: /home/imeulema/.config/Code/logs/20251028T115824/ptyhost.log
==674492==    <inherited from parent>
==674492== 
==674492== Open file descriptor 3: /home/imeulema/cursus/minishell/logs/parsing.log
==674492==    <inherited from parent>
==674492== 
==674492== 
==674492== HEAP SUMMARY:
==674492==     in use at exit: 208,531 bytes in 234 blocks
==674492==   total heap usage: 990 allocs, 756 frees, 277,225 bytes allocated
==674492== 
==674492== Searching for pointers to 234 not-freed blocks
==674492== Checked 249,768 bytes
==674492== 
==674492== LEAK SUMMARY:
==674492==    definitely lost: 0 bytes in 0 blocks
==674492==    indirectly lost: 0 bytes in 0 blocks
==674492==      possibly lost: 0 bytes in 0 blocks
==674492==    still reachable: 0 bytes in 0 blocks
==674492==         suppressed: 208,531 bytes in 234 blocks
==674492== 
==674492== ERROR SUMMARY: 0 errors from 0 contexts (suppressed: 0 from 0)
--674492-- 
--674492-- used_suppression:     62 ignore_readline_leaks ignore_readline_leaks.supp:3 suppressed: 204,185 bytes in 221 blocks
--674492-- used_suppression:      4 ignore_rl_history_leaks ignore_readline_leaks.supp:10 suppressed: 4,346 bytes in 13 blocks
==674492== 
==674492== ERROR SUMMARY: 0 errors from 0 contexts (suppressed: 0 from 0)
==674493== 
==674493== FILE DESCRIPTORS: 10 open (3 std) at exit.
==674493== Open file descriptor 103: /usr/share/code/v8_context_snapshot.bin
==674493==    <inherited from parent>
==674493== 
==674493== Open file descriptor 44: /dev/ptmx
==674493==    <inherited from parent>
==674493== 
==674493== Open file descriptor 43: /dev/ptmx
==674493==    <inherited from parent>
==674493== 
==674493== Open file descriptor 42: /dev/ptmx
==674493==    <inherited from parent>
==674493== 
==674493== Open AF_UNIX socket 41: <unknown>
==674493==    <inherited from parent>
==674493== 
==674493== Open file descriptor 40: /home/imeulema/.config/Code/logs/20251028T115824/ptyhost.log
==674493==    <inherited from parent>
==674493== 
==674493== Open file descriptor 3: /home/imeulema/cursus/minishell/logs/parsing.log
==674493==    <inherited from parent>
==674493== 
==674493== 
==674493== HEAP SUMMARY:
==674493==     in use at exit: 208,531 bytes in 234 blocks
==674493==   total heap usage: 1,003 allocs, 769 frees, 277,471 bytes allocated
==674493== 
==674493== Searching for pointers to 234 not-freed blocks
==674493== Checked 249,768 bytes
==674493== 
==674493== LEAK SUMMARY:
==674493==    definitely lost: 0 bytes in 0 blocks
==674493==    indirectly lost: 0 bytes in 0 blocks
==674493==      possibly lost: 0 bytes in 0 blocks
==674493==    still reachable: 0 bytes in 0 blocks
==674493==         suppressed: 208,531 bytes in 234 blocks
==674493== 
==674493== ERROR SUMMARY: 0 errors from 0 contexts (suppressed: 0 from 0)
--674493-- 
--674493-- used_suppression:     62 ignore_readline_leaks ignore_readline_leaks.supp:3 suppressed: 204,185 bytes in 221 blocks
--674493-- used_suppression:      4 ignore_rl_history_leaks ignore_readline_leaks.supp:10 suppressed: 4,346 bytes in 13 blocks
==674493== 
==674493== ERROR SUMMARY: 0 errors from 0 contexts (suppressed: 0 from 0)
==674494== 
==674494== FILE DESCRIPTORS: 10 open (3 std) at exit.
==674494== Open file descriptor 103: /usr/share/code/v8_context_snapshot.bin
==674494==    <inherited from parent>
==674494== 
==674494== Open file descriptor 44: /dev/ptmx
==674494==    <inherited from parent>
==674494== 
==674494== Open file descriptor 43: /dev/ptmx
==674494==    <inherited from parent>
==674494== 
==674494== Open file descriptor 42: /dev/ptmx
==674494==    <inherited from parent>
==674494== 
==674494== Open AF_UNIX socket 41: <unknown>
==674494==    <inherited from parent>
==674494== 
==674494== Open file descriptor 40: /home/imeulema/.config/Code/logs/20251028T115824/ptyhost.log
==674494==    <inherited from parent>
==674494== 
==674494== Open file descriptor 3: /home/imeulema/cursus/minishell/logs/parsing.log
==674494==    <inherited from parent>
==674494== 
==674494== 
==674494== HEAP SUMMARY:
==674494==     in use at exit: 208,699 bytes in 240 blocks
==674494==   total heap usage: 1,663 allocs, 1,423 frees, 550,903 bytes allocated
==674494== 
==674494== Searching for pointers to 240 not-freed blocks
==674494== Checked 249,880 bytes
==674494== 
==674494== LEAK SUMMARY:
==674494==    definitely lost: 0 bytes in 0 blocks
==674494==    indirectly lost: 0 bytes in 0 blocks
==674494==      possibly lost: 0 bytes in 0 blocks
==674494==    still reachable: 0 bytes in 0 blocks
==674494==         suppressed: 208,699 bytes in 240 blocks
==674494== 
==674494== ERROR SUMMARY: 0 errors from 0 contexts (suppressed: 0 from 0)
--674494-- 
--674494-- used_suppression:     62 ignore_readline_leaks ignore_readline_leaks.supp:3 suppressed: 204,185 bytes in 221 blocks
--674494-- used_suppression:      4 ignore_rl_history_leaks ignore_readline_leaks.supp:10 suppressed: 4,514 bytes in 19 blocks
==674494== 
==674494== ERROR SUMMARY: 0 errors from 0 contexts (suppressed: 0 from 0)
==674495== 
==674495== FILE DESCRIPTORS: 10 open (3 std) at exit.
==674495== Open file descriptor 103: /usr/share/code/v8_context_snapshot.bin
==674495==    <inherited from parent>
==674495== 
==674495== Open file descriptor 44: /dev/ptmx
==674495==    <inherited from parent>
==674495== 
==674495== Open file descriptor 43: /dev/ptmx
==674495==    <inherited from parent>
==674495== 
==674495== Open file descriptor 42: /dev/ptmx
==674495==    <inherited from parent>
==674495== 
==674495== Open AF_UNIX socket 41: <unknown>
==674495==    <inherited from parent>
==674495== 
==674495== Open file descriptor 40: /home/imeulema/.config/Code/logs/20251028T115824/ptyhost.log
==674495==    <inherited from parent>
==674495== 
==674495== Open file descriptor 3: /home/imeulema/cursus/minishell/logs/parsing.log
==674495==    <inherited from parent>
==674495== 
==674495== 
==674495== HEAP SUMMARY:
==674495==     in use at exit: 208,699 bytes in 240 blocks
==674495==   total heap usage: 1,674 allocs, 1,434 frees, 551,095 bytes allocated
==674495== 
==674495== Searching for pointers to 240 not-freed blocks
==674495== Checked 249,928 bytes
==674495== 
==674495== LEAK SUMMARY:
==674495==    definitely lost: 0 bytes in 0 blocks
==674495==    indirectly lost: 0 bytes in 0 blocks
==674495==      possibly lost: 0 bytes in 0 blocks
==674495==    still reachable: 0 bytes in 0 blocks
==674495==         suppressed: 208,699 bytes in 240 blocks
==674495== 
==674495== ERROR SUMMARY: 0 errors from 0 contexts (suppressed: 0 from 0)
--674495-- 
--674495-- used_suppression:     62 ignore_readline_leaks ignore_readline_leaks.supp:3 suppressed: 204,185 bytes in 221 blocks
--674495-- used_suppression:      4 ignore_rl_history_leaks ignore_readline_leaks.supp:10 suppressed: 4,514 bytes in 19 blocks
==674495== 
==674495== ERROR SUMMARY: 0 errors from 0 contexts (suppressed: 0 from 0)
==674506== 
==674506== FILE DESCRIPTORS: 10 open (3 std) at exit.
==674506== Open file descriptor 103: /usr/share/code/v8_context_snapshot.bin
==674506==    <inherited from parent>
==674506== 
==674506== Open file descriptor 44: /dev/ptmx
==674506==    <inherited from parent>
==674506== 
==674506== Open file descriptor 43: /dev/ptmx
==674506==    <inherited from parent>
==674506== 
==674506== Open file descriptor 42: /dev/ptmx
==674506==    <inherited from parent>
==674506== 
==674506== Open AF_UNIX socket 41: <unknown>
==674506==    <inherited from parent>
==674506== 
==674506== Open file descriptor 40: /home/imeulema/.config/Code/logs/20251028T115824/ptyhost.log
==674506==    <inherited from parent>
==674506== 
==674506== Open file descriptor 3: /home/imeulema/cursus/minishell/logs/parsing.log
==674506==    <inherited from parent>
==674506== 
==674506== 
==674506== HEAP SUMMARY:
==674506==     in use at exit: 208,699 bytes in 240 blocks
==674506==   total heap usage: 1,685 allocs, 1,445 frees, 551,287 bytes allocated
==674506== 
==674506== Searching for pointers to 240 not-freed blocks
==674506== Checked 249,928 bytes
==674506== 
==674506== LEAK SUMMARY:
==674506==    definitely lost: 0 bytes in 0 blocks
==674506==    indirectly lost: 0 bytes in 0 blocks
==674506==      possibly lost: 0 bytes in 0 blocks
==674506==    still reachable: 0 bytes in 0 blocks
==674506==         suppressed: 208,699 bytes in 240 blocks
==674506== 
==674506== ERROR SUMMARY: 0 errors from 0 contexts (suppressed: 0 from 0)
--674506-- 
--674506-- used_suppression:     62 ignore_readline_leaks ignore_readline_leaks.supp:3 suppressed: 204,185 bytes in 221 blocks
--674506-- used_suppression:      4 ignore_rl_history_leaks ignore_readline_leaks.supp:10 suppressed: 4,514 bytes in 19 blocks
==674506== 
==674506== ERROR SUMMARY: 0 errors from 0 contexts (suppressed: 0 from 0)
==674476== 
==674476== FILE DESCRIPTORS: 10 open (3 std) at exit.
==674476== Open file descriptor 103: /usr/share/code/v8_context_snapshot.bin
==674476==    <inherited from parent>
==674476== 
==674476== Open file descriptor 44: /dev/ptmx
==674476==    <inherited from parent>
==674476== 
==674476== Open file descriptor 43: /dev/ptmx
==674476==    <inherited from parent>
==674476== 
==674476== Open file descriptor 42: /dev/ptmx
==674476==    <inherited from parent>
==674476== 
==674476== Open AF_UNIX socket 41: <unknown>
==674476==    <inherited from parent>
==674476== 
==674476== Open file descriptor 40: /home/imeulema/.config/Code/logs/20251028T115824/ptyhost.log
==674476==    <inherited from parent>
==674476== 
==674476== Open file descriptor 3: /home/imeulema/cursus/minishell/logs/parsing.log
==674476==    <inherited from parent>
==674476== 
==674476== 
==674476== HEAP SUMMARY:
==674476==     in use at exit: 208,699 bytes in 240 blocks
==674476==   total heap usage: 1,688 allocs, 1,448 frees, 551,339 bytes allocated
==674476== 
==674476== Searching for pointers to 240 not-freed blocks
==674476== Checked 249,368 bytes
==674476== 
==674476== LEAK SUMMARY:
==674476==    definitely lost: 0 bytes in 0 blocks
==674476==    indirectly lost: 0 bytes in 0 blocks
==674476==      possibly lost: 0 bytes in 0 blocks
==674476==    still reachable: 0 bytes in 0 blocks
==674476==         suppressed: 208,699 bytes in 240 blocks
==674476== 
==674476== ERROR SUMMARY: 0 errors from 0 contexts (suppressed: 0 from 0)
--674476-- 
--674476-- used_suppression:     62 ignore_readline_leaks ignore_readline_leaks.supp:3 suppressed: 204,185 bytes in 221 blocks
--674476-- used_suppression:      4 ignore_rl_history_leaks ignore_readline_leaks.supp:10 suppressed: 4,514 bytes in 19 blocks
==674476== 
==674476== ERROR SUMMARY: 0 errors from 0 contexts (suppressed: 0 from 0)
