==1060174== Memcheck, a memory error detector
==1060174== Copyright (C) 2002-2017, and GNU GPL'd, by Julian Seward et al.
==1060174== Using Valgrind-3.18.1-42b08ed5bd-20211015 and LibVEX; rerun with -h for copyright info
==1060174== Command: ./minishell
==1060174== Parent PID: 1060153
==1060174== 
--1060174-- 
--1060174-- Valgrind options:
--1060174--    --leak-check=full
--1060174--    --show-leak-kinds=all
--1060174--    --track-origins=yes
--1060174--    --verbose
--1060174--    --track-fds=yes
--1060174--    --log-file=logs/redirs.log
--1060174--    --suppressions=ignore_readline_leaks.supp
--1060174-- Contents of /proc/version:
--1060174--   Linux version 6.6.72-x64v3-t2-jammy-xanmod1 (root@fv-az1245-313) (gcc (Ubuntu 11.4.0-1ubuntu1~22.04) 11.4.0, GNU ld (GNU Binutils for Ubuntu) 2.38) #xanmod1 SMP PREEMPT_DYNAMIC Sat Jan 18 01:41:53 UTC 2025
--1060174-- 
--1060174-- Arch and hwcaps: AMD64, LittleEndian, amd64-cx16-lzcnt-rdtscp-sse3-ssse3-avx-avx2-bmi-f16c-rdrand-rdseed
--1060174-- Page sizes: currently 4096, max supported 4096
--1060174-- Valgrind library directory: /usr/libexec/valgrind
--1060174-- Reading syms from /home/imeulema/cursus/clean_minishell/minishell
--1060174-- Reading syms from /usr/lib/x86_64-linux-gnu/ld-linux-x86-64.so.2
--1060174--   Considering /usr/lib/debug/.build-id/ac/af96d7b1a6bad57b559d646233d5dc1a23257c.debug ..
--1060174--   .. build-id is valid
--1060174-- Reading syms from /usr/libexec/valgrind/memcheck-amd64-linux
--1060174--    object doesn't have a symbol table
--1060174--    object doesn't have a dynamic symbol table
--1060174-- Scheduler: using generic scheduler lock implementation.
--1060174-- Reading suppressions file: ignore_readline_leaks.supp
--1060174-- Reading suppressions file: /usr/libexec/valgrind/default.supp
==1060174== embedded gdbserver: reading from /tmp/vgdb-pipe-from-vgdb-to-1060174-by-imeulema-on-???
==1060174== embedded gdbserver: writing to   /tmp/vgdb-pipe-to-vgdb-from-1060174-by-imeulema-on-???
==1060174== embedded gdbserver: shared mem   /tmp/vgdb-pipe-shared-mem-vgdb-1060174-by-imeulema-on-???
==1060174== 
==1060174== TO CONTROL THIS PROCESS USING vgdb (which you probably
==1060174== don't want to do, unless you know exactly what you're doing,
==1060174== or are doing some strange experiment):
==1060174==   /usr/bin/vgdb --pid=1060174 ...command...
==1060174== 
==1060174== TO DEBUG THIS PROCESS USING GDB: start GDB like this
==1060174==   /path/to/gdb ./minishell
==1060174== and then give GDB the following command
==1060174==   target remote | /usr/bin/vgdb --pid=1060174
==1060174== --pid is optional if only one valgrind process is running
==1060174== 
--1060174-- REDIR: 0x402aa40 (ld-linux-x86-64.so.2:strlen) redirected to 0x580bcec2 (???)
--1060174-- REDIR: 0x402a810 (ld-linux-x86-64.so.2:index) redirected to 0x580bcedc (???)
--1060174-- Reading syms from /usr/libexec/valgrind/vgpreload_core-amd64-linux.so
--1060174--    object doesn't have a symbol table
--1060174-- Reading syms from /usr/libexec/valgrind/vgpreload_memcheck-amd64-linux.so
--1060174--    object doesn't have a symbol table
==1060174== WARNING: new redirection conflicts with existing -- ignoring it
--1060174--     old: 0x0402aa40 (strlen              ) R-> (0000.0) 0x580bcec2 ???
--1060174--     new: 0x0402aa40 (strlen              ) R-> (2007.0) 0x0484ee30 strlen
--1060174-- REDIR: 0x4027220 (ld-linux-x86-64.so.2:strcmp) redirected to 0x484fcd0 (strcmp)
--1060174-- REDIR: 0x402afa0 (ld-linux-x86-64.so.2:mempcpy) redirected to 0x4853840 (mempcpy)
--1060174-- Reading syms from /usr/lib/x86_64-linux-gnu/libreadline.so.8.1
--1060174--    object doesn't have a symbol table
--1060174-- Reading syms from /usr/lib/x86_64-linux-gnu/libc.so.6
--1060174--   Considering /usr/lib/debug/.build-id/4f/7b0c955c3d81d7cac1501a2498b69d1d82bfe7.debug ..
--1060174--   .. build-id is valid
==1060174== WARNING: new redirection conflicts with existing -- ignoring it
--1060174--     old: 0x0496dc60 (memalign            ) R-> (1011.0) 0x0484e080 memalign
--1060174--     new: 0x0496dc60 (memalign            ) R-> (1017.0) 0x0484e050 aligned_alloc
==1060174== WARNING: new redirection conflicts with existing -- ignoring it
--1060174--     old: 0x0496dc60 (memalign            ) R-> (1011.0) 0x0484e080 memalign
--1060174--     new: 0x0496dc60 (memalign            ) R-> (1017.0) 0x0484e020 aligned_alloc
==1060174== WARNING: new redirection conflicts with existing -- ignoring it
--1060174--     old: 0x0496dc60 (memalign            ) R-> (1011.0) 0x0484e080 memalign
--1060174--     new: 0x0496dc60 (memalign            ) R-> (1017.0) 0x0484e050 aligned_alloc
==1060174== WARNING: new redirection conflicts with existing -- ignoring it
--1060174--     old: 0x0496dc60 (memalign            ) R-> (1011.0) 0x0484e080 memalign
--1060174--     new: 0x0496dc60 (memalign            ) R-> (1017.0) 0x0484e020 aligned_alloc
--1060174-- Reading syms from /usr/lib/x86_64-linux-gnu/libtinfo.so.6.3
--1060174--    object doesn't have a symbol table
--1060174-- REDIR: 0x4970720 (libc.so.6:strnlen) redirected to 0x483f220 (_vgnU_ifunc_wrapper)
--1060174-- REDIR: 0x49709e0 (libc.so.6:strpbrk) redirected to 0x483f220 (_vgnU_ifunc_wrapper)
--1060174-- REDIR: 0x49702e0 (libc.so.6:strcmp) redirected to 0x483f220 (_vgnU_ifunc_wrapper)
--1060174-- REDIR: 0x498ecd0 (libc.so.6:wcsnlen) redirected to 0x483f220 (_vgnU_ifunc_wrapper)
--1060174-- REDIR: 0x49716d0 (libc.so.6:memset) redirected to 0x483f220 (_vgnU_ifunc_wrapper)
--1060174-- REDIR: 0x498d540 (libc.so.6:wcslen) redirected to 0x483f220 (_vgnU_ifunc_wrapper)
--1060174-- REDIR: 0x4971c10 (libc.so.6:memcpy@@GLIBC_2.14) redirected to 0x483f220 (_vgnU_ifunc_wrapper)
--1060174-- REDIR: 0x498d370 (libc.so.6:wcschr) redirected to 0x483f220 (_vgnU_ifunc_wrapper)
--1060174-- REDIR: 0x4970260 (libc.so.6:index) redirected to 0x483f220 (_vgnU_ifunc_wrapper)
--1060174-- REDIR: 0x4970960 (libc.so.6:rindex) redirected to 0x483f220 (_vgnU_ifunc_wrapper)
--1060174-- REDIR: 0x49715a0 (libc.so.6:memmove) redirected to 0x483f220 (_vgnU_ifunc_wrapper)
==1060174== Preferring higher priority redirection:
--1060174--     old: 0x04a68840 (__memcpy_avx_unalign) R-> (2018.0) 0x04850f90 __memcpy_avx_unaligned_erms
--1060174--     new: 0x04a68840 (__memcpy_avx_unalign) R-> (2018.1) 0x04852880 memmove
--1060174-- REDIR: 0x498d3f0 (libc.so.6:wcscmp) redirected to 0x483f220 (_vgnU_ifunc_wrapper)
--1060174-- REDIR: 0x49719e0 (libc.so.6:stpncpy) redirected to 0x483f220 (_vgnU_ifunc_wrapper)
--1060174-- REDIR: 0x498d9b0 (libc.so.6:wmemchr) redirected to 0x483f220 (_vgnU_ifunc_wrapper)
--1060174-- REDIR: 0x4970830 (libc.so.6:strncmp) redirected to 0x483f220 (_vgnU_ifunc_wrapper)
--1060174-- REDIR: 0x4971a70 (libc.so.6:strcasecmp) redirected to 0x483f220 (_vgnU_ifunc_wrapper)
--1060174-- REDIR: 0x4970420 (libc.so.6:strcspn) redirected to 0x483f220 (_vgnU_ifunc_wrapper)
--1060174-- REDIR: 0x498d470 (libc.so.6:wcscpy) redirected to 0x483f220 (_vgnU_ifunc_wrapper)
--1060174-- REDIR: 0x49701d0 (libc.so.6:strcat) redirected to 0x483f220 (_vgnU_ifunc_wrapper)
--1060174-- REDIR: 0x4971b60 (libc.so.6:strncasecmp_l) redirected to 0x483f220 (_vgnU_ifunc_wrapper)
--1060174-- REDIR: 0x4971480 (libc.so.6:bcmp) redirected to 0x483f220 (_vgnU_ifunc_wrapper)
--1060174-- REDIR: 0x4979570 (libc.so.6:memrchr) redirected to 0x483f220 (_vgnU_ifunc_wrapper)
--1060174-- REDIR: 0x4973010 (libc.so.6:strchrnul) redirected to 0x483f220 (_vgnU_ifunc_wrapper)
--1060174-- REDIR: 0x4970390 (libc.so.6:strcpy) redirected to 0x483f220 (_vgnU_ifunc_wrapper)
--1060174-- REDIR: 0x4971b10 (libc.so.6:strcasecmp_l) redirected to 0x483f220 (_vgnU_ifunc_wrapper)
--1060174-- REDIR: 0x49706a0 (libc.so.6:strlen) redirected to 0x483f220 (_vgnU_ifunc_wrapper)
--1060174-- REDIR: 0x49708d0 (libc.so.6:strncpy) redirected to 0x483f220 (_vgnU_ifunc_wrapper)
--1060174-- REDIR: 0x4971950 (libc.so.6:stpcpy) redirected to 0x483f220 (_vgnU_ifunc_wrapper)
--1060174-- REDIR: 0x49713f0 (libc.so.6:memchr) redirected to 0x483f220 (_vgnU_ifunc_wrapper)
--1060174-- REDIR: 0x4970b00 (libc.so.6:strspn) redirected to 0x483f220 (_vgnU_ifunc_wrapper)
--1060174-- REDIR: 0x49717d0 (libc.so.6:mempcpy) redirected to 0x483f220 (_vgnU_ifunc_wrapper)
--1060174-- REDIR: 0x4971ac0 (libc.so.6:strncasecmp) redirected to 0x483f220 (_vgnU_ifunc_wrapper)
--1060174-- REDIR: 0x4972f80 (libc.so.6:rawmemchr) redirected to 0x483f220 (_vgnU_ifunc_wrapper)
--1060174-- REDIR: 0x49707a0 (libc.so.6:strncat) redirected to 0x483f220 (_vgnU_ifunc_wrapper)
--1060174-- REDIR: 0x49fc2f0 (libc.so.6:__memcpy_chk) redirected to 0x483f220 (_vgnU_ifunc_wrapper)
--1060174-- REDIR: 0x4971310 (libc.so.6:strstr) redirected to 0x483f220 (_vgnU_ifunc_wrapper)
--1060174-- REDIR: 0x4a65690 (libc.so.6:__strrchr_avx2) redirected to 0x484e810 (rindex)
--1060174-- REDIR: 0x496d0a0 (libc.so.6:malloc) redirected to 0x4848820 (malloc)
--1060174-- REDIR: 0x496d3e0 (libc.so.6:free) redirected to 0x484b210 (free)
--1060174-- REDIR: 0x4a65860 (libc.so.6:__strlen_avx2) redirected to 0x484ed10 (strlen)
--1060174-- REDIR: 0x4a60e00 (libc.so.6:__strncmp_avx2) redirected to 0x484f3e0 (strncmp)
--1060174-- REDIR: 0x4a68840 (libc.so.6:__memcpy_avx_unaligned_erms) redirected to 0x4852880 (memmove)
--1060174-- REDIR: 0x4a65480 (libc.so.6:__strchrnul_avx2) redirected to 0x4853330 (strchrnul)
--1060174-- REDIR: 0x490d150 (libc.so.6:setenv) redirected to 0x48542d0 (setenv)
--1060174-- REDIR: 0x4a65200 (libc.so.6:__strchr_avx2) redirected to 0x484e9f0 (index)
--1060174-- REDIR: 0x496d740 (libc.so.6:realloc) redirected to 0x484dc50 (realloc)
--1060174-- REDIR: 0x4a68800 (libc.so.6:__mempcpy_avx_unaligned_erms) redirected to 0x4853440 (mempcpy)
--1060174-- REDIR: 0x4a609c0 (libc.so.6:__strcmp_avx2) redirected to 0x484fbd0 (strcmp)
--1060174-- REDIR: 0x496e520 (libc.so.6:calloc) redirected to 0x484d9d0 (calloc)
--1060174-- REDIR: 0x4a659e0 (libc.so.6:__strnlen_avx2) redirected to 0x484ecb0 (strnlen)
--1060174-- REDIR: 0x4a66d30 (libc.so.6:__strcpy_avx2) redirected to 0x484ee60 (strcpy)
--1060174-- REDIR: 0x4970fc0 (libc.so.6:__GI_strstr) redirected to 0x4853ae0 (__strstr_sse2)
--1060174-- REDIR: 0x4a68810 (libc.so.6:__memcpy_chk_avx_unaligned_erms) redirected to 0x4853940 (__memcpy_chk)
--1060174-- REDIR: 0x4a69000 (libc.so.6:__memset_avx2_unaligned_erms) redirected to 0x4852770 (memset)
--1060174-- REDIR: 0x4a670c0 (libc.so.6:__strncpy_avx2) redirected to 0x484efe0 (strncpy)
--1060174-- REDIR: 0x4a61340 (libc.so.6:__memchr_avx2) redirected to 0x484fd50 (memchr)
--1060174-- REDIR: 0x4a67a20 (libc.so.6:__stpcpy_avx2) redirected to 0x4852130 (stpcpy)
--1060174-- REDIR: 0x4a621b0 (libc.so.6:__strcasecmp_avx) redirected to 0x484f560 (strcasecmp)
--1060174-- REDIR: 0x4a63830 (libc.so.6:__strncasecmp_avx) redirected to 0x484f640 (strncasecmp)
--1060174-- REDIR: 0x4a61b00 (libc.so.6:__memcmp_avx2_movbe) redirected to 0x4852010 (bcmp)
==1060174== Conditional jump or move depends on uninitialised value(s)
==1060174==    at 0x40BCB4: check_paren_syntax (in /home/imeulema/cursus/clean_minishell/minishell)
==1060174==    by 0x40BAA1: check_parentheses (in /home/imeulema/cursus/clean_minishell/minishell)
==1060174==    by 0x40C1A1: valid_syntax (in /home/imeulema/cursus/clean_minishell/minishell)
==1060174==    by 0x4081BD: parse (in /home/imeulema/cursus/clean_minishell/minishell)
==1060174==    by 0x40149D: process_command (in /home/imeulema/cursus/clean_minishell/minishell)
==1060174==    by 0x4013CD: main (in /home/imeulema/cursus/clean_minishell/minishell)
==1060174==  Uninitialised value was created by a stack allocation
==1060174==    at 0x40BAD0: get_last_close (in /home/imeulema/cursus/clean_minishell/minishell)
==1060174== 
==1060174== Conditional jump or move depends on uninitialised value(s)
==1060174==    at 0x408504: set_root_node (in /home/imeulema/cursus/clean_minishell/minishell)
==1060174==    by 0x408494: create_ast (in /home/imeulema/cursus/clean_minishell/minishell)
==1060174==    by 0x4081F8: parse (in /home/imeulema/cursus/clean_minishell/minishell)
==1060174==    by 0x40149D: process_command (in /home/imeulema/cursus/clean_minishell/minishell)
==1060174==    by 0x4013CD: main (in /home/imeulema/cursus/clean_minishell/minishell)
==1060174==  Uninitialised value was created by a heap allocation
==1060174==    at 0x4848899: malloc (in /usr/libexec/valgrind/vgpreload_memcheck-amd64-linux.so)
==1060174==    by 0x409C31: extract_redirs (in /home/imeulema/cursus/clean_minishell/minishell)
==1060174==    by 0x4089A9: parse_command (in /home/imeulema/cursus/clean_minishell/minishell)
==1060174==    by 0x408439: create_subshell (in /home/imeulema/cursus/clean_minishell/minishell)
==1060174==    by 0x40838D: parse_command_line (in /home/imeulema/cursus/clean_minishell/minishell)
==1060174==    by 0x408483: create_ast (in /home/imeulema/cursus/clean_minishell/minishell)
==1060174==    by 0x4081F8: parse (in /home/imeulema/cursus/clean_minishell/minishell)
==1060174==    by 0x40149D: process_command (in /home/imeulema/cursus/clean_minishell/minishell)
==1060174==    by 0x4013CD: main (in /home/imeulema/cursus/clean_minishell/minishell)
==1060174== 
==1060174== Conditional jump or move depends on uninitialised value(s)
==1060174==    at 0x406079: make_redirs (in /home/imeulema/cursus/clean_minishell/minishell)
==1060174==    by 0x401BD1: echo (in /home/imeulema/cursus/clean_minishell/minishell)
==1060174==    by 0x401A35: exec_builtin (in /home/imeulema/cursus/clean_minishell/minishell)
==1060174==    by 0x40169D: run_cmd (in /home/imeulema/cursus/clean_minishell/minishell)
==1060174==    by 0x401582: exec_ast (in /home/imeulema/cursus/clean_minishell/minishell)
==1060174==    by 0x4014B5: process_command (in /home/imeulema/cursus/clean_minishell/minishell)
==1060174==    by 0x4013CD: main (in /home/imeulema/cursus/clean_minishell/minishell)
==1060174==  Uninitialised value was created by a heap allocation
==1060174==    at 0x4848899: malloc (in /usr/libexec/valgrind/vgpreload_memcheck-amd64-linux.so)
==1060174==    by 0x409C31: extract_redirs (in /home/imeulema/cursus/clean_minishell/minishell)
==1060174==    by 0x4089A9: parse_command (in /home/imeulema/cursus/clean_minishell/minishell)
==1060174==    by 0x408439: create_subshell (in /home/imeulema/cursus/clean_minishell/minishell)
==1060174==    by 0x40838D: parse_command_line (in /home/imeulema/cursus/clean_minishell/minishell)
==1060174==    by 0x408483: create_ast (in /home/imeulema/cursus/clean_minishell/minishell)
==1060174==    by 0x4081F8: parse (in /home/imeulema/cursus/clean_minishell/minishell)
==1060174==    by 0x40149D: process_command (in /home/imeulema/cursus/clean_minishell/minishell)
==1060174==    by 0x4013CD: main (in /home/imeulema/cursus/clean_minishell/minishell)
==1060174== 
==1060174== Conditional jump or move depends on uninitialised value(s)
==1060174==    at 0x4056CE: unlink_heredoc (in /home/imeulema/cursus/clean_minishell/minishell)
==1060174==    by 0x405BE1: close_all_redirs (in /home/imeulema/cursus/clean_minishell/minishell)
==1060174==    by 0x401CCA: echo (in /home/imeulema/cursus/clean_minishell/minishell)
==1060174==    by 0x401A35: exec_builtin (in /home/imeulema/cursus/clean_minishell/minishell)
==1060174==    by 0x40169D: run_cmd (in /home/imeulema/cursus/clean_minishell/minishell)
==1060174==    by 0x401582: exec_ast (in /home/imeulema/cursus/clean_minishell/minishell)
==1060174==    by 0x4014B5: process_command (in /home/imeulema/cursus/clean_minishell/minishell)
==1060174==    by 0x4013CD: main (in /home/imeulema/cursus/clean_minishell/minishell)
==1060174==  Uninitialised value was created by a heap allocation
==1060174==    at 0x4848899: malloc (in /usr/libexec/valgrind/vgpreload_memcheck-amd64-linux.so)
==1060174==    by 0x409C31: extract_redirs (in /home/imeulema/cursus/clean_minishell/minishell)
==1060174==    by 0x4089A9: parse_command (in /home/imeulema/cursus/clean_minishell/minishell)
==1060174==    by 0x408439: create_subshell (in /home/imeulema/cursus/clean_minishell/minishell)
==1060174==    by 0x40838D: parse_command_line (in /home/imeulema/cursus/clean_minishell/minishell)
==1060174==    by 0x408483: create_ast (in /home/imeulema/cursus/clean_minishell/minishell)
==1060174==    by 0x4081F8: parse (in /home/imeulema/cursus/clean_minishell/minishell)
==1060174==    by 0x40149D: process_command (in /home/imeulema/cursus/clean_minishell/minishell)
==1060174==    by 0x4013CD: main (in /home/imeulema/cursus/clean_minishell/minishell)
==1060174== 
==1060174== Conditional jump or move depends on uninitialised value(s)
==1060174==    at 0x4056CE: unlink_heredoc (in /home/imeulema/cursus/clean_minishell/minishell)
==1060174==    by 0x405BE1: close_all_redirs (in /home/imeulema/cursus/clean_minishell/minishell)
==1060174==    by 0x40DFF4: clean_ast (in /home/imeulema/cursus/clean_minishell/minishell)
==1060174==    by 0x4014C7: process_command (in /home/imeulema/cursus/clean_minishell/minishell)
==1060174==    by 0x4013CD: main (in /home/imeulema/cursus/clean_minishell/minishell)
==1060174==  Uninitialised value was created by a heap allocation
==1060174==    at 0x4848899: malloc (in /usr/libexec/valgrind/vgpreload_memcheck-amd64-linux.so)
==1060174==    by 0x409C31: extract_redirs (in /home/imeulema/cursus/clean_minishell/minishell)
==1060174==    by 0x4089A9: parse_command (in /home/imeulema/cursus/clean_minishell/minishell)
==1060174==    by 0x408439: create_subshell (in /home/imeulema/cursus/clean_minishell/minishell)
==1060174==    by 0x40838D: parse_command_line (in /home/imeulema/cursus/clean_minishell/minishell)
==1060174==    by 0x408483: create_ast (in /home/imeulema/cursus/clean_minishell/minishell)
==1060174==    by 0x4081F8: parse (in /home/imeulema/cursus/clean_minishell/minishell)
==1060174==    by 0x40149D: process_command (in /home/imeulema/cursus/clean_minishell/minishell)
==1060174==    by 0x4013CD: main (in /home/imeulema/cursus/clean_minishell/minishell)
==1060174== 
==1060174== Conditional jump or move depends on uninitialised value(s)
==1060174==    at 0x40E022: clean_ast (in /home/imeulema/cursus/clean_minishell/minishell)
==1060174==    by 0x4014C7: process_command (in /home/imeulema/cursus/clean_minishell/minishell)
==1060174==    by 0x4013CD: main (in /home/imeulema/cursus/clean_minishell/minishell)
==1060174==  Uninitialised value was created by a heap allocation
==1060174==    at 0x4848899: malloc (in /usr/libexec/valgrind/vgpreload_memcheck-amd64-linux.so)
==1060174==    by 0x409C31: extract_redirs (in /home/imeulema/cursus/clean_minishell/minishell)
==1060174==    by 0x4089A9: parse_command (in /home/imeulema/cursus/clean_minishell/minishell)
==1060174==    by 0x408439: create_subshell (in /home/imeulema/cursus/clean_minishell/minishell)
==1060174==    by 0x40838D: parse_command_line (in /home/imeulema/cursus/clean_minishell/minishell)
==1060174==    by 0x408483: create_ast (in /home/imeulema/cursus/clean_minishell/minishell)
==1060174==    by 0x4081F8: parse (in /home/imeulema/cursus/clean_minishell/minishell)
==1060174==    by 0x40149D: process_command (in /home/imeulema/cursus/clean_minishell/minishell)
==1060174==    by 0x4013CD: main (in /home/imeulema/cursus/clean_minishell/minishell)
==1060174== 
==1060174== Conditional jump or move depends on uninitialised value(s)
==1060174==    at 0x406079: make_redirs (in /home/imeulema/cursus/clean_minishell/minishell)
==1060174==    by 0x4016AE: run_cmd (in /home/imeulema/cursus/clean_minishell/minishell)
==1060174==    by 0x401582: exec_ast (in /home/imeulema/cursus/clean_minishell/minishell)
==1060174==    by 0x4014B5: process_command (in /home/imeulema/cursus/clean_minishell/minishell)
==1060174==    by 0x4013CD: main (in /home/imeulema/cursus/clean_minishell/minishell)
==1060174==  Uninitialised value was created by a heap allocation
==1060174==    at 0x4848899: malloc (in /usr/libexec/valgrind/vgpreload_memcheck-amd64-linux.so)
==1060174==    by 0x409C31: extract_redirs (in /home/imeulema/cursus/clean_minishell/minishell)
==1060174==    by 0x4089A9: parse_command (in /home/imeulema/cursus/clean_minishell/minishell)
==1060174==    by 0x408439: create_subshell (in /home/imeulema/cursus/clean_minishell/minishell)
==1060174==    by 0x40838D: parse_command_line (in /home/imeulema/cursus/clean_minishell/minishell)
==1060174==    by 0x408483: create_ast (in /home/imeulema/cursus/clean_minishell/minishell)
==1060174==    by 0x4081F8: parse (in /home/imeulema/cursus/clean_minishell/minishell)
==1060174==    by 0x40149D: process_command (in /home/imeulema/cursus/clean_minishell/minishell)
==1060174==    by 0x4013CD: main (in /home/imeulema/cursus/clean_minishell/minishell)
==1060174== 
==1060174== Conditional jump or move depends on uninitialised value(s)
==1060174==    at 0x4056CE: unlink_heredoc (in /home/imeulema/cursus/clean_minishell/minishell)
==1060174==    by 0x40174A: run_cmd (in /home/imeulema/cursus/clean_minishell/minishell)
==1060174==    by 0x401582: exec_ast (in /home/imeulema/cursus/clean_minishell/minishell)
==1060174==    by 0x4014B5: process_command (in /home/imeulema/cursus/clean_minishell/minishell)
==1060174==    by 0x4013CD: main (in /home/imeulema/cursus/clean_minishell/minishell)
==1060174==  Uninitialised value was created by a heap allocation
==1060174==    at 0x4848899: malloc (in /usr/libexec/valgrind/vgpreload_memcheck-amd64-linux.so)
==1060174==    by 0x409C31: extract_redirs (in /home/imeulema/cursus/clean_minishell/minishell)
==1060174==    by 0x4089A9: parse_command (in /home/imeulema/cursus/clean_minishell/minishell)
==1060174==    by 0x408439: create_subshell (in /home/imeulema/cursus/clean_minishell/minishell)
==1060174==    by 0x40838D: parse_command_line (in /home/imeulema/cursus/clean_minishell/minishell)
==1060174==    by 0x408483: create_ast (in /home/imeulema/cursus/clean_minishell/minishell)
==1060174==    by 0x4081F8: parse (in /home/imeulema/cursus/clean_minishell/minishell)
==1060174==    by 0x40149D: process_command (in /home/imeulema/cursus/clean_minishell/minishell)
==1060174==    by 0x4013CD: main (in /home/imeulema/cursus/clean_minishell/minishell)
==1060174== 
==1060174== Syscall param access(pathname) points to unaddressable byte(s)
==1060174==    at 0x49DC9BB: access (access.c:27)
==1060174==    by 0x4079B0: get_cmd_path (in /home/imeulema/cursus/clean_minishell/minishell)
==1060174==    by 0x4016EF: run_cmd (in /home/imeulema/cursus/clean_minishell/minishell)
==1060174==    by 0x401582: exec_ast (in /home/imeulema/cursus/clean_minishell/minishell)
==1060174==    by 0x4014B5: process_command (in /home/imeulema/cursus/clean_minishell/minishell)
==1060174==    by 0x4013CD: main (in /home/imeulema/cursus/clean_minishell/minishell)
==1060174==  Address 0x0 is not stack'd, malloc'd or (recently) free'd
==1060174== 
==1060174== Syscall param access(pathname) points to unaddressable byte(s)
==1060174==    at 0x49DC9BB: access (access.c:27)
==1060174==    by 0x407A3A: get_cmd_path (in /home/imeulema/cursus/clean_minishell/minishell)
==1060174==    by 0x4016EF: run_cmd (in /home/imeulema/cursus/clean_minishell/minishell)
==1060174==    by 0x401582: exec_ast (in /home/imeulema/cursus/clean_minishell/minishell)
==1060174==    by 0x4014B5: process_command (in /home/imeulema/cursus/clean_minishell/minishell)
==1060174==    by 0x4013CD: main (in /home/imeulema/cursus/clean_minishell/minishell)
==1060174==  Address 0x0 is not stack'd, malloc'd or (recently) free'd
==1060174== 
==1060183== Conditional jump or move depends on uninitialised value(s)
==1060183==    at 0x4056CE: unlink_heredoc (in /home/imeulema/cursus/clean_minishell/minishell)
==1060183==    by 0x405BE1: close_all_redirs (in /home/imeulema/cursus/clean_minishell/minishell)
==1060183==    by 0x40DFF4: clean_ast (in /home/imeulema/cursus/clean_minishell/minishell)
==1060183==    by 0x40E165: cleanup (in /home/imeulema/cursus/clean_minishell/minishell)
==1060183==    by 0x40E18B: clean_exit (in /home/imeulema/cursus/clean_minishell/minishell)
==1060183==    by 0x4018D1: run_child_process (in /home/imeulema/cursus/clean_minishell/minishell)
==1060183==    by 0x401721: run_cmd (in /home/imeulema/cursus/clean_minishell/minishell)
==1060183==    by 0x401582: exec_ast (in /home/imeulema/cursus/clean_minishell/minishell)
==1060183==    by 0x4014B5: process_command (in /home/imeulema/cursus/clean_minishell/minishell)
==1060183==    by 0x4013CD: main (in /home/imeulema/cursus/clean_minishell/minishell)
==1060183==  Uninitialised value was created by a heap allocation
==1060183==    at 0x4848899: malloc (in /usr/libexec/valgrind/vgpreload_memcheck-amd64-linux.so)
==1060183==    by 0x409C31: extract_redirs (in /home/imeulema/cursus/clean_minishell/minishell)
==1060183==    by 0x4089A9: parse_command (in /home/imeulema/cursus/clean_minishell/minishell)
==1060183==    by 0x408439: create_subshell (in /home/imeulema/cursus/clean_minishell/minishell)
==1060183==    by 0x40838D: parse_command_line (in /home/imeulema/cursus/clean_minishell/minishell)
==1060183==    by 0x408483: create_ast (in /home/imeulema/cursus/clean_minishell/minishell)
==1060183==    by 0x4081F8: parse (in /home/imeulema/cursus/clean_minishell/minishell)
==1060183==    by 0x40149D: process_command (in /home/imeulema/cursus/clean_minishell/minishell)
==1060183==    by 0x4013CD: main (in /home/imeulema/cursus/clean_minishell/minishell)
==1060183== 
==1060183== Conditional jump or move depends on uninitialised value(s)
==1060183==    at 0x40E022: clean_ast (in /home/imeulema/cursus/clean_minishell/minishell)
==1060183==    by 0x40E165: cleanup (in /home/imeulema/cursus/clean_minishell/minishell)
==1060183==    by 0x40E18B: clean_exit (in /home/imeulema/cursus/clean_minishell/minishell)
==1060183==    by 0x4018D1: run_child_process (in /home/imeulema/cursus/clean_minishell/minishell)
==1060183==    by 0x401721: run_cmd (in /home/imeulema/cursus/clean_minishell/minishell)
==1060183==    by 0x401582: exec_ast (in /home/imeulema/cursus/clean_minishell/minishell)
==1060183==    by 0x4014B5: process_command (in /home/imeulema/cursus/clean_minishell/minishell)
==1060183==    by 0x4013CD: main (in /home/imeulema/cursus/clean_minishell/minishell)
==1060183==  Uninitialised value was created by a heap allocation
==1060183==    at 0x4848899: malloc (in /usr/libexec/valgrind/vgpreload_memcheck-amd64-linux.so)
==1060183==    by 0x409C31: extract_redirs (in /home/imeulema/cursus/clean_minishell/minishell)
==1060183==    by 0x4089A9: parse_command (in /home/imeulema/cursus/clean_minishell/minishell)
==1060183==    by 0x408439: create_subshell (in /home/imeulema/cursus/clean_minishell/minishell)
==1060183==    by 0x40838D: parse_command_line (in /home/imeulema/cursus/clean_minishell/minishell)
==1060183==    by 0x408483: create_ast (in /home/imeulema/cursus/clean_minishell/minishell)
==1060183==    by 0x4081F8: parse (in /home/imeulema/cursus/clean_minishell/minishell)
==1060183==    by 0x40149D: process_command (in /home/imeulema/cursus/clean_minishell/minishell)
==1060183==    by 0x4013CD: main (in /home/imeulema/cursus/clean_minishell/minishell)
==1060183== 
==1060183== 
==1060183== FILE DESCRIPTORS: 6 open (3 std) at exit.
==1060183== Open file descriptor 103: /usr/share/code/v8_context_snapshot.bin
==1060183==    <inherited from parent>
==1060183== 
==1060183== Open file descriptor 41: /home/imeulema/.config/Code/logs/20251010T135525/ptyhost.log
==1060183==    <inherited from parent>
==1060183== 
==1060183== Open file descriptor 3: /home/imeulema/cursus/clean_minishell/logs/redirs.log
==1060183==    <inherited from parent>
==1060183== 
==1060183== 
==1060183== HEAP SUMMARY:
==1060183==     in use at exit: 208,737 bytes in 255 blocks
==1060183==   total heap usage: 850 allocs, 595 frees, 241,027 bytes allocated
==1060183== 
==1060183== Searching for pointers to 255 not-freed blocks
==1060183== Checked 249,712 bytes
==1060183== 
==1060183== LEAK SUMMARY:
==1060183==    definitely lost: 0 bytes in 0 blocks
==1060183==    indirectly lost: 0 bytes in 0 blocks
==1060183==      possibly lost: 0 bytes in 0 blocks
==1060183==    still reachable: 0 bytes in 0 blocks
==1060183==         suppressed: 208,737 bytes in 255 blocks
==1060183== 
==1060183== ERROR SUMMARY: 74 errors from 12 contexts (suppressed: 0 from 0)
==1060183== 
==1060183== 1 errors in context 1 of 12:
==1060183== Conditional jump or move depends on uninitialised value(s)
==1060183==    at 0x40E022: clean_ast (in /home/imeulema/cursus/clean_minishell/minishell)
==1060183==    by 0x40E165: cleanup (in /home/imeulema/cursus/clean_minishell/minishell)
==1060183==    by 0x40E18B: clean_exit (in /home/imeulema/cursus/clean_minishell/minishell)
==1060183==    by 0x4018D1: run_child_process (in /home/imeulema/cursus/clean_minishell/minishell)
==1060183==    by 0x401721: run_cmd (in /home/imeulema/cursus/clean_minishell/minishell)
==1060183==    by 0x401582: exec_ast (in /home/imeulema/cursus/clean_minishell/minishell)
==1060183==    by 0x4014B5: process_command (in /home/imeulema/cursus/clean_minishell/minishell)
==1060183==    by 0x4013CD: main (in /home/imeulema/cursus/clean_minishell/minishell)
==1060183==  Uninitialised value was created by a heap allocation
==1060183==    at 0x4848899: malloc (in /usr/libexec/valgrind/vgpreload_memcheck-amd64-linux.so)
==1060183==    by 0x409C31: extract_redirs (in /home/imeulema/cursus/clean_minishell/minishell)
==1060183==    by 0x4089A9: parse_command (in /home/imeulema/cursus/clean_minishell/minishell)
==1060183==    by 0x408439: create_subshell (in /home/imeulema/cursus/clean_minishell/minishell)
==1060183==    by 0x40838D: parse_command_line (in /home/imeulema/cursus/clean_minishell/minishell)
==1060183==    by 0x408483: create_ast (in /home/imeulema/cursus/clean_minishell/minishell)
==1060183==    by 0x4081F8: parse (in /home/imeulema/cursus/clean_minishell/minishell)
==1060183==    by 0x40149D: process_command (in /home/imeulema/cursus/clean_minishell/minishell)
==1060183==    by 0x4013CD: main (in /home/imeulema/cursus/clean_minishell/minishell)
==1060183== 
==1060183== 
==1060183== 1 errors in context 2 of 12:
==1060183== Conditional jump or move depends on uninitialised value(s)
==1060183==    at 0x4056CE: unlink_heredoc (in /home/imeulema/cursus/clean_minishell/minishell)
==1060183==    by 0x405BE1: close_all_redirs (in /home/imeulema/cursus/clean_minishell/minishell)
==1060183==    by 0x40DFF4: clean_ast (in /home/imeulema/cursus/clean_minishell/minishell)
==1060183==    by 0x40E165: cleanup (in /home/imeulema/cursus/clean_minishell/minishell)
==1060183==    by 0x40E18B: clean_exit (in /home/imeulema/cursus/clean_minishell/minishell)
==1060183==    by 0x4018D1: run_child_process (in /home/imeulema/cursus/clean_minishell/minishell)
==1060183==    by 0x401721: run_cmd (in /home/imeulema/cursus/clean_minishell/minishell)
==1060183==    by 0x401582: exec_ast (in /home/imeulema/cursus/clean_minishell/minishell)
==1060183==    by 0x4014B5: process_command (in /home/imeulema/cursus/clean_minishell/minishell)
==1060183==    by 0x4013CD: main (in /home/imeulema/cursus/clean_minishell/minishell)
==1060183==  Uninitialised value was created by a heap allocation
==1060183==    at 0x4848899: malloc (in /usr/libexec/valgrind/vgpreload_memcheck-amd64-linux.so)
==1060183==    by 0x409C31: extract_redirs (in /home/imeulema/cursus/clean_minishell/minishell)
==1060183==    by 0x4089A9: parse_command (in /home/imeulema/cursus/clean_minishell/minishell)
==1060183==    by 0x408439: create_subshell (in /home/imeulema/cursus/clean_minishell/minishell)
==1060183==    by 0x40838D: parse_command_line (in /home/imeulema/cursus/clean_minishell/minishell)
==1060183==    by 0x408483: create_ast (in /home/imeulema/cursus/clean_minishell/minishell)
==1060183==    by 0x4081F8: parse (in /home/imeulema/cursus/clean_minishell/minishell)
==1060183==    by 0x40149D: process_command (in /home/imeulema/cursus/clean_minishell/minishell)
==1060183==    by 0x4013CD: main (in /home/imeulema/cursus/clean_minishell/minishell)
==1060183== 
==1060183== 
==1060183== 1 errors in context 3 of 12:
==1060183== Syscall param access(pathname) points to unaddressable byte(s)
==1060183==    at 0x49DC9BB: access (access.c:27)
==1060183==    by 0x4079B0: get_cmd_path (in /home/imeulema/cursus/clean_minishell/minishell)
==1060183==    by 0x4016EF: run_cmd (in /home/imeulema/cursus/clean_minishell/minishell)
==1060183==    by 0x401582: exec_ast (in /home/imeulema/cursus/clean_minishell/minishell)
==1060183==    by 0x4014B5: process_command (in /home/imeulema/cursus/clean_minishell/minishell)
==1060183==    by 0x4013CD: main (in /home/imeulema/cursus/clean_minishell/minishell)
==1060183==  Address 0x0 is not stack'd, malloc'd or (recently) free'd
==1060183== 
==1060183== 
==1060183== 2 errors in context 4 of 12:
==1060183== Conditional jump or move depends on uninitialised value(s)
==1060183==    at 0x4056CE: unlink_heredoc (in /home/imeulema/cursus/clean_minishell/minishell)
==1060183==    by 0x405BE1: close_all_redirs (in /home/imeulema/cursus/clean_minishell/minishell)
==1060183==    by 0x401CCA: echo (in /home/imeulema/cursus/clean_minishell/minishell)
==1060183==    by 0x401A35: exec_builtin (in /home/imeulema/cursus/clean_minishell/minishell)
==1060183==    by 0x40169D: run_cmd (in /home/imeulema/cursus/clean_minishell/minishell)
==1060183==    by 0x401582: exec_ast (in /home/imeulema/cursus/clean_minishell/minishell)
==1060183==    by 0x4014B5: process_command (in /home/imeulema/cursus/clean_minishell/minishell)
==1060183==    by 0x4013CD: main (in /home/imeulema/cursus/clean_minishell/minishell)
==1060183==  Uninitialised value was created by a heap allocation
==1060183==    at 0x4848899: malloc (in /usr/libexec/valgrind/vgpreload_memcheck-amd64-linux.so)
==1060183==    by 0x409C31: extract_redirs (in /home/imeulema/cursus/clean_minishell/minishell)
==1060183==    by 0x4089A9: parse_command (in /home/imeulema/cursus/clean_minishell/minishell)
==1060183==    by 0x408439: create_subshell (in /home/imeulema/cursus/clean_minishell/minishell)
==1060183==    by 0x40838D: parse_command_line (in /home/imeulema/cursus/clean_minishell/minishell)
==1060183==    by 0x408483: create_ast (in /home/imeulema/cursus/clean_minishell/minishell)
==1060183==    by 0x4081F8: parse (in /home/imeulema/cursus/clean_minishell/minishell)
==1060183==    by 0x40149D: process_command (in /home/imeulema/cursus/clean_minishell/minishell)
==1060183==    by 0x4013CD: main (in /home/imeulema/cursus/clean_minishell/minishell)
==1060183== 
==1060183== 
==1060183== 2 errors in context 5 of 12:
==1060183== Conditional jump or move depends on uninitialised value(s)
==1060183==    at 0x406079: make_redirs (in /home/imeulema/cursus/clean_minishell/minishell)
==1060183==    by 0x401BD1: echo (in /home/imeulema/cursus/clean_minishell/minishell)
==1060183==    by 0x401A35: exec_builtin (in /home/imeulema/cursus/clean_minishell/minishell)
==1060183==    by 0x40169D: run_cmd (in /home/imeulema/cursus/clean_minishell/minishell)
==1060183==    by 0x401582: exec_ast (in /home/imeulema/cursus/clean_minishell/minishell)
==1060183==    by 0x4014B5: process_command (in /home/imeulema/cursus/clean_minishell/minishell)
==1060183==    by 0x4013CD: main (in /home/imeulema/cursus/clean_minishell/minishell)
==1060183==  Uninitialised value was created by a heap allocation
==1060183==    at 0x4848899: malloc (in /usr/libexec/valgrind/vgpreload_memcheck-amd64-linux.so)
==1060183==    by 0x409C31: extract_redirs (in /home/imeulema/cursus/clean_minishell/minishell)
==1060183==    by 0x4089A9: parse_command (in /home/imeulema/cursus/clean_minishell/minishell)
==1060183==    by 0x408439: create_subshell (in /home/imeulema/cursus/clean_minishell/minishell)
==1060183==    by 0x40838D: parse_command_line (in /home/imeulema/cursus/clean_minishell/minishell)
==1060183==    by 0x408483: create_ast (in /home/imeulema/cursus/clean_minishell/minishell)
==1060183==    by 0x4081F8: parse (in /home/imeulema/cursus/clean_minishell/minishell)
==1060183==    by 0x40149D: process_command (in /home/imeulema/cursus/clean_minishell/minishell)
==1060183==    by 0x4013CD: main (in /home/imeulema/cursus/clean_minishell/minishell)
==1060183== 
==1060183== 
==1060183== 3 errors in context 6 of 12:
==1060183== Conditional jump or move depends on uninitialised value(s)
==1060183==    at 0x4056CE: unlink_heredoc (in /home/imeulema/cursus/clean_minishell/minishell)
==1060183==    by 0x40174A: run_cmd (in /home/imeulema/cursus/clean_minishell/minishell)
==1060183==    by 0x401582: exec_ast (in /home/imeulema/cursus/clean_minishell/minishell)
==1060183==    by 0x4014B5: process_command (in /home/imeulema/cursus/clean_minishell/minishell)
==1060183==    by 0x4013CD: main (in /home/imeulema/cursus/clean_minishell/minishell)
==1060183==  Uninitialised value was created by a heap allocation
==1060183==    at 0x4848899: malloc (in /usr/libexec/valgrind/vgpreload_memcheck-amd64-linux.so)
==1060183==    by 0x409C31: extract_redirs (in /home/imeulema/cursus/clean_minishell/minishell)
==1060183==    by 0x4089A9: parse_command (in /home/imeulema/cursus/clean_minishell/minishell)
==1060183==    by 0x408439: create_subshell (in /home/imeulema/cursus/clean_minishell/minishell)
==1060183==    by 0x40838D: parse_command_line (in /home/imeulema/cursus/clean_minishell/minishell)
==1060183==    by 0x408483: create_ast (in /home/imeulema/cursus/clean_minishell/minishell)
==1060183==    by 0x4081F8: parse (in /home/imeulema/cursus/clean_minishell/minishell)
==1060183==    by 0x40149D: process_command (in /home/imeulema/cursus/clean_minishell/minishell)
==1060183==    by 0x4013CD: main (in /home/imeulema/cursus/clean_minishell/minishell)
==1060183== 
==1060183== 
==1060183== 4 errors in context 7 of 12:
==1060183== Conditional jump or move depends on uninitialised value(s)
==1060183==    at 0x406079: make_redirs (in /home/imeulema/cursus/clean_minishell/minishell)
==1060183==    by 0x4016AE: run_cmd (in /home/imeulema/cursus/clean_minishell/minishell)
==1060183==    by 0x401582: exec_ast (in /home/imeulema/cursus/clean_minishell/minishell)
==1060183==    by 0x4014B5: process_command (in /home/imeulema/cursus/clean_minishell/minishell)
==1060183==    by 0x4013CD: main (in /home/imeulema/cursus/clean_minishell/minishell)
==1060183==  Uninitialised value was created by a heap allocation
==1060183==    at 0x4848899: malloc (in /usr/libexec/valgrind/vgpreload_memcheck-amd64-linux.so)
==1060183==    by 0x409C31: extract_redirs (in /home/imeulema/cursus/clean_minishell/minishell)
==1060183==    by 0x4089A9: parse_command (in /home/imeulema/cursus/clean_minishell/minishell)
==1060183==    by 0x408439: create_subshell (in /home/imeulema/cursus/clean_minishell/minishell)
==1060183==    by 0x40838D: parse_command_line (in /home/imeulema/cursus/clean_minishell/minishell)
==1060183==    by 0x408483: create_ast (in /home/imeulema/cursus/clean_minishell/minishell)
==1060183==    by 0x4081F8: parse (in /home/imeulema/cursus/clean_minishell/minishell)
==1060183==    by 0x40149D: process_command (in /home/imeulema/cursus/clean_minishell/minishell)
==1060183==    by 0x4013CD: main (in /home/imeulema/cursus/clean_minishell/minishell)
==1060183== 
==1060183== 
==1060183== 5 errors in context 8 of 12:
==1060183== Conditional jump or move depends on uninitialised value(s)
==1060183==    at 0x40E022: clean_ast (in /home/imeulema/cursus/clean_minishell/minishell)
==1060183==    by 0x4014C7: process_command (in /home/imeulema/cursus/clean_minishell/minishell)
==1060183==    by 0x4013CD: main (in /home/imeulema/cursus/clean_minishell/minishell)
==1060183==  Uninitialised value was created by a heap allocation
==1060183==    at 0x4848899: malloc (in /usr/libexec/valgrind/vgpreload_memcheck-amd64-linux.so)
==1060183==    by 0x409C31: extract_redirs (in /home/imeulema/cursus/clean_minishell/minishell)
==1060183==    by 0x4089A9: parse_command (in /home/imeulema/cursus/clean_minishell/minishell)
==1060183==    by 0x408439: create_subshell (in /home/imeulema/cursus/clean_minishell/minishell)
==1060183==    by 0x40838D: parse_command_line (in /home/imeulema/cursus/clean_minishell/minishell)
==1060183==    by 0x408483: create_ast (in /home/imeulema/cursus/clean_minishell/minishell)
==1060183==    by 0x4081F8: parse (in /home/imeulema/cursus/clean_minishell/minishell)
==1060183==    by 0x40149D: process_command (in /home/imeulema/cursus/clean_minishell/minishell)
==1060183==    by 0x4013CD: main (in /home/imeulema/cursus/clean_minishell/minishell)
==1060183== 
==1060183== 
==1060183== 5 errors in context 9 of 12:
==1060183== Conditional jump or move depends on uninitialised value(s)
==1060183==    at 0x4056CE: unlink_heredoc (in /home/imeulema/cursus/clean_minishell/minishell)
==1060183==    by 0x405BE1: close_all_redirs (in /home/imeulema/cursus/clean_minishell/minishell)
==1060183==    by 0x40DFF4: clean_ast (in /home/imeulema/cursus/clean_minishell/minishell)
==1060183==    by 0x4014C7: process_command (in /home/imeulema/cursus/clean_minishell/minishell)
==1060183==    by 0x4013CD: main (in /home/imeulema/cursus/clean_minishell/minishell)
==1060183==  Uninitialised value was created by a heap allocation
==1060183==    at 0x4848899: malloc (in /usr/libexec/valgrind/vgpreload_memcheck-amd64-linux.so)
==1060183==    by 0x409C31: extract_redirs (in /home/imeulema/cursus/clean_minishell/minishell)
==1060183==    by 0x4089A9: parse_command (in /home/imeulema/cursus/clean_minishell/minishell)
==1060183==    by 0x408439: create_subshell (in /home/imeulema/cursus/clean_minishell/minishell)
==1060183==    by 0x40838D: parse_command_line (in /home/imeulema/cursus/clean_minishell/minishell)
==1060183==    by 0x408483: create_ast (in /home/imeulema/cursus/clean_minishell/minishell)
==1060183==    by 0x4081F8: parse (in /home/imeulema/cursus/clean_minishell/minishell)
==1060183==    by 0x40149D: process_command (in /home/imeulema/cursus/clean_minishell/minishell)
==1060183==    by 0x4013CD: main (in /home/imeulema/cursus/clean_minishell/minishell)
==1060183== 
==1060183== 
==1060183== 6 errors in context 10 of 12:
==1060183== Conditional jump or move depends on uninitialised value(s)
==1060183==    at 0x408504: set_root_node (in /home/imeulema/cursus/clean_minishell/minishell)
==1060183==    by 0x408494: create_ast (in /home/imeulema/cursus/clean_minishell/minishell)
==1060183==    by 0x4081F8: parse (in /home/imeulema/cursus/clean_minishell/minishell)
==1060183==    by 0x40149D: process_command (in /home/imeulema/cursus/clean_minishell/minishell)
==1060183==    by 0x4013CD: main (in /home/imeulema/cursus/clean_minishell/minishell)
==1060183==  Uninitialised value was created by a heap allocation
==1060183==    at 0x4848899: malloc (in /usr/libexec/valgrind/vgpreload_memcheck-amd64-linux.so)
==1060183==    by 0x409C31: extract_redirs (in /home/imeulema/cursus/clean_minishell/minishell)
==1060183==    by 0x4089A9: parse_command (in /home/imeulema/cursus/clean_minishell/minishell)
==1060183==    by 0x408439: create_subshell (in /home/imeulema/cursus/clean_minishell/minishell)
==1060183==    by 0x40838D: parse_command_line (in /home/imeulema/cursus/clean_minishell/minishell)
==1060183==    by 0x408483: create_ast (in /home/imeulema/cursus/clean_minishell/minishell)
==1060183==    by 0x4081F8: parse (in /home/imeulema/cursus/clean_minishell/minishell)
==1060183==    by 0x40149D: process_command (in /home/imeulema/cursus/clean_minishell/minishell)
==1060183==    by 0x4013CD: main (in /home/imeulema/cursus/clean_minishell/minishell)
==1060183== 
==1060183== 
==1060183== 11 errors in context 11 of 12:
==1060183== Syscall param access(pathname) points to unaddressable byte(s)
==1060183==    at 0x49DC9BB: access (access.c:27)
==1060183==    by 0x407A3A: get_cmd_path (in /home/imeulema/cursus/clean_minishell/minishell)
==1060183==    by 0x4016EF: run_cmd (in /home/imeulema/cursus/clean_minishell/minishell)
==1060183==    by 0x401582: exec_ast (in /home/imeulema/cursus/clean_minishell/minishell)
==1060183==    by 0x4014B5: process_command (in /home/imeulema/cursus/clean_minishell/minishell)
==1060183==    by 0x4013CD: main (in /home/imeulema/cursus/clean_minishell/minishell)
==1060183==  Address 0x0 is not stack'd, malloc'd or (recently) free'd
==1060183== 
==1060183== 
==1060183== 33 errors in context 12 of 12:
==1060183== Conditional jump or move depends on uninitialised value(s)
==1060183==    at 0x40BCB4: check_paren_syntax (in /home/imeulema/cursus/clean_minishell/minishell)
==1060183==    by 0x40BAA1: check_parentheses (in /home/imeulema/cursus/clean_minishell/minishell)
==1060183==    by 0x40C1A1: valid_syntax (in /home/imeulema/cursus/clean_minishell/minishell)
==1060183==    by 0x4081BD: parse (in /home/imeulema/cursus/clean_minishell/minishell)
==1060183==    by 0x40149D: process_command (in /home/imeulema/cursus/clean_minishell/minishell)
==1060183==    by 0x4013CD: main (in /home/imeulema/cursus/clean_minishell/minishell)
==1060183==  Uninitialised value was created by a stack allocation
==1060183==    at 0x40BAD0: get_last_close (in /home/imeulema/cursus/clean_minishell/minishell)
==1060183== 
--1060183-- 
--1060183-- used_suppression:     62 ignore_readline_leaks ignore_readline_leaks.supp:3 suppressed: 204,147 bytes in 221 blocks
--1060183-- used_suppression:      4 ignore_rl_history_leaks ignore_readline_leaks.supp:10 suppressed: 4,590 bytes in 34 blocks
==1060183== 
==1060183== ERROR SUMMARY: 74 errors from 12 contexts (suppressed: 0 from 0)
==1060174== Conditional jump or move depends on uninitialised value(s)
==1060174==    at 0x4056CE: unlink_heredoc (in /home/imeulema/cursus/clean_minishell/minishell)
==1060174==    by 0x40672D: check_redirs (in /home/imeulema/cursus/clean_minishell/minishell)
==1060174==    by 0x406189: make_redirs (in /home/imeulema/cursus/clean_minishell/minishell)
==1060174==    by 0x4016AE: run_cmd (in /home/imeulema/cursus/clean_minishell/minishell)
==1060174==    by 0x401582: exec_ast (in /home/imeulema/cursus/clean_minishell/minishell)
==1060174==    by 0x4014B5: process_command (in /home/imeulema/cursus/clean_minishell/minishell)
==1060174==    by 0x4013CD: main (in /home/imeulema/cursus/clean_minishell/minishell)
==1060174==  Uninitialised value was created by a heap allocation
==1060174==    at 0x4848899: malloc (in /usr/libexec/valgrind/vgpreload_memcheck-amd64-linux.so)
==1060174==    by 0x409C31: extract_redirs (in /home/imeulema/cursus/clean_minishell/minishell)
==1060174==    by 0x4089A9: parse_command (in /home/imeulema/cursus/clean_minishell/minishell)
==1060174==    by 0x408439: create_subshell (in /home/imeulema/cursus/clean_minishell/minishell)
==1060174==    by 0x40838D: parse_command_line (in /home/imeulema/cursus/clean_minishell/minishell)
==1060174==    by 0x408483: create_ast (in /home/imeulema/cursus/clean_minishell/minishell)
==1060174==    by 0x4081F8: parse (in /home/imeulema/cursus/clean_minishell/minishell)
==1060174==    by 0x40149D: process_command (in /home/imeulema/cursus/clean_minishell/minishell)
==1060174==    by 0x4013CD: main (in /home/imeulema/cursus/clean_minishell/minishell)
==1060174== 
==1060174== Conditional jump or move depends on uninitialised value(s)
==1060174==    at 0x4056CE: unlink_heredoc (in /home/imeulema/cursus/clean_minishell/minishell)
==1060174==    by 0x40672D: check_redirs (in /home/imeulema/cursus/clean_minishell/minishell)
==1060174==    by 0x406189: make_redirs (in /home/imeulema/cursus/clean_minishell/minishell)
==1060174==    by 0x401BD1: echo (in /home/imeulema/cursus/clean_minishell/minishell)
==1060174==    by 0x401A35: exec_builtin (in /home/imeulema/cursus/clean_minishell/minishell)
==1060174==    by 0x40169D: run_cmd (in /home/imeulema/cursus/clean_minishell/minishell)
==1060174==    by 0x401582: exec_ast (in /home/imeulema/cursus/clean_minishell/minishell)
==1060174==    by 0x4014B5: process_command (in /home/imeulema/cursus/clean_minishell/minishell)
==1060174==    by 0x4013CD: main (in /home/imeulema/cursus/clean_minishell/minishell)
==1060174==  Uninitialised value was created by a heap allocation
==1060174==    at 0x4848899: malloc (in /usr/libexec/valgrind/vgpreload_memcheck-amd64-linux.so)
==1060174==    by 0x409C31: extract_redirs (in /home/imeulema/cursus/clean_minishell/minishell)
==1060174==    by 0x4089A9: parse_command (in /home/imeulema/cursus/clean_minishell/minishell)
==1060174==    by 0x408439: create_subshell (in /home/imeulema/cursus/clean_minishell/minishell)
==1060174==    by 0x40838D: parse_command_line (in /home/imeulema/cursus/clean_minishell/minishell)
==1060174==    by 0x408483: create_ast (in /home/imeulema/cursus/clean_minishell/minishell)
==1060174==    by 0x4081F8: parse (in /home/imeulema/cursus/clean_minishell/minishell)
==1060174==    by 0x40149D: process_command (in /home/imeulema/cursus/clean_minishell/minishell)
==1060174==    by 0x4013CD: main (in /home/imeulema/cursus/clean_minishell/minishell)
==1060174== 
==1060174== 
==1060174== FILE DESCRIPTORS: 6 open (3 std) at exit.
==1060174== Open file descriptor 103: /usr/share/code/v8_context_snapshot.bin
==1060174==    <inherited from parent>
==1060174== 
==1060174== Open file descriptor 41: /home/imeulema/.config/Code/logs/20251010T135525/ptyhost.log
==1060174==    <inherited from parent>
==1060174== 
==1060174== Open file descriptor 3: /home/imeulema/cursus/clean_minishell/logs/redirs.log
==1060174==    <inherited from parent>
==1060174== 
==1060174== 
==1060174== HEAP SUMMARY:
==1060174==     in use at exit: 209,644 bytes in 306 blocks
==1060174==   total heap usage: 1,350 allocs, 1,044 frees, 254,480 bytes allocated
==1060174== 
==1060174== Searching for pointers to 306 not-freed blocks
==1060174== Checked 250,184 bytes
==1060174== 
==1060174== LEAK SUMMARY:
==1060174==    definitely lost: 0 bytes in 0 blocks
==1060174==    indirectly lost: 0 bytes in 0 blocks
==1060174==      possibly lost: 0 bytes in 0 blocks
==1060174==    still reachable: 0 bytes in 0 blocks
==1060174==         suppressed: 209,644 bytes in 306 blocks
==1060174== 
==1060174== ERROR SUMMARY: 148 errors from 12 contexts (suppressed: 0 from 0)
==1060174== 
==1060174== 1 errors in context 1 of 12:
==1060174== Conditional jump or move depends on uninitialised value(s)
==1060174==    at 0x4056CE: unlink_heredoc (in /home/imeulema/cursus/clean_minishell/minishell)
==1060174==    by 0x40672D: check_redirs (in /home/imeulema/cursus/clean_minishell/minishell)
==1060174==    by 0x406189: make_redirs (in /home/imeulema/cursus/clean_minishell/minishell)
==1060174==    by 0x401BD1: echo (in /home/imeulema/cursus/clean_minishell/minishell)
==1060174==    by 0x401A35: exec_builtin (in /home/imeulema/cursus/clean_minishell/minishell)
==1060174==    by 0x40169D: run_cmd (in /home/imeulema/cursus/clean_minishell/minishell)
==1060174==    by 0x401582: exec_ast (in /home/imeulema/cursus/clean_minishell/minishell)
==1060174==    by 0x4014B5: process_command (in /home/imeulema/cursus/clean_minishell/minishell)
==1060174==    by 0x4013CD: main (in /home/imeulema/cursus/clean_minishell/minishell)
==1060174==  Uninitialised value was created by a heap allocation
==1060174==    at 0x4848899: malloc (in /usr/libexec/valgrind/vgpreload_memcheck-amd64-linux.so)
==1060174==    by 0x409C31: extract_redirs (in /home/imeulema/cursus/clean_minishell/minishell)
==1060174==    by 0x4089A9: parse_command (in /home/imeulema/cursus/clean_minishell/minishell)
==1060174==    by 0x408439: create_subshell (in /home/imeulema/cursus/clean_minishell/minishell)
==1060174==    by 0x40838D: parse_command_line (in /home/imeulema/cursus/clean_minishell/minishell)
==1060174==    by 0x408483: create_ast (in /home/imeulema/cursus/clean_minishell/minishell)
==1060174==    by 0x4081F8: parse (in /home/imeulema/cursus/clean_minishell/minishell)
==1060174==    by 0x40149D: process_command (in /home/imeulema/cursus/clean_minishell/minishell)
==1060174==    by 0x4013CD: main (in /home/imeulema/cursus/clean_minishell/minishell)
==1060174== 
==1060174== 
==1060174== 1 errors in context 2 of 12:
==1060174== Conditional jump or move depends on uninitialised value(s)
==1060174==    at 0x4056CE: unlink_heredoc (in /home/imeulema/cursus/clean_minishell/minishell)
==1060174==    by 0x40672D: check_redirs (in /home/imeulema/cursus/clean_minishell/minishell)
==1060174==    by 0x406189: make_redirs (in /home/imeulema/cursus/clean_minishell/minishell)
==1060174==    by 0x4016AE: run_cmd (in /home/imeulema/cursus/clean_minishell/minishell)
==1060174==    by 0x401582: exec_ast (in /home/imeulema/cursus/clean_minishell/minishell)
==1060174==    by 0x4014B5: process_command (in /home/imeulema/cursus/clean_minishell/minishell)
==1060174==    by 0x4013CD: main (in /home/imeulema/cursus/clean_minishell/minishell)
==1060174==  Uninitialised value was created by a heap allocation
==1060174==    at 0x4848899: malloc (in /usr/libexec/valgrind/vgpreload_memcheck-amd64-linux.so)
==1060174==    by 0x409C31: extract_redirs (in /home/imeulema/cursus/clean_minishell/minishell)
==1060174==    by 0x4089A9: parse_command (in /home/imeulema/cursus/clean_minishell/minishell)
==1060174==    by 0x408439: create_subshell (in /home/imeulema/cursus/clean_minishell/minishell)
==1060174==    by 0x40838D: parse_command_line (in /home/imeulema/cursus/clean_minishell/minishell)
==1060174==    by 0x408483: create_ast (in /home/imeulema/cursus/clean_minishell/minishell)
==1060174==    by 0x4081F8: parse (in /home/imeulema/cursus/clean_minishell/minishell)
==1060174==    by 0x40149D: process_command (in /home/imeulema/cursus/clean_minishell/minishell)
==1060174==    by 0x4013CD: main (in /home/imeulema/cursus/clean_minishell/minishell)
==1060174== 
==1060174== 
==1060174== 1 errors in context 3 of 12:
==1060174== Syscall param access(pathname) points to unaddressable byte(s)
==1060174==    at 0x49DC9BB: access (access.c:27)
==1060174==    by 0x4079B0: get_cmd_path (in /home/imeulema/cursus/clean_minishell/minishell)
==1060174==    by 0x4016EF: run_cmd (in /home/imeulema/cursus/clean_minishell/minishell)
==1060174==    by 0x401582: exec_ast (in /home/imeulema/cursus/clean_minishell/minishell)
==1060174==    by 0x4014B5: process_command (in /home/imeulema/cursus/clean_minishell/minishell)
==1060174==    by 0x4013CD: main (in /home/imeulema/cursus/clean_minishell/minishell)
==1060174==  Address 0x0 is not stack'd, malloc'd or (recently) free'd
==1060174== 
==1060174== 
==1060174== 3 errors in context 4 of 12:
==1060174== Conditional jump or move depends on uninitialised value(s)
==1060174==    at 0x4056CE: unlink_heredoc (in /home/imeulema/cursus/clean_minishell/minishell)
==1060174==    by 0x405BE1: close_all_redirs (in /home/imeulema/cursus/clean_minishell/minishell)
==1060174==    by 0x401CCA: echo (in /home/imeulema/cursus/clean_minishell/minishell)
==1060174==    by 0x401A35: exec_builtin (in /home/imeulema/cursus/clean_minishell/minishell)
==1060174==    by 0x40169D: run_cmd (in /home/imeulema/cursus/clean_minishell/minishell)
==1060174==    by 0x401582: exec_ast (in /home/imeulema/cursus/clean_minishell/minishell)
==1060174==    by 0x4014B5: process_command (in /home/imeulema/cursus/clean_minishell/minishell)
==1060174==    by 0x4013CD: main (in /home/imeulema/cursus/clean_minishell/minishell)
==1060174==  Uninitialised value was created by a heap allocation
==1060174==    at 0x4848899: malloc (in /usr/libexec/valgrind/vgpreload_memcheck-amd64-linux.so)
==1060174==    by 0x409C31: extract_redirs (in /home/imeulema/cursus/clean_minishell/minishell)
==1060174==    by 0x4089A9: parse_command (in /home/imeulema/cursus/clean_minishell/minishell)
==1060174==    by 0x408439: create_subshell (in /home/imeulema/cursus/clean_minishell/minishell)
==1060174==    by 0x40838D: parse_command_line (in /home/imeulema/cursus/clean_minishell/minishell)
==1060174==    by 0x408483: create_ast (in /home/imeulema/cursus/clean_minishell/minishell)
==1060174==    by 0x4081F8: parse (in /home/imeulema/cursus/clean_minishell/minishell)
==1060174==    by 0x40149D: process_command (in /home/imeulema/cursus/clean_minishell/minishell)
==1060174==    by 0x4013CD: main (in /home/imeulema/cursus/clean_minishell/minishell)
==1060174== 
==1060174== 
==1060174== 3 errors in context 5 of 12:
==1060174== Conditional jump or move depends on uninitialised value(s)
==1060174==    at 0x406079: make_redirs (in /home/imeulema/cursus/clean_minishell/minishell)
==1060174==    by 0x401BD1: echo (in /home/imeulema/cursus/clean_minishell/minishell)
==1060174==    by 0x401A35: exec_builtin (in /home/imeulema/cursus/clean_minishell/minishell)
==1060174==    by 0x40169D: run_cmd (in /home/imeulema/cursus/clean_minishell/minishell)
==1060174==    by 0x401582: exec_ast (in /home/imeulema/cursus/clean_minishell/minishell)
==1060174==    by 0x4014B5: process_command (in /home/imeulema/cursus/clean_minishell/minishell)
==1060174==    by 0x4013CD: main (in /home/imeulema/cursus/clean_minishell/minishell)
==1060174==  Uninitialised value was created by a heap allocation
==1060174==    at 0x4848899: malloc (in /usr/libexec/valgrind/vgpreload_memcheck-amd64-linux.so)
==1060174==    by 0x409C31: extract_redirs (in /home/imeulema/cursus/clean_minishell/minishell)
==1060174==    by 0x4089A9: parse_command (in /home/imeulema/cursus/clean_minishell/minishell)
==1060174==    by 0x408439: create_subshell (in /home/imeulema/cursus/clean_minishell/minishell)
==1060174==    by 0x40838D: parse_command_line (in /home/imeulema/cursus/clean_minishell/minishell)
==1060174==    by 0x408483: create_ast (in /home/imeulema/cursus/clean_minishell/minishell)
==1060174==    by 0x4081F8: parse (in /home/imeulema/cursus/clean_minishell/minishell)
==1060174==    by 0x40149D: process_command (in /home/imeulema/cursus/clean_minishell/minishell)
==1060174==    by 0x4013CD: main (in /home/imeulema/cursus/clean_minishell/minishell)
==1060174== 
==1060174== 
==1060174== 7 errors in context 6 of 12:
==1060174== Conditional jump or move depends on uninitialised value(s)
==1060174==    at 0x4056CE: unlink_heredoc (in /home/imeulema/cursus/clean_minishell/minishell)
==1060174==    by 0x40174A: run_cmd (in /home/imeulema/cursus/clean_minishell/minishell)
==1060174==    by 0x401582: exec_ast (in /home/imeulema/cursus/clean_minishell/minishell)
==1060174==    by 0x4014B5: process_command (in /home/imeulema/cursus/clean_minishell/minishell)
==1060174==    by 0x4013CD: main (in /home/imeulema/cursus/clean_minishell/minishell)
==1060174==  Uninitialised value was created by a heap allocation
==1060174==    at 0x4848899: malloc (in /usr/libexec/valgrind/vgpreload_memcheck-amd64-linux.so)
==1060174==    by 0x409C31: extract_redirs (in /home/imeulema/cursus/clean_minishell/minishell)
==1060174==    by 0x4089A9: parse_command (in /home/imeulema/cursus/clean_minishell/minishell)
==1060174==    by 0x408439: create_subshell (in /home/imeulema/cursus/clean_minishell/minishell)
==1060174==    by 0x40838D: parse_command_line (in /home/imeulema/cursus/clean_minishell/minishell)
==1060174==    by 0x408483: create_ast (in /home/imeulema/cursus/clean_minishell/minishell)
==1060174==    by 0x4081F8: parse (in /home/imeulema/cursus/clean_minishell/minishell)
==1060174==    by 0x40149D: process_command (in /home/imeulema/cursus/clean_minishell/minishell)
==1060174==    by 0x4013CD: main (in /home/imeulema/cursus/clean_minishell/minishell)
==1060174== 
==1060174== 
==1060174== 7 errors in context 7 of 12:
==1060174== Conditional jump or move depends on uninitialised value(s)
==1060174==    at 0x406079: make_redirs (in /home/imeulema/cursus/clean_minishell/minishell)
==1060174==    by 0x4016AE: run_cmd (in /home/imeulema/cursus/clean_minishell/minishell)
==1060174==    by 0x401582: exec_ast (in /home/imeulema/cursus/clean_minishell/minishell)
==1060174==    by 0x4014B5: process_command (in /home/imeulema/cursus/clean_minishell/minishell)
==1060174==    by 0x4013CD: main (in /home/imeulema/cursus/clean_minishell/minishell)
==1060174==  Uninitialised value was created by a heap allocation
==1060174==    at 0x4848899: malloc (in /usr/libexec/valgrind/vgpreload_memcheck-amd64-linux.so)
==1060174==    by 0x409C31: extract_redirs (in /home/imeulema/cursus/clean_minishell/minishell)
==1060174==    by 0x4089A9: parse_command (in /home/imeulema/cursus/clean_minishell/minishell)
==1060174==    by 0x408439: create_subshell (in /home/imeulema/cursus/clean_minishell/minishell)
==1060174==    by 0x40838D: parse_command_line (in /home/imeulema/cursus/clean_minishell/minishell)
==1060174==    by 0x408483: create_ast (in /home/imeulema/cursus/clean_minishell/minishell)
==1060174==    by 0x4081F8: parse (in /home/imeulema/cursus/clean_minishell/minishell)
==1060174==    by 0x40149D: process_command (in /home/imeulema/cursus/clean_minishell/minishell)
==1060174==    by 0x4013CD: main (in /home/imeulema/cursus/clean_minishell/minishell)
==1060174== 
==1060174== 
==1060174== 11 errors in context 8 of 12:
==1060174== Syscall param access(pathname) points to unaddressable byte(s)
==1060174==    at 0x49DC9BB: access (access.c:27)
==1060174==    by 0x407A3A: get_cmd_path (in /home/imeulema/cursus/clean_minishell/minishell)
==1060174==    by 0x4016EF: run_cmd (in /home/imeulema/cursus/clean_minishell/minishell)
==1060174==    by 0x401582: exec_ast (in /home/imeulema/cursus/clean_minishell/minishell)
==1060174==    by 0x4014B5: process_command (in /home/imeulema/cursus/clean_minishell/minishell)
==1060174==    by 0x4013CD: main (in /home/imeulema/cursus/clean_minishell/minishell)
==1060174==  Address 0x0 is not stack'd, malloc'd or (recently) free'd
==1060174== 
==1060174== 
==1060174== 12 errors in context 9 of 12:
==1060174== Conditional jump or move depends on uninitialised value(s)
==1060174==    at 0x40E022: clean_ast (in /home/imeulema/cursus/clean_minishell/minishell)
==1060174==    by 0x4014C7: process_command (in /home/imeulema/cursus/clean_minishell/minishell)
==1060174==    by 0x4013CD: main (in /home/imeulema/cursus/clean_minishell/minishell)
==1060174==  Uninitialised value was created by a heap allocation
==1060174==    at 0x4848899: malloc (in /usr/libexec/valgrind/vgpreload_memcheck-amd64-linux.so)
==1060174==    by 0x409C31: extract_redirs (in /home/imeulema/cursus/clean_minishell/minishell)
==1060174==    by 0x4089A9: parse_command (in /home/imeulema/cursus/clean_minishell/minishell)
==1060174==    by 0x408439: create_subshell (in /home/imeulema/cursus/clean_minishell/minishell)
==1060174==    by 0x40838D: parse_command_line (in /home/imeulema/cursus/clean_minishell/minishell)
==1060174==    by 0x408483: create_ast (in /home/imeulema/cursus/clean_minishell/minishell)
==1060174==    by 0x4081F8: parse (in /home/imeulema/cursus/clean_minishell/minishell)
==1060174==    by 0x40149D: process_command (in /home/imeulema/cursus/clean_minishell/minishell)
==1060174==    by 0x4013CD: main (in /home/imeulema/cursus/clean_minishell/minishell)
==1060174== 
==1060174== 
==1060174== 12 errors in context 10 of 12:
==1060174== Conditional jump or move depends on uninitialised value(s)
==1060174==    at 0x4056CE: unlink_heredoc (in /home/imeulema/cursus/clean_minishell/minishell)
==1060174==    by 0x405BE1: close_all_redirs (in /home/imeulema/cursus/clean_minishell/minishell)
==1060174==    by 0x40DFF4: clean_ast (in /home/imeulema/cursus/clean_minishell/minishell)
==1060174==    by 0x4014C7: process_command (in /home/imeulema/cursus/clean_minishell/minishell)
==1060174==    by 0x4013CD: main (in /home/imeulema/cursus/clean_minishell/minishell)
==1060174==  Uninitialised value was created by a heap allocation
==1060174==    at 0x4848899: malloc (in /usr/libexec/valgrind/vgpreload_memcheck-amd64-linux.so)
==1060174==    by 0x409C31: extract_redirs (in /home/imeulema/cursus/clean_minishell/minishell)
==1060174==    by 0x4089A9: parse_command (in /home/imeulema/cursus/clean_minishell/minishell)
==1060174==    by 0x408439: create_subshell (in /home/imeulema/cursus/clean_minishell/minishell)
==1060174==    by 0x40838D: parse_command_line (in /home/imeulema/cursus/clean_minishell/minishell)
==1060174==    by 0x408483: create_ast (in /home/imeulema/cursus/clean_minishell/minishell)
==1060174==    by 0x4081F8: parse (in /home/imeulema/cursus/clean_minishell/minishell)
==1060174==    by 0x40149D: process_command (in /home/imeulema/cursus/clean_minishell/minishell)
==1060174==    by 0x4013CD: main (in /home/imeulema/cursus/clean_minishell/minishell)
==1060174== 
==1060174== 
==1060174== 12 errors in context 11 of 12:
==1060174== Conditional jump or move depends on uninitialised value(s)
==1060174==    at 0x408504: set_root_node (in /home/imeulema/cursus/clean_minishell/minishell)
==1060174==    by 0x408494: create_ast (in /home/imeulema/cursus/clean_minishell/minishell)
==1060174==    by 0x4081F8: parse (in /home/imeulema/cursus/clean_minishell/minishell)
==1060174==    by 0x40149D: process_command (in /home/imeulema/cursus/clean_minishell/minishell)
==1060174==    by 0x4013CD: main (in /home/imeulema/cursus/clean_minishell/minishell)
==1060174==  Uninitialised value was created by a heap allocation
==1060174==    at 0x4848899: malloc (in /usr/libexec/valgrind/vgpreload_memcheck-amd64-linux.so)
==1060174==    by 0x409C31: extract_redirs (in /home/imeulema/cursus/clean_minishell/minishell)
==1060174==    by 0x4089A9: parse_command (in /home/imeulema/cursus/clean_minishell/minishell)
==1060174==    by 0x408439: create_subshell (in /home/imeulema/cursus/clean_minishell/minishell)
==1060174==    by 0x40838D: parse_command_line (in /home/imeulema/cursus/clean_minishell/minishell)
==1060174==    by 0x408483: create_ast (in /home/imeulema/cursus/clean_minishell/minishell)
==1060174==    by 0x4081F8: parse (in /home/imeulema/cursus/clean_minishell/minishell)
==1060174==    by 0x40149D: process_command (in /home/imeulema/cursus/clean_minishell/minishell)
==1060174==    by 0x4013CD: main (in /home/imeulema/cursus/clean_minishell/minishell)
==1060174== 
==1060174== 
==1060174== 78 errors in context 12 of 12:
==1060174== Conditional jump or move depends on uninitialised value(s)
==1060174==    at 0x40BCB4: check_paren_syntax (in /home/imeulema/cursus/clean_minishell/minishell)
==1060174==    by 0x40BAA1: check_parentheses (in /home/imeulema/cursus/clean_minishell/minishell)
==1060174==    by 0x40C1A1: valid_syntax (in /home/imeulema/cursus/clean_minishell/minishell)
==1060174==    by 0x4081BD: parse (in /home/imeulema/cursus/clean_minishell/minishell)
==1060174==    by 0x40149D: process_command (in /home/imeulema/cursus/clean_minishell/minishell)
==1060174==    by 0x4013CD: main (in /home/imeulema/cursus/clean_minishell/minishell)
==1060174==  Uninitialised value was created by a stack allocation
==1060174==    at 0x40BAD0: get_last_close (in /home/imeulema/cursus/clean_minishell/minishell)
==1060174== 
--1060174-- 
--1060174-- used_suppression:     62 ignore_readline_leaks ignore_readline_leaks.supp:3 suppressed: 204,147 bytes in 221 blocks
--1060174-- used_suppression:      4 ignore_rl_history_leaks ignore_readline_leaks.supp:10 suppressed: 5,497 bytes in 85 blocks
==1060174== 
==1060174== ERROR SUMMARY: 148 errors from 12 contexts (suppressed: 0 from 0)
